[0.035s] Invoking command in '/home/nuc-bt/ros2_ws/src/drive/obstacle_detection/build/obstacle_msgs': CMAKE_PREFIX_PATH=${CMAKE_PREFIX_PATH}:/opt/ros/humble /usr/bin/cmake /home/nuc-bt/ros2_ws/src/drive/obstacle_detection/obstacle_msgs -DAMENT_CMAKE_SYMLINK_INSTALL=1 -DCMAKE_INSTALL_PREFIX=/home/nuc-bt/ros2_ws/src/drive/obstacle_detection/install/obstacle_msgs
[0.084s] -- The C compiler identification is GNU 11.4.0
[0.124s] -- The CXX compiler identification is GNU 11.4.0
[0.129s] -- Detecting C compiler ABI info
[0.179s] -- Detecting C compiler ABI info - done
[0.183s] -- Check for working C compiler: /usr/bin/cc - skipped
[0.184s] -- Detecting C compile features
[0.184s] -- Detecting C compile features - done
[0.186s] -- Detecting CXX compiler ABI info
[0.240s] -- Detecting CXX compiler ABI info - done
[0.245s] -- Check for working CXX compiler: /usr/bin/c++ - skipped
[0.245s] -- Detecting CXX compile features
[0.245s] -- Detecting CXX compile features - done
[0.248s] -- Found ament_cmake: 1.3.6 (/opt/ros/humble/share/ament_cmake/cmake)
[0.352s] -- Found Python3: /usr/bin/python3.10 (found version "3.10.12") found components: Interpreter 
[0.389s] -- Override CMake install command with custom implementation using symlinks instead of copying resources
[0.407s] -- Found rclcpp: 16.0.7 (/opt/ros/humble/share/rclcpp/cmake)
[0.435s] -- Found rosidl_generator_c: 3.1.5 (/opt/ros/humble/share/rosidl_generator_c/cmake)
[0.438s] -- Found rosidl_adapter: 3.1.5 (/opt/ros/humble/share/rosidl_adapter/cmake)
[0.443s] -- Found rosidl_generator_cpp: 3.1.5 (/opt/ros/humble/share/rosidl_generator_cpp/cmake)
[0.452s] -- Using all available rosidl_typesupport_c: rosidl_typesupport_fastrtps_c;rosidl_typesupport_introspection_c
[0.464s] -- Using all available rosidl_typesupport_cpp: rosidl_typesupport_fastrtps_cpp;rosidl_typesupport_introspection_cpp
[0.506s] -- Found rmw_implementation_cmake: 6.1.1 (/opt/ros/humble/share/rmw_implementation_cmake/cmake)
[0.508s] -- Found rmw_fastrtps_cpp: 6.2.5 (/opt/ros/humble/share/rmw_fastrtps_cpp/cmake)
[0.574s] -- Found OpenSSL: /usr/lib/x86_64-linux-gnu/libcrypto.so (found version "3.0.2")  
[0.592s] -- Found FastRTPS: /opt/ros/humble/include  
[0.621s] -- Using RMW implementation 'rmw_fastrtps_cpp' as default
[0.627s] -- Looking for pthread.h
[0.684s] -- Looking for pthread.h - found
[0.684s] -- Performing Test CMAKE_HAVE_LIBC_PTHREAD
[0.742s] -- Performing Test CMAKE_HAVE_LIBC_PTHREAD - Success
[0.743s] -- Found Threads: TRUE  
[0.842s] -- Found rosidl_default_generators: 1.2.0 (/opt/ros/humble/share/rosidl_default_generators/cmake)
[1.022s] -- Found ament_cmake_ros: 0.10.0 (/opt/ros/humble/share/ament_cmake_ros/cmake)
[1.250s] -- Using all available rosidl_typesupport_c: rosidl_typesupport_fastrtps_c;rosidl_typesupport_introspection_c
[1.339s] -- Using all available rosidl_typesupport_cpp: rosidl_typesupport_fastrtps_cpp;rosidl_typesupport_introspection_cpp
[1.354s] -- Found PythonInterp: /usr/bin/python3 (found suitable version "3.10.12", minimum required is "3.6") 
[1.364s] -- Found python_cmake_module: 0.10.0 (/opt/ros/humble/share/python_cmake_module/cmake)
[1.381s] -- Found PythonLibs: /usr/lib/x86_64-linux-gnu/libpython3.10.so (found suitable version "3.10.12", minimum required is "3.5") 
[1.381s] -- Using PYTHON_EXECUTABLE: /usr/bin/python3
[1.381s] -- Using PYTHON_INCLUDE_DIRS: /usr/include/python3.10
[1.381s] -- Using PYTHON_LIBRARIES: /usr/lib/x86_64-linux-gnu/libpython3.10.so
[1.394s] -- Found PythonExtra: .so  
[1.434s] -- Configuring done
[1.451s] -- Generating done
[1.453s] -- Build files have been written to: /home/nuc-bt/ros2_ws/src/drive/obstacle_detection/build/obstacle_msgs
[1.461s] Invoked command in '/home/nuc-bt/ros2_ws/src/drive/obstacle_detection/build/obstacle_msgs' returned '0': CMAKE_PREFIX_PATH=${CMAKE_PREFIX_PATH}:/opt/ros/humble /usr/bin/cmake /home/nuc-bt/ros2_ws/src/drive/obstacle_detection/obstacle_msgs -DAMENT_CMAKE_SYMLINK_INSTALL=1 -DCMAKE_INSTALL_PREFIX=/home/nuc-bt/ros2_ws/src/drive/obstacle_detection/install/obstacle_msgs
[1.462s] Invoking command in '/home/nuc-bt/ros2_ws/src/drive/obstacle_detection/build/obstacle_msgs': CMAKE_PREFIX_PATH=${CMAKE_PREFIX_PATH}:/opt/ros/humble /usr/bin/cmake --build /home/nuc-bt/ros2_ws/src/drive/obstacle_detection/build/obstacle_msgs -- -j8 -l8
[1.488s] [  2%] [34m[1mGenerating C code for ROS interfaces[0m
[1.495s] [  5%] [34m[1mGenerating C++ code for ROS interfaces[0m
[1.501s] [  5%] Built target ament_cmake_python_symlink_obstacle_msgs
[1.655s] running egg_info
[1.655s] creating obstacle_msgs.egg-info
[1.655s] writing obstacle_msgs.egg-info/PKG-INFO
[1.655s] writing dependency_links to obstacle_msgs.egg-info/dependency_links.txt
[1.655s] writing top-level names to obstacle_msgs.egg-info/top_level.txt
[1.656s] writing manifest file 'obstacle_msgs.egg-info/SOURCES.txt'
[1.657s] reading manifest file 'obstacle_msgs.egg-info/SOURCES.txt'
[1.657s] writing manifest file 'obstacle_msgs.egg-info/SOURCES.txt'
[1.676s] [  5%] Built target ament_cmake_python_build_obstacle_msgs_egg
[1.703s] [  5%] Built target obstacle_msgs__cpp
[1.711s] [ 12%] [32mBuilding C object CMakeFiles/obstacle_msgs__rosidl_generator_c.dir/rosidl_generator_c/obstacle_msgs/msg/detail/status__functions.c.o[0m
[1.711s] [ 12%] [34m[1mGenerating C++ type support for eProsima Fast-RTPS[0m
[1.711s] [ 12%] [32mBuilding C object CMakeFiles/obstacle_msgs__rosidl_generator_c.dir/rosidl_generator_c/obstacle_msgs/msg/detail/area__functions.c.o[0m
[1.712s] [ 15%] [34m[1mGenerating C++ type support dispatch for ROS interfaces[0m
[1.713s] [ 17%] [34m[1mGenerating C++ introspection for ROS interfaces[0m
[1.754s] [ 20%] [32m[1mLinking C shared library libobstacle_msgs__rosidl_generator_c.so[0m
[1.780s] [ 20%] Built target obstacle_msgs__rosidl_generator_c
[1.787s] [ 23%] [34m[1mGenerating C type support for eProsima Fast-RTPS[0m
[1.790s] [ 28%] [34m[1mGenerating C type support dispatch for ROS interfaces[0m
[1.790s] [ 28%] [34m[1mGenerating C introspection for ROS interfaces[0m
[1.887s] [ 30%] [32mBuilding CXX object CMakeFiles/obstacle_msgs__rosidl_typesupport_cpp.dir/rosidl_typesupport_cpp/obstacle_msgs/msg/status__type_support.cpp.o[0m
[1.887s] [ 33%] [32mBuilding CXX object CMakeFiles/obstacle_msgs__rosidl_typesupport_cpp.dir/rosidl_typesupport_cpp/obstacle_msgs/msg/area__type_support.cpp.o[0m
[1.924s] [ 38%] [32mBuilding CXX object CMakeFiles/obstacle_msgs__rosidl_typesupport_introspection_cpp.dir/rosidl_typesupport_introspection_cpp/obstacle_msgs/msg/detail/area__type_support.cpp.o[0m
[1.925s] [ 38%] [32mBuilding CXX object CMakeFiles/obstacle_msgs__rosidl_typesupport_introspection_cpp.dir/rosidl_typesupport_introspection_cpp/obstacle_msgs/msg/detail/status__type_support.cpp.o[0m
[2.027s] [ 41%] [32mBuilding CXX object CMakeFiles/obstacle_msgs__rosidl_typesupport_fastrtps_cpp.dir/rosidl_typesupport_fastrtps_cpp/obstacle_msgs/msg/detail/dds_fastrtps/status__type_support.cpp.o[0m
[2.093s] [ 43%] [32mBuilding CXX object CMakeFiles/obstacle_msgs__rosidl_typesupport_c.dir/rosidl_typesupport_c/obstacle_msgs/msg/status__type_support.cpp.o[0m
[2.132s] [ 46%] [32mBuilding CXX object CMakeFiles/obstacle_msgs__rosidl_typesupport_c.dir/rosidl_typesupport_c/obstacle_msgs/msg/area__type_support.cpp.o[0m
[2.137s] [ 48%] [32mBuilding C object CMakeFiles/obstacle_msgs__rosidl_typesupport_introspection_c.dir/rosidl_typesupport_introspection_c/obstacle_msgs/msg/detail/status__type_support.c.o[0m
[2.142s] [ 51%] [32mBuilding CXX object CMakeFiles/obstacle_msgs__rosidl_typesupport_fastrtps_c.dir/rosidl_typesupport_fastrtps_c/obstacle_msgs/msg/detail/status__type_support_c.cpp.o[0m
[2.159s] [ 53%] [32m[1mLinking CXX shared library libobstacle_msgs__rosidl_typesupport_cpp.so[0m
[2.161s] [ 56%] [32mBuilding CXX object CMakeFiles/obstacle_msgs__rosidl_typesupport_fastrtps_c.dir/rosidl_typesupport_fastrtps_c/obstacle_msgs/msg/detail/area__type_support_c.cpp.o[0m
[2.168s] [ 58%] [32m[1mLinking CXX shared library libobstacle_msgs__rosidl_typesupport_c.so[0m
[2.173s] [ 61%] [32mBuilding C object CMakeFiles/obstacle_msgs__rosidl_typesupport_introspection_c.dir/rosidl_typesupport_introspection_c/obstacle_msgs/msg/detail/area__type_support.c.o[0m
[2.208s] [ 64%] [32m[1mLinking C shared library libobstacle_msgs__rosidl_typesupport_introspection_c.so[0m
[2.208s] [ 64%] Built target obstacle_msgs__rosidl_typesupport_cpp
[2.210s] [ 64%] Built target obstacle_msgs__rosidl_typesupport_c
[2.217s] [ 66%] [32mBuilding CXX object CMakeFiles/obstacle_msgs__rosidl_typesupport_fastrtps_cpp.dir/rosidl_typesupport_fastrtps_cpp/obstacle_msgs/msg/detail/dds_fastrtps/area__type_support.cpp.o[0m
[2.238s] [ 66%] Built target obstacle_msgs__rosidl_typesupport_introspection_c
[2.313s] [ 69%] [32m[1mLinking CXX shared library libobstacle_msgs__rosidl_typesupport_introspection_cpp.so[0m
[2.343s] [ 69%] Built target obstacle_msgs__rosidl_typesupport_introspection_cpp
[2.472s] [ 71%] [32m[1mLinking CXX shared library libobstacle_msgs__rosidl_typesupport_fastrtps_c.so[0m
[2.521s] [ 71%] Built target obstacle_msgs__rosidl_typesupport_fastrtps_c
[2.531s] [ 74%] [32m[1mLinking CXX shared library libobstacle_msgs__rosidl_typesupport_fastrtps_cpp.so[0m
[2.577s] [ 74%] Built target obstacle_msgs__rosidl_typesupport_fastrtps_cpp
[2.590s] [ 74%] Built target obstacle_msgs
[2.604s] [ 76%] [34m[1mGenerating Python code for ROS interfaces[0m
[2.841s] [ 76%] Built target obstacle_msgs__py
[2.854s] [ 79%] [32mBuilding C object CMakeFiles/obstacle_msgs__rosidl_generator_py.dir/rosidl_generator_py/obstacle_msgs/msg/_status_s.c.o[0m
[2.854s] [ 82%] [32mBuilding C object CMakeFiles/obstacle_msgs__rosidl_generator_py.dir/rosidl_generator_py/obstacle_msgs/msg/_area_s.c.o[0m
[2.917s] [ 84%] [32m[1mLinking C shared library rosidl_generator_py/obstacle_msgs/libobstacle_msgs__rosidl_generator_py.so[0m
[2.942s] [ 84%] Built target obstacle_msgs__rosidl_generator_py
[2.957s] [ 92%] [32mBuilding C object CMakeFiles/obstacle_msgs__rosidl_typesupport_c__pyext.dir/rosidl_generator_py/obstacle_msgs/_obstacle_msgs_s.ep.rosidl_typesupport_c.c.o[0m
[2.957s] [ 92%] [32mBuilding C object CMakeFiles/obstacle_msgs__rosidl_typesupport_fastrtps_c__pyext.dir/rosidl_generator_py/obstacle_msgs/_obstacle_msgs_s.ep.rosidl_typesupport_fastrtps_c.c.o[0m
[2.957s] [ 92%] [32mBuilding C object CMakeFiles/obstacle_msgs__rosidl_typesupport_introspection_c__pyext.dir/rosidl_generator_py/obstacle_msgs/_obstacle_msgs_s.ep.rosidl_typesupport_introspection_c.c.o[0m
[3.023s] [100%] [32m[1mLinking C shared library rosidl_generator_py/obstacle_msgs/obstacle_msgs_s__rosidl_typesupport_introspection_c.cpython-310-x86_64-linux-gnu.so[0m
[3.023s] [100%] [32m[1mLinking C shared library rosidl_generator_py/obstacle_msgs/obstacle_msgs_s__rosidl_typesupport_c.cpython-310-x86_64-linux-gnu.so[0m
[3.024s] [100%] [32m[1mLinking C shared library rosidl_generator_py/obstacle_msgs/obstacle_msgs_s__rosidl_typesupport_fastrtps_c.cpython-310-x86_64-linux-gnu.so[0m
[3.050s] [100%] Built target obstacle_msgs__rosidl_typesupport_c__pyext
[3.050s] [100%] Built target obstacle_msgs__rosidl_typesupport_introspection_c__pyext
[3.050s] [100%] Built target obstacle_msgs__rosidl_typesupport_fastrtps_c__pyext
[3.058s] Invoked command in '/home/nuc-bt/ros2_ws/src/drive/obstacle_detection/build/obstacle_msgs' returned '0': CMAKE_PREFIX_PATH=${CMAKE_PREFIX_PATH}:/opt/ros/humble /usr/bin/cmake --build /home/nuc-bt/ros2_ws/src/drive/obstacle_detection/build/obstacle_msgs -- -j8 -l8
[3.141s] Invoking command in '/home/nuc-bt/ros2_ws/src/drive/obstacle_detection/build/obstacle_msgs': CMAKE_PREFIX_PATH=${CMAKE_PREFIX_PATH}:/opt/ros/humble /usr/bin/cmake --install /home/nuc-bt/ros2_ws/src/drive/obstacle_detection/build/obstacle_msgs
[3.148s] -- Install configuration: ""
[3.148s] -- Execute custom install script
[3.149s] -- Symlinking: /home/nuc-bt/ros2_ws/src/drive/obstacle_detection/install/obstacle_msgs/share/ament_index/resource_index/rosidl_interfaces/obstacle_msgs
[3.159s] -- Symlinking: /home/nuc-bt/ros2_ws/src/drive/obstacle_detection/install/obstacle_msgs/include/obstacle_msgs/obstacle_msgs/msg/area.h
[3.165s] -- Symlinking: /home/nuc-bt/ros2_ws/src/drive/obstacle_detection/install/obstacle_msgs/include/obstacle_msgs/obstacle_msgs/msg/detail/area__functions.h
[3.170s] -- Symlinking: /home/nuc-bt/ros2_ws/src/drive/obstacle_detection/install/obstacle_msgs/include/obstacle_msgs/obstacle_msgs/msg/detail/area__struct.h
[3.176s] -- Symlinking: /home/nuc-bt/ros2_ws/src/drive/obstacle_detection/install/obstacle_msgs/include/obstacle_msgs/obstacle_msgs/msg/detail/area__type_support.h
[3.182s] -- Symlinking: /home/nuc-bt/ros2_ws/src/drive/obstacle_detection/install/obstacle_msgs/include/obstacle_msgs/obstacle_msgs/msg/detail/status__functions.h
[3.187s] -- Symlinking: /home/nuc-bt/ros2_ws/src/drive/obstacle_detection/install/obstacle_msgs/include/obstacle_msgs/obstacle_msgs/msg/detail/status__struct.h
[3.193s] -- Symlinking: /home/nuc-bt/ros2_ws/src/drive/obstacle_detection/install/obstacle_msgs/include/obstacle_msgs/obstacle_msgs/msg/detail/status__type_support.h
[3.198s] -- Symlinking: /home/nuc-bt/ros2_ws/src/drive/obstacle_detection/install/obstacle_msgs/include/obstacle_msgs/obstacle_msgs/msg/rosidl_generator_c__visibility_control.h
[3.203s] -- Symlinking: /home/nuc-bt/ros2_ws/src/drive/obstacle_detection/install/obstacle_msgs/include/obstacle_msgs/obstacle_msgs/msg/status.h
[3.209s] -- Symlinking: /home/nuc-bt/ros2_ws/src/drive/obstacle_detection/install/obstacle_msgs/share/obstacle_msgs/environment/library_path.sh
[3.215s] -- Symlinking: /home/nuc-bt/ros2_ws/src/drive/obstacle_detection/install/obstacle_msgs/share/obstacle_msgs/environment/library_path.dsv
[3.221s] -- Symlinking: /home/nuc-bt/ros2_ws/src/drive/obstacle_detection/install/obstacle_msgs/include/obstacle_msgs/obstacle_msgs/msg/detail/area__rosidl_typesupport_fastrtps_c.h
[3.226s] -- Symlinking: /home/nuc-bt/ros2_ws/src/drive/obstacle_detection/install/obstacle_msgs/include/obstacle_msgs/obstacle_msgs/msg/detail/status__rosidl_typesupport_fastrtps_c.h
[3.232s] -- Symlinking: /home/nuc-bt/ros2_ws/src/drive/obstacle_detection/install/obstacle_msgs/include/obstacle_msgs/obstacle_msgs/msg/rosidl_typesupport_fastrtps_c__visibility_control.h
[3.237s] -- Symlinking: /home/nuc-bt/ros2_ws/src/drive/obstacle_detection/install/obstacle_msgs/include/obstacle_msgs/obstacle_msgs/msg/area.hpp
[3.243s] -- Symlinking: /home/nuc-bt/ros2_ws/src/drive/obstacle_detection/install/obstacle_msgs/include/obstacle_msgs/obstacle_msgs/msg/detail/area__builder.hpp
[3.248s] -- Symlinking: /home/nuc-bt/ros2_ws/src/drive/obstacle_detection/install/obstacle_msgs/include/obstacle_msgs/obstacle_msgs/msg/detail/area__struct.hpp
[3.253s] -- Symlinking: /home/nuc-bt/ros2_ws/src/drive/obstacle_detection/install/obstacle_msgs/include/obstacle_msgs/obstacle_msgs/msg/detail/area__traits.hpp
[3.259s] -- Symlinking: /home/nuc-bt/ros2_ws/src/drive/obstacle_detection/install/obstacle_msgs/include/obstacle_msgs/obstacle_msgs/msg/detail/status__builder.hpp
[3.265s] -- Symlinking: /home/nuc-bt/ros2_ws/src/drive/obstacle_detection/install/obstacle_msgs/include/obstacle_msgs/obstacle_msgs/msg/detail/status__struct.hpp
[3.270s] -- Symlinking: /home/nuc-bt/ros2_ws/src/drive/obstacle_detection/install/obstacle_msgs/include/obstacle_msgs/obstacle_msgs/msg/detail/status__traits.hpp
[3.276s] -- Symlinking: /home/nuc-bt/ros2_ws/src/drive/obstacle_detection/install/obstacle_msgs/include/obstacle_msgs/obstacle_msgs/msg/status.hpp
[3.281s] -- Symlinking: /home/nuc-bt/ros2_ws/src/drive/obstacle_detection/install/obstacle_msgs/include/obstacle_msgs/obstacle_msgs/msg/detail/area__rosidl_typesupport_fastrtps_cpp.hpp
[3.287s] -- Symlinking: /home/nuc-bt/ros2_ws/src/drive/obstacle_detection/install/obstacle_msgs/include/obstacle_msgs/obstacle_msgs/msg/detail/status__rosidl_typesupport_fastrtps_cpp.hpp
[3.292s] -- Symlinking: /home/nuc-bt/ros2_ws/src/drive/obstacle_detection/install/obstacle_msgs/include/obstacle_msgs/obstacle_msgs/msg/rosidl_typesupport_fastrtps_cpp__visibility_control.h
[3.298s] -- Symlinking: /home/nuc-bt/ros2_ws/src/drive/obstacle_detection/install/obstacle_msgs/include/obstacle_msgs/obstacle_msgs/msg/detail/area__rosidl_typesupport_introspection_c.h
[3.303s] -- Symlinking: /home/nuc-bt/ros2_ws/src/drive/obstacle_detection/install/obstacle_msgs/include/obstacle_msgs/obstacle_msgs/msg/detail/status__rosidl_typesupport_introspection_c.h
[3.309s] -- Symlinking: /home/nuc-bt/ros2_ws/src/drive/obstacle_detection/install/obstacle_msgs/include/obstacle_msgs/obstacle_msgs/msg/rosidl_typesupport_introspection_c__visibility_control.h
[3.314s] -- Symlinking: /home/nuc-bt/ros2_ws/src/drive/obstacle_detection/install/obstacle_msgs/include/obstacle_msgs/obstacle_msgs/msg/detail/area__rosidl_typesupport_introspection_cpp.hpp
[3.320s] -- Symlinking: /home/nuc-bt/ros2_ws/src/drive/obstacle_detection/install/obstacle_msgs/include/obstacle_msgs/obstacle_msgs/msg/detail/status__rosidl_typesupport_introspection_cpp.hpp
[3.325s] -- Symlinking: /home/nuc-bt/ros2_ws/src/drive/obstacle_detection/install/obstacle_msgs/share/obstacle_msgs/environment/pythonpath.sh
[3.331s] -- Symlinking: /home/nuc-bt/ros2_ws/src/drive/obstacle_detection/install/obstacle_msgs/share/obstacle_msgs/environment/pythonpath.dsv
[3.336s] -- Symlinking: /home/nuc-bt/ros2_ws/src/drive/obstacle_detection/install/obstacle_msgs/local/lib/python3.10/dist-packages/obstacle_msgs-0.0.0-py3.10.egg-info/PKG-INFO
[3.341s] -- Symlinking: /home/nuc-bt/ros2_ws/src/drive/obstacle_detection/install/obstacle_msgs/local/lib/python3.10/dist-packages/obstacle_msgs-0.0.0-py3.10.egg-info/SOURCES.txt
[3.347s] -- Symlinking: /home/nuc-bt/ros2_ws/src/drive/obstacle_detection/install/obstacle_msgs/local/lib/python3.10/dist-packages/obstacle_msgs-0.0.0-py3.10.egg-info/dependency_links.txt
[3.353s] -- Symlinking: /home/nuc-bt/ros2_ws/src/drive/obstacle_detection/install/obstacle_msgs/local/lib/python3.10/dist-packages/obstacle_msgs-0.0.0-py3.10.egg-info/top_level.txt
[3.359s] -- Symlinking: /home/nuc-bt/ros2_ws/src/drive/obstacle_detection/install/obstacle_msgs/local/lib/python3.10/dist-packages/obstacle_msgs/__init__.py
[3.364s] -- Symlinking: /home/nuc-bt/ros2_ws/src/drive/obstacle_detection/install/obstacle_msgs/local/lib/python3.10/dist-packages/obstacle_msgs/_obstacle_msgs_s.ep.rosidl_typesupport_c.c
[3.369s] -- Symlinking: /home/nuc-bt/ros2_ws/src/drive/obstacle_detection/install/obstacle_msgs/local/lib/python3.10/dist-packages/obstacle_msgs/_obstacle_msgs_s.ep.rosidl_typesupport_fastrtps_c.c
[3.375s] -- Symlinking: /home/nuc-bt/ros2_ws/src/drive/obstacle_detection/install/obstacle_msgs/local/lib/python3.10/dist-packages/obstacle_msgs/_obstacle_msgs_s.ep.rosidl_typesupport_introspection_c.c
[3.380s] -- Symlinking: /home/nuc-bt/ros2_ws/src/drive/obstacle_detection/install/obstacle_msgs/local/lib/python3.10/dist-packages/obstacle_msgs/libobstacle_msgs__rosidl_generator_py.so
[3.385s] -- Symlinking: /home/nuc-bt/ros2_ws/src/drive/obstacle_detection/install/obstacle_msgs/local/lib/python3.10/dist-packages/obstacle_msgs/msg/__init__.py
[3.391s] -- Symlinking: /home/nuc-bt/ros2_ws/src/drive/obstacle_detection/install/obstacle_msgs/local/lib/python3.10/dist-packages/obstacle_msgs/msg/_area.py
[3.397s] -- Symlinking: /home/nuc-bt/ros2_ws/src/drive/obstacle_detection/install/obstacle_msgs/local/lib/python3.10/dist-packages/obstacle_msgs/msg/_area_s.c
[3.402s] -- Symlinking: /home/nuc-bt/ros2_ws/src/drive/obstacle_detection/install/obstacle_msgs/local/lib/python3.10/dist-packages/obstacle_msgs/msg/_status.py
[3.407s] -- Symlinking: /home/nuc-bt/ros2_ws/src/drive/obstacle_detection/install/obstacle_msgs/local/lib/python3.10/dist-packages/obstacle_msgs/msg/_status_s.c
[3.413s] -- Symlinking: /home/nuc-bt/ros2_ws/src/drive/obstacle_detection/install/obstacle_msgs/local/lib/python3.10/dist-packages/obstacle_msgs/obstacle_msgs_s__rosidl_typesupport_c.cpython-310-x86_64-linux-gnu.so
[3.418s] -- Symlinking: /home/nuc-bt/ros2_ws/src/drive/obstacle_detection/install/obstacle_msgs/local/lib/python3.10/dist-packages/obstacle_msgs/obstacle_msgs_s__rosidl_typesupport_fastrtps_c.cpython-310-x86_64-linux-gnu.so
[3.423s] -- Symlinking: /home/nuc-bt/ros2_ws/src/drive/obstacle_detection/install/obstacle_msgs/local/lib/python3.10/dist-packages/obstacle_msgs/obstacle_msgs_s__rosidl_typesupport_introspection_c.cpython-310-x86_64-linux-gnu.so
[3.429s] -- Up-to-date symlink: /home/nuc-bt/ros2_ws/src/drive/obstacle_detection/install/obstacle_msgs/local/lib/python3.10/dist-packages/obstacle_msgs/obstacle_msgs_s__rosidl_typesupport_fastrtps_c.cpython-310-x86_64-linux-gnu.so
[3.429s] -- Up-to-date symlink: /home/nuc-bt/ros2_ws/src/drive/obstacle_detection/install/obstacle_msgs/local/lib/python3.10/dist-packages/obstacle_msgs/obstacle_msgs_s__rosidl_typesupport_introspection_c.cpython-310-x86_64-linux-gnu.so
[3.429s] -- Up-to-date symlink: /home/nuc-bt/ros2_ws/src/drive/obstacle_detection/install/obstacle_msgs/local/lib/python3.10/dist-packages/obstacle_msgs/obstacle_msgs_s__rosidl_typesupport_c.cpython-310-x86_64-linux-gnu.so
[3.430s] -- Symlinking: /home/nuc-bt/ros2_ws/src/drive/obstacle_detection/install/obstacle_msgs/share/obstacle_msgs/msg/Status.idl
[3.435s] -- Symlinking: /home/nuc-bt/ros2_ws/src/drive/obstacle_detection/install/obstacle_msgs/share/obstacle_msgs/msg/Area.idl
[3.441s] -- Symlinking: /home/nuc-bt/ros2_ws/src/drive/obstacle_detection/install/obstacle_msgs/share/obstacle_msgs/msg/Status.msg
[3.446s] -- Symlinking: /home/nuc-bt/ros2_ws/src/drive/obstacle_detection/install/obstacle_msgs/share/obstacle_msgs/msg/Area.msg
[3.452s] -- Symlinking: /home/nuc-bt/ros2_ws/src/drive/obstacle_detection/install/obstacle_msgs/share/ament_index/resource_index/package_run_dependencies/obstacle_msgs
[3.457s] -- Symlinking: /home/nuc-bt/ros2_ws/src/drive/obstacle_detection/install/obstacle_msgs/share/ament_index/resource_index/parent_prefix_path/obstacle_msgs
[3.463s] -- Symlinking: /home/nuc-bt/ros2_ws/src/drive/obstacle_detection/install/obstacle_msgs/share/obstacle_msgs/environment/ament_prefix_path.sh
[3.469s] -- Symlinking: /home/nuc-bt/ros2_ws/src/drive/obstacle_detection/install/obstacle_msgs/share/obstacle_msgs/environment/ament_prefix_path.dsv
[3.474s] -- Symlinking: /home/nuc-bt/ros2_ws/src/drive/obstacle_detection/install/obstacle_msgs/share/obstacle_msgs/environment/path.sh
[3.480s] -- Symlinking: /home/nuc-bt/ros2_ws/src/drive/obstacle_detection/install/obstacle_msgs/share/obstacle_msgs/environment/path.dsv
[3.485s] -- Symlinking: /home/nuc-bt/ros2_ws/src/drive/obstacle_detection/install/obstacle_msgs/share/obstacle_msgs/local_setup.bash
[3.491s] -- Symlinking: /home/nuc-bt/ros2_ws/src/drive/obstacle_detection/install/obstacle_msgs/share/obstacle_msgs/local_setup.sh
[3.496s] -- Symlinking: /home/nuc-bt/ros2_ws/src/drive/obstacle_detection/install/obstacle_msgs/share/obstacle_msgs/local_setup.zsh
[3.502s] -- Symlinking: /home/nuc-bt/ros2_ws/src/drive/obstacle_detection/install/obstacle_msgs/share/obstacle_msgs/local_setup.dsv
[3.507s] -- Symlinking: /home/nuc-bt/ros2_ws/src/drive/obstacle_detection/install/obstacle_msgs/share/obstacle_msgs/package.dsv
[3.512s] -- Symlinking: /home/nuc-bt/ros2_ws/src/drive/obstacle_detection/install/obstacle_msgs/share/ament_index/resource_index/packages/obstacle_msgs
[3.518s] -- Symlinking: /home/nuc-bt/ros2_ws/src/drive/obstacle_detection/install/obstacle_msgs/share/obstacle_msgs/cmake/rosidl_cmake-extras.cmake
[3.524s] -- Symlinking: /home/nuc-bt/ros2_ws/src/drive/obstacle_detection/install/obstacle_msgs/share/obstacle_msgs/cmake/ament_cmake_export_dependencies-extras.cmake
[3.529s] -- Symlinking: /home/nuc-bt/ros2_ws/src/drive/obstacle_detection/install/obstacle_msgs/share/obstacle_msgs/cmake/ament_cmake_export_include_directories-extras.cmake
[3.534s] -- Symlinking: /home/nuc-bt/ros2_ws/src/drive/obstacle_detection/install/obstacle_msgs/share/obstacle_msgs/cmake/ament_cmake_export_libraries-extras.cmake
[3.540s] -- Symlinking: /home/nuc-bt/ros2_ws/src/drive/obstacle_detection/install/obstacle_msgs/share/obstacle_msgs/cmake/ament_cmake_export_targets-extras.cmake
[3.545s] -- Symlinking: /home/nuc-bt/ros2_ws/src/drive/obstacle_detection/install/obstacle_msgs/share/obstacle_msgs/cmake/rosidl_cmake_export_typesupport_targets-extras.cmake
[3.551s] -- Symlinking: /home/nuc-bt/ros2_ws/src/drive/obstacle_detection/install/obstacle_msgs/share/obstacle_msgs/cmake/rosidl_cmake_export_typesupport_libraries-extras.cmake
[3.556s] -- Symlinking: /home/nuc-bt/ros2_ws/src/drive/obstacle_detection/install/obstacle_msgs/share/obstacle_msgs/cmake/obstacle_msgsConfig.cmake
[3.563s] -- Symlinking: /home/nuc-bt/ros2_ws/src/drive/obstacle_detection/install/obstacle_msgs/share/obstacle_msgs/cmake/obstacle_msgsConfig-version.cmake
[3.568s] -- Symlinking: /home/nuc-bt/ros2_ws/src/drive/obstacle_detection/install/obstacle_msgs/share/obstacle_msgs/package.xml
[3.575s] -- Installing: /home/nuc-bt/ros2_ws/src/drive/obstacle_detection/install/obstacle_msgs/lib/libobstacle_msgs__rosidl_generator_c.so
[3.575s] -- Set runtime path of "/home/nuc-bt/ros2_ws/src/drive/obstacle_detection/install/obstacle_msgs/lib/libobstacle_msgs__rosidl_generator_c.so" to ""
[3.575s] -- Installing: /home/nuc-bt/ros2_ws/src/drive/obstacle_detection/install/obstacle_msgs/lib/libobstacle_msgs__rosidl_typesupport_fastrtps_c.so
[3.575s] -- Set runtime path of "/home/nuc-bt/ros2_ws/src/drive/obstacle_detection/install/obstacle_msgs/lib/libobstacle_msgs__rosidl_typesupport_fastrtps_c.so" to ""
[3.575s] -- Installing: /home/nuc-bt/ros2_ws/src/drive/obstacle_detection/install/obstacle_msgs/lib/libobstacle_msgs__rosidl_typesupport_fastrtps_cpp.so
[3.575s] -- Set runtime path of "/home/nuc-bt/ros2_ws/src/drive/obstacle_detection/install/obstacle_msgs/lib/libobstacle_msgs__rosidl_typesupport_fastrtps_cpp.so" to ""
[3.575s] -- Installing: /home/nuc-bt/ros2_ws/src/drive/obstacle_detection/install/obstacle_msgs/lib/libobstacle_msgs__rosidl_typesupport_introspection_c.so
[3.576s] -- Set runtime path of "/home/nuc-bt/ros2_ws/src/drive/obstacle_detection/install/obstacle_msgs/lib/libobstacle_msgs__rosidl_typesupport_introspection_c.so" to ""
[3.576s] -- Installing: /home/nuc-bt/ros2_ws/src/drive/obstacle_detection/install/obstacle_msgs/lib/libobstacle_msgs__rosidl_typesupport_c.so
[3.576s] -- Set runtime path of "/home/nuc-bt/ros2_ws/src/drive/obstacle_detection/install/obstacle_msgs/lib/libobstacle_msgs__rosidl_typesupport_c.so" to ""
[3.576s] -- Installing: /home/nuc-bt/ros2_ws/src/drive/obstacle_detection/install/obstacle_msgs/lib/libobstacle_msgs__rosidl_typesupport_introspection_cpp.so
[3.576s] -- Set runtime path of "/home/nuc-bt/ros2_ws/src/drive/obstacle_detection/install/obstacle_msgs/lib/libobstacle_msgs__rosidl_typesupport_introspection_cpp.so" to ""
[3.576s] -- Installing: /home/nuc-bt/ros2_ws/src/drive/obstacle_detection/install/obstacle_msgs/lib/libobstacle_msgs__rosidl_typesupport_cpp.so
[3.576s] -- Set runtime path of "/home/nuc-bt/ros2_ws/src/drive/obstacle_detection/install/obstacle_msgs/lib/libobstacle_msgs__rosidl_typesupport_cpp.so" to ""
[3.601s] Listing '/home/nuc-bt/ros2_ws/src/drive/obstacle_detection/install/obstacle_msgs/local/lib/python3.10/dist-packages/obstacle_msgs'...
[3.601s] Compiling '/home/nuc-bt/ros2_ws/src/drive/obstacle_detection/install/obstacle_msgs/local/lib/python3.10/dist-packages/obstacle_msgs/__init__.py'...
[3.601s] Listing '/home/nuc-bt/ros2_ws/src/drive/obstacle_detection/install/obstacle_msgs/local/lib/python3.10/dist-packages/obstacle_msgs/msg'...
[3.601s] Compiling '/home/nuc-bt/ros2_ws/src/drive/obstacle_detection/install/obstacle_msgs/local/lib/python3.10/dist-packages/obstacle_msgs/msg/__init__.py'...
[3.601s] Compiling '/home/nuc-bt/ros2_ws/src/drive/obstacle_detection/install/obstacle_msgs/local/lib/python3.10/dist-packages/obstacle_msgs/msg/_area.py'...
[3.601s] Compiling '/home/nuc-bt/ros2_ws/src/drive/obstacle_detection/install/obstacle_msgs/local/lib/python3.10/dist-packages/obstacle_msgs/msg/_status.py'...
[3.604s] -- Installing: /home/nuc-bt/ros2_ws/src/drive/obstacle_detection/install/obstacle_msgs/lib/libobstacle_msgs__rosidl_generator_py.so
[3.604s] -- Set runtime path of "/home/nuc-bt/ros2_ws/src/drive/obstacle_detection/install/obstacle_msgs/lib/libobstacle_msgs__rosidl_generator_py.so" to ""
[3.604s] -- Installing: /home/nuc-bt/ros2_ws/src/drive/obstacle_detection/install/obstacle_msgs/share/obstacle_msgs/cmake/export_obstacle_msgs__rosidl_generator_cExport.cmake
[3.604s] -- Installing: /home/nuc-bt/ros2_ws/src/drive/obstacle_detection/install/obstacle_msgs/share/obstacle_msgs/cmake/export_obstacle_msgs__rosidl_generator_cExport-noconfig.cmake
[3.604s] -- Installing: /home/nuc-bt/ros2_ws/src/drive/obstacle_detection/install/obstacle_msgs/share/obstacle_msgs/cmake/export_obstacle_msgs__rosidl_typesupport_fastrtps_cExport.cmake
[3.604s] -- Installing: /home/nuc-bt/ros2_ws/src/drive/obstacle_detection/install/obstacle_msgs/share/obstacle_msgs/cmake/export_obstacle_msgs__rosidl_typesupport_fastrtps_cExport-noconfig.cmake
[3.605s] -- Installing: /home/nuc-bt/ros2_ws/src/drive/obstacle_detection/install/obstacle_msgs/share/obstacle_msgs/cmake/export_obstacle_msgs__rosidl_generator_cppExport.cmake
[3.605s] -- Installing: /home/nuc-bt/ros2_ws/src/drive/obstacle_detection/install/obstacle_msgs/share/obstacle_msgs/cmake/export_obstacle_msgs__rosidl_typesupport_fastrtps_cppExport.cmake
[3.605s] -- Installing: /home/nuc-bt/ros2_ws/src/drive/obstacle_detection/install/obstacle_msgs/share/obstacle_msgs/cmake/export_obstacle_msgs__rosidl_typesupport_fastrtps_cppExport-noconfig.cmake
[3.605s] -- Installing: /home/nuc-bt/ros2_ws/src/drive/obstacle_detection/install/obstacle_msgs/share/obstacle_msgs/cmake/obstacle_msgs__rosidl_typesupport_introspection_cExport.cmake
[3.605s] -- Installing: /home/nuc-bt/ros2_ws/src/drive/obstacle_detection/install/obstacle_msgs/share/obstacle_msgs/cmake/obstacle_msgs__rosidl_typesupport_introspection_cExport-noconfig.cmake
[3.605s] -- Installing: /home/nuc-bt/ros2_ws/src/drive/obstacle_detection/install/obstacle_msgs/share/obstacle_msgs/cmake/obstacle_msgs__rosidl_typesupport_cExport.cmake
[3.605s] -- Installing: /home/nuc-bt/ros2_ws/src/drive/obstacle_detection/install/obstacle_msgs/share/obstacle_msgs/cmake/obstacle_msgs__rosidl_typesupport_cExport-noconfig.cmake
[3.605s] -- Installing: /home/nuc-bt/ros2_ws/src/drive/obstacle_detection/install/obstacle_msgs/share/obstacle_msgs/cmake/obstacle_msgs__rosidl_typesupport_introspection_cppExport.cmake
[3.605s] -- Installing: /home/nuc-bt/ros2_ws/src/drive/obstacle_detection/install/obstacle_msgs/share/obstacle_msgs/cmake/obstacle_msgs__rosidl_typesupport_introspection_cppExport-noconfig.cmake
[3.605s] -- Installing: /home/nuc-bt/ros2_ws/src/drive/obstacle_detection/install/obstacle_msgs/share/obstacle_msgs/cmake/obstacle_msgs__rosidl_typesupport_cppExport.cmake
[3.605s] -- Installing: /home/nuc-bt/ros2_ws/src/drive/obstacle_detection/install/obstacle_msgs/share/obstacle_msgs/cmake/obstacle_msgs__rosidl_typesupport_cppExport-noconfig.cmake
[3.605s] -- Installing: /home/nuc-bt/ros2_ws/src/drive/obstacle_detection/install/obstacle_msgs/share/obstacle_msgs/cmake/export_obstacle_msgs__rosidl_generator_pyExport.cmake
[3.606s] -- Installing: /home/nuc-bt/ros2_ws/src/drive/obstacle_detection/install/obstacle_msgs/share/obstacle_msgs/cmake/export_obstacle_msgs__rosidl_generator_pyExport-noconfig.cmake
[3.607s] Invoked command in '/home/nuc-bt/ros2_ws/src/drive/obstacle_detection/build/obstacle_msgs' returned '0': CMAKE_PREFIX_PATH=${CMAKE_PREFIX_PATH}:/opt/ros/humble /usr/bin/cmake --install /home/nuc-bt/ros2_ws/src/drive/obstacle_detection/build/obstacle_msgs
