[0.033s] Invoking command in '/home/nuc-bt/ros2_ws/src/drive/obstacle_detection/build/obstacle_msgs': CMAKE_PREFIX_PATH=/opt/ros/humble /usr/bin/cmake --build /home/nuc-bt/ros2_ws/src/drive/obstacle_detection/build/obstacle_msgs -- -j8 -l8
[0.072s] [  2%] Built target obstacle_msgs__cpp
[0.072s] [ 12%] Built target obstacle_msgs__rosidl_generator_c
[0.081s] [ 12%] Built target ament_cmake_python_symlink_obstacle_msgs
[0.089s] [ 23%] Built target obstacle_msgs__rosidl_typesupport_introspection_c
[0.091s] [ 33%] Built target obstacle_msgs__rosidl_typesupport_fastrtps_cpp
[0.093s] [ 43%] Built target obstacle_msgs__rosidl_typesupport_cpp
[0.099s] [ 53%] Built target obstacle_msgs__rosidl_typesupport_introspection_cpp
[0.106s] [ 64%] Built target obstacle_msgs__rosidl_typesupport_fastrtps_c
[0.112s] [ 74%] Built target obstacle_msgs__rosidl_typesupport_c
[0.126s] [ 74%] Built target obstacle_msgs
[0.143s] [ 76%] Built target obstacle_msgs__py
[0.160s] [ 84%] Built target obstacle_msgs__rosidl_generator_py
[0.181s] [ 89%] Built target obstacle_msgs__rosidl_typesupport_c__pyext
[0.182s] [ 94%] Built target obstacle_msgs__rosidl_typesupport_fastrtps_c__pyext
[0.182s] [100%] Built target obstacle_msgs__rosidl_typesupport_introspection_c__pyext
[0.261s] running egg_info
[0.262s] writing obstacle_msgs.egg-info/PKG-INFO
[0.262s] writing dependency_links to obstacle_msgs.egg-info/dependency_links.txt
[0.262s] writing top-level names to obstacle_msgs.egg-info/top_level.txt
[0.263s] reading manifest file 'obstacle_msgs.egg-info/SOURCES.txt'
[0.264s] writing manifest file 'obstacle_msgs.egg-info/SOURCES.txt'
[0.286s] [100%] Built target ament_cmake_python_build_obstacle_msgs_egg
[0.295s] Invoked command in '/home/nuc-bt/ros2_ws/src/drive/obstacle_detection/build/obstacle_msgs' returned '0': CMAKE_PREFIX_PATH=/opt/ros/humble /usr/bin/cmake --build /home/nuc-bt/ros2_ws/src/drive/obstacle_detection/build/obstacle_msgs -- -j8 -l8
[0.359s] Invoking command in '/home/nuc-bt/ros2_ws/src/drive/obstacle_detection/build/obstacle_msgs': CMAKE_PREFIX_PATH=/opt/ros/humble /usr/bin/cmake --install /home/nuc-bt/ros2_ws/src/drive/obstacle_detection/build/obstacle_msgs
[0.366s] -- Install configuration: ""
[0.366s] -- Execute custom install script
[0.366s] -- Up-to-date symlink: /home/nuc-bt/ros2_ws/src/drive/obstacle_detection/install/obstacle_msgs/share/ament_index/resource_index/rosidl_interfaces/obstacle_msgs
[0.366s] -- Up-to-date symlink: /home/nuc-bt/ros2_ws/src/drive/obstacle_detection/install/obstacle_msgs/include/obstacle_msgs/obstacle_msgs/msg/area.h
[0.366s] -- Up-to-date symlink: /home/nuc-bt/ros2_ws/src/drive/obstacle_detection/install/obstacle_msgs/include/obstacle_msgs/obstacle_msgs/msg/detail/area__functions.h
[0.367s] -- Up-to-date symlink: /home/nuc-bt/ros2_ws/src/drive/obstacle_detection/install/obstacle_msgs/include/obstacle_msgs/obstacle_msgs/msg/detail/area__struct.h
[0.367s] -- Up-to-date symlink: /home/nuc-bt/ros2_ws/src/drive/obstacle_detection/install/obstacle_msgs/include/obstacle_msgs/obstacle_msgs/msg/detail/area__type_support.h
[0.367s] -- Up-to-date symlink: /home/nuc-bt/ros2_ws/src/drive/obstacle_detection/install/obstacle_msgs/include/obstacle_msgs/obstacle_msgs/msg/detail/status__functions.h
[0.367s] -- Up-to-date symlink: /home/nuc-bt/ros2_ws/src/drive/obstacle_detection/install/obstacle_msgs/include/obstacle_msgs/obstacle_msgs/msg/detail/status__struct.h
[0.367s] -- Up-to-date symlink: /home/nuc-bt/ros2_ws/src/drive/obstacle_detection/install/obstacle_msgs/include/obstacle_msgs/obstacle_msgs/msg/detail/status__type_support.h
[0.367s] -- Up-to-date symlink: /home/nuc-bt/ros2_ws/src/drive/obstacle_detection/install/obstacle_msgs/include/obstacle_msgs/obstacle_msgs/msg/rosidl_generator_c__visibility_control.h
[0.367s] -- Up-to-date symlink: /home/nuc-bt/ros2_ws/src/drive/obstacle_detection/install/obstacle_msgs/include/obstacle_msgs/obstacle_msgs/msg/status.h
[0.367s] -- Up-to-date symlink: /home/nuc-bt/ros2_ws/src/drive/obstacle_detection/install/obstacle_msgs/share/obstacle_msgs/environment/library_path.sh
[0.368s] -- Up-to-date symlink: /home/nuc-bt/ros2_ws/src/drive/obstacle_detection/install/obstacle_msgs/share/obstacle_msgs/environment/library_path.dsv
[0.368s] -- Up-to-date symlink: /home/nuc-bt/ros2_ws/src/drive/obstacle_detection/install/obstacle_msgs/include/obstacle_msgs/obstacle_msgs/msg/detail/area__rosidl_typesupport_fastrtps_c.h
[0.368s] -- Up-to-date symlink: /home/nuc-bt/ros2_ws/src/drive/obstacle_detection/install/obstacle_msgs/include/obstacle_msgs/obstacle_msgs/msg/detail/status__rosidl_typesupport_fastrtps_c.h
[0.368s] -- Up-to-date symlink: /home/nuc-bt/ros2_ws/src/drive/obstacle_detection/install/obstacle_msgs/include/obstacle_msgs/obstacle_msgs/msg/rosidl_typesupport_fastrtps_c__visibility_control.h
[0.368s] -- Up-to-date symlink: /home/nuc-bt/ros2_ws/src/drive/obstacle_detection/install/obstacle_msgs/include/obstacle_msgs/obstacle_msgs/msg/area.hpp
[0.368s] -- Up-to-date symlink: /home/nuc-bt/ros2_ws/src/drive/obstacle_detection/install/obstacle_msgs/include/obstacle_msgs/obstacle_msgs/msg/detail/area__builder.hpp
[0.369s] -- Up-to-date symlink: /home/nuc-bt/ros2_ws/src/drive/obstacle_detection/install/obstacle_msgs/include/obstacle_msgs/obstacle_msgs/msg/detail/area__struct.hpp
[0.369s] -- Up-to-date symlink: /home/nuc-bt/ros2_ws/src/drive/obstacle_detection/install/obstacle_msgs/include/obstacle_msgs/obstacle_msgs/msg/detail/area__traits.hpp
[0.369s] -- Up-to-date symlink: /home/nuc-bt/ros2_ws/src/drive/obstacle_detection/install/obstacle_msgs/include/obstacle_msgs/obstacle_msgs/msg/detail/status__builder.hpp
[0.369s] -- Up-to-date symlink: /home/nuc-bt/ros2_ws/src/drive/obstacle_detection/install/obstacle_msgs/include/obstacle_msgs/obstacle_msgs/msg/detail/status__struct.hpp
[0.369s] -- Up-to-date symlink: /home/nuc-bt/ros2_ws/src/drive/obstacle_detection/install/obstacle_msgs/include/obstacle_msgs/obstacle_msgs/msg/detail/status__traits.hpp
[0.369s] -- Up-to-date symlink: /home/nuc-bt/ros2_ws/src/drive/obstacle_detection/install/obstacle_msgs/include/obstacle_msgs/obstacle_msgs/msg/status.hpp
[0.369s] -- Up-to-date symlink: /home/nuc-bt/ros2_ws/src/drive/obstacle_detection/install/obstacle_msgs/include/obstacle_msgs/obstacle_msgs/msg/detail/area__rosidl_typesupport_fastrtps_cpp.hpp
[0.369s] -- Up-to-date symlink: /home/nuc-bt/ros2_ws/src/drive/obstacle_detection/install/obstacle_msgs/include/obstacle_msgs/obstacle_msgs/msg/detail/status__rosidl_typesupport_fastrtps_cpp.hpp
[0.370s] -- Up-to-date symlink: /home/nuc-bt/ros2_ws/src/drive/obstacle_detection/install/obstacle_msgs/include/obstacle_msgs/obstacle_msgs/msg/rosidl_typesupport_fastrtps_cpp__visibility_control.h
[0.370s] -- Up-to-date symlink: /home/nuc-bt/ros2_ws/src/drive/obstacle_detection/install/obstacle_msgs/include/obstacle_msgs/obstacle_msgs/msg/detail/area__rosidl_typesupport_introspection_c.h
[0.370s] -- Up-to-date symlink: /home/nuc-bt/ros2_ws/src/drive/obstacle_detection/install/obstacle_msgs/include/obstacle_msgs/obstacle_msgs/msg/detail/status__rosidl_typesupport_introspection_c.h
[0.370s] -- Up-to-date symlink: /home/nuc-bt/ros2_ws/src/drive/obstacle_detection/install/obstacle_msgs/include/obstacle_msgs/obstacle_msgs/msg/rosidl_typesupport_introspection_c__visibility_control.h
[0.372s] -- Up-to-date symlink: /home/nuc-bt/ros2_ws/src/drive/obstacle_detection/install/obstacle_msgs/include/obstacle_msgs/obstacle_msgs/msg/detail/area__rosidl_typesupport_introspection_cpp.hpp
[0.373s] -- Up-to-date symlink: /home/nuc-bt/ros2_ws/src/drive/obstacle_detection/install/obstacle_msgs/include/obstacle_msgs/obstacle_msgs/msg/detail/status__rosidl_typesupport_introspection_cpp.hpp
[0.373s] -- Up-to-date symlink: /home/nuc-bt/ros2_ws/src/drive/obstacle_detection/install/obstacle_msgs/share/obstacle_msgs/environment/pythonpath.sh
[0.373s] -- Up-to-date symlink: /home/nuc-bt/ros2_ws/src/drive/obstacle_detection/install/obstacle_msgs/share/obstacle_msgs/environment/pythonpath.dsv
[0.373s] -- Up-to-date symlink: /home/nuc-bt/ros2_ws/src/drive/obstacle_detection/install/obstacle_msgs/local/lib/python3.10/dist-packages/obstacle_msgs-0.0.0-py3.10.egg-info/PKG-INFO
[0.373s] -- Up-to-date symlink: /home/nuc-bt/ros2_ws/src/drive/obstacle_detection/install/obstacle_msgs/local/lib/python3.10/dist-packages/obstacle_msgs-0.0.0-py3.10.egg-info/SOURCES.txt
[0.373s] -- Up-to-date symlink: /home/nuc-bt/ros2_ws/src/drive/obstacle_detection/install/obstacle_msgs/local/lib/python3.10/dist-packages/obstacle_msgs-0.0.0-py3.10.egg-info/dependency_links.txt
[0.373s] -- Up-to-date symlink: /home/nuc-bt/ros2_ws/src/drive/obstacle_detection/install/obstacle_msgs/local/lib/python3.10/dist-packages/obstacle_msgs-0.0.0-py3.10.egg-info/top_level.txt
[0.373s] -- Up-to-date symlink: /home/nuc-bt/ros2_ws/src/drive/obstacle_detection/install/obstacle_msgs/local/lib/python3.10/dist-packages/obstacle_msgs/__init__.py
[0.373s] -- Up-to-date symlink: /home/nuc-bt/ros2_ws/src/drive/obstacle_detection/install/obstacle_msgs/local/lib/python3.10/dist-packages/obstacle_msgs/_obstacle_msgs_s.ep.rosidl_typesupport_c.c
[0.373s] -- Up-to-date symlink: /home/nuc-bt/ros2_ws/src/drive/obstacle_detection/install/obstacle_msgs/local/lib/python3.10/dist-packages/obstacle_msgs/_obstacle_msgs_s.ep.rosidl_typesupport_fastrtps_c.c
[0.373s] -- Up-to-date symlink: /home/nuc-bt/ros2_ws/src/drive/obstacle_detection/install/obstacle_msgs/local/lib/python3.10/dist-packages/obstacle_msgs/_obstacle_msgs_s.ep.rosidl_typesupport_introspection_c.c
[0.373s] -- Up-to-date symlink: /home/nuc-bt/ros2_ws/src/drive/obstacle_detection/install/obstacle_msgs/local/lib/python3.10/dist-packages/obstacle_msgs/libobstacle_msgs__rosidl_generator_py.so
[0.373s] -- Up-to-date symlink: /home/nuc-bt/ros2_ws/src/drive/obstacle_detection/install/obstacle_msgs/local/lib/python3.10/dist-packages/obstacle_msgs/msg/__init__.py
[0.373s] -- Up-to-date symlink: /home/nuc-bt/ros2_ws/src/drive/obstacle_detection/install/obstacle_msgs/local/lib/python3.10/dist-packages/obstacle_msgs/msg/_area.py
[0.373s] -- Up-to-date symlink: /home/nuc-bt/ros2_ws/src/drive/obstacle_detection/install/obstacle_msgs/local/lib/python3.10/dist-packages/obstacle_msgs/msg/_area_s.c
[0.373s] -- Up-to-date symlink: /home/nuc-bt/ros2_ws/src/drive/obstacle_detection/install/obstacle_msgs/local/lib/python3.10/dist-packages/obstacle_msgs/msg/_status.py
[0.373s] -- Up-to-date symlink: /home/nuc-bt/ros2_ws/src/drive/obstacle_detection/install/obstacle_msgs/local/lib/python3.10/dist-packages/obstacle_msgs/msg/_status_s.c
[0.374s] -- Up-to-date symlink: /home/nuc-bt/ros2_ws/src/drive/obstacle_detection/install/obstacle_msgs/local/lib/python3.10/dist-packages/obstacle_msgs/obstacle_msgs_s__rosidl_typesupport_c.cpython-310-x86_64-linux-gnu.so
[0.374s] -- Up-to-date symlink: /home/nuc-bt/ros2_ws/src/drive/obstacle_detection/install/obstacle_msgs/local/lib/python3.10/dist-packages/obstacle_msgs/obstacle_msgs_s__rosidl_typesupport_fastrtps_c.cpython-310-x86_64-linux-gnu.so
[0.374s] -- Up-to-date symlink: /home/nuc-bt/ros2_ws/src/drive/obstacle_detection/install/obstacle_msgs/local/lib/python3.10/dist-packages/obstacle_msgs/obstacle_msgs_s__rosidl_typesupport_introspection_c.cpython-310-x86_64-linux-gnu.so
[0.374s] -- Up-to-date symlink: /home/nuc-bt/ros2_ws/src/drive/obstacle_detection/install/obstacle_msgs/local/lib/python3.10/dist-packages/obstacle_msgs/obstacle_msgs_s__rosidl_typesupport_fastrtps_c.cpython-310-x86_64-linux-gnu.so
[0.374s] -- Up-to-date symlink: /home/nuc-bt/ros2_ws/src/drive/obstacle_detection/install/obstacle_msgs/local/lib/python3.10/dist-packages/obstacle_msgs/obstacle_msgs_s__rosidl_typesupport_introspection_c.cpython-310-x86_64-linux-gnu.so
[0.374s] -- Up-to-date symlink: /home/nuc-bt/ros2_ws/src/drive/obstacle_detection/install/obstacle_msgs/local/lib/python3.10/dist-packages/obstacle_msgs/obstacle_msgs_s__rosidl_typesupport_c.cpython-310-x86_64-linux-gnu.so
[0.374s] -- Up-to-date symlink: /home/nuc-bt/ros2_ws/src/drive/obstacle_detection/install/obstacle_msgs/share/obstacle_msgs/msg/Status.idl
[0.374s] -- Up-to-date symlink: /home/nuc-bt/ros2_ws/src/drive/obstacle_detection/install/obstacle_msgs/share/obstacle_msgs/msg/Area.idl
[0.374s] -- Up-to-date symlink: /home/nuc-bt/ros2_ws/src/drive/obstacle_detection/install/obstacle_msgs/share/obstacle_msgs/msg/Status.msg
[0.374s] -- Up-to-date symlink: /home/nuc-bt/ros2_ws/src/drive/obstacle_detection/install/obstacle_msgs/share/obstacle_msgs/msg/Area.msg
[0.374s] -- Up-to-date symlink: /home/nuc-bt/ros2_ws/src/drive/obstacle_detection/install/obstacle_msgs/share/ament_index/resource_index/package_run_dependencies/obstacle_msgs
[0.374s] -- Up-to-date symlink: /home/nuc-bt/ros2_ws/src/drive/obstacle_detection/install/obstacle_msgs/share/ament_index/resource_index/parent_prefix_path/obstacle_msgs
[0.374s] -- Up-to-date symlink: /home/nuc-bt/ros2_ws/src/drive/obstacle_detection/install/obstacle_msgs/share/obstacle_msgs/environment/ament_prefix_path.sh
[0.374s] -- Up-to-date symlink: /home/nuc-bt/ros2_ws/src/drive/obstacle_detection/install/obstacle_msgs/share/obstacle_msgs/environment/ament_prefix_path.dsv
[0.374s] -- Up-to-date symlink: /home/nuc-bt/ros2_ws/src/drive/obstacle_detection/install/obstacle_msgs/share/obstacle_msgs/environment/path.sh
[0.374s] -- Up-to-date symlink: /home/nuc-bt/ros2_ws/src/drive/obstacle_detection/install/obstacle_msgs/share/obstacle_msgs/environment/path.dsv
[0.374s] -- Up-to-date symlink: /home/nuc-bt/ros2_ws/src/drive/obstacle_detection/install/obstacle_msgs/share/obstacle_msgs/local_setup.bash
[0.374s] -- Up-to-date symlink: /home/nuc-bt/ros2_ws/src/drive/obstacle_detection/install/obstacle_msgs/share/obstacle_msgs/local_setup.sh
[0.375s] -- Up-to-date symlink: /home/nuc-bt/ros2_ws/src/drive/obstacle_detection/install/obstacle_msgs/share/obstacle_msgs/local_setup.zsh
[0.375s] -- Up-to-date symlink: /home/nuc-bt/ros2_ws/src/drive/obstacle_detection/install/obstacle_msgs/share/obstacle_msgs/local_setup.dsv
[0.375s] -- Symlinking: /home/nuc-bt/ros2_ws/src/drive/obstacle_detection/install/obstacle_msgs/share/obstacle_msgs/package.dsv
[0.381s] -- Up-to-date symlink: /home/nuc-bt/ros2_ws/src/drive/obstacle_detection/install/obstacle_msgs/share/ament_index/resource_index/packages/obstacle_msgs
[0.381s] -- Up-to-date symlink: /home/nuc-bt/ros2_ws/src/drive/obstacle_detection/install/obstacle_msgs/share/obstacle_msgs/cmake/rosidl_cmake-extras.cmake
[0.381s] -- Up-to-date symlink: /home/nuc-bt/ros2_ws/src/drive/obstacle_detection/install/obstacle_msgs/share/obstacle_msgs/cmake/ament_cmake_export_dependencies-extras.cmake
[0.382s] -- Up-to-date symlink: /home/nuc-bt/ros2_ws/src/drive/obstacle_detection/install/obstacle_msgs/share/obstacle_msgs/cmake/ament_cmake_export_include_directories-extras.cmake
[0.382s] -- Up-to-date symlink: /home/nuc-bt/ros2_ws/src/drive/obstacle_detection/install/obstacle_msgs/share/obstacle_msgs/cmake/ament_cmake_export_libraries-extras.cmake
[0.382s] -- Up-to-date symlink: /home/nuc-bt/ros2_ws/src/drive/obstacle_detection/install/obstacle_msgs/share/obstacle_msgs/cmake/ament_cmake_export_targets-extras.cmake
[0.382s] -- Up-to-date symlink: /home/nuc-bt/ros2_ws/src/drive/obstacle_detection/install/obstacle_msgs/share/obstacle_msgs/cmake/rosidl_cmake_export_typesupport_targets-extras.cmake
[0.382s] -- Up-to-date symlink: /home/nuc-bt/ros2_ws/src/drive/obstacle_detection/install/obstacle_msgs/share/obstacle_msgs/cmake/rosidl_cmake_export_typesupport_libraries-extras.cmake
[0.382s] -- Up-to-date symlink: /home/nuc-bt/ros2_ws/src/drive/obstacle_detection/install/obstacle_msgs/share/obstacle_msgs/cmake/obstacle_msgsConfig.cmake
[0.382s] -- Up-to-date symlink: /home/nuc-bt/ros2_ws/src/drive/obstacle_detection/install/obstacle_msgs/share/obstacle_msgs/cmake/obstacle_msgsConfig-version.cmake
[0.382s] -- Up-to-date symlink: /home/nuc-bt/ros2_ws/src/drive/obstacle_detection/install/obstacle_msgs/share/obstacle_msgs/package.xml
[0.382s] -- Up-to-date: /home/nuc-bt/ros2_ws/src/drive/obstacle_detection/install/obstacle_msgs/lib/libobstacle_msgs__rosidl_generator_c.so
[0.382s] -- Up-to-date: /home/nuc-bt/ros2_ws/src/drive/obstacle_detection/install/obstacle_msgs/lib/libobstacle_msgs__rosidl_typesupport_fastrtps_c.so
[0.383s] -- Up-to-date: /home/nuc-bt/ros2_ws/src/drive/obstacle_detection/install/obstacle_msgs/lib/libobstacle_msgs__rosidl_typesupport_fastrtps_cpp.so
[0.383s] -- Up-to-date: /home/nuc-bt/ros2_ws/src/drive/obstacle_detection/install/obstacle_msgs/lib/libobstacle_msgs__rosidl_typesupport_introspection_c.so
[0.383s] -- Up-to-date: /home/nuc-bt/ros2_ws/src/drive/obstacle_detection/install/obstacle_msgs/lib/libobstacle_msgs__rosidl_typesupport_c.so
[0.383s] -- Up-to-date: /home/nuc-bt/ros2_ws/src/drive/obstacle_detection/install/obstacle_msgs/lib/libobstacle_msgs__rosidl_typesupport_introspection_cpp.so
[0.383s] -- Up-to-date: /home/nuc-bt/ros2_ws/src/drive/obstacle_detection/install/obstacle_msgs/lib/libobstacle_msgs__rosidl_typesupport_cpp.so
[0.408s] Listing '/home/nuc-bt/ros2_ws/src/drive/obstacle_detection/install/obstacle_msgs/local/lib/python3.10/dist-packages/obstacle_msgs'...
[0.408s] Listing '/home/nuc-bt/ros2_ws/src/drive/obstacle_detection/install/obstacle_msgs/local/lib/python3.10/dist-packages/obstacle_msgs/msg'...
[0.412s] -- Up-to-date: /home/nuc-bt/ros2_ws/src/drive/obstacle_detection/install/obstacle_msgs/lib/libobstacle_msgs__rosidl_generator_py.so
[0.412s] -- Up-to-date: /home/nuc-bt/ros2_ws/src/drive/obstacle_detection/install/obstacle_msgs/share/obstacle_msgs/cmake/export_obstacle_msgs__rosidl_generator_cExport.cmake
[0.412s] -- Up-to-date: /home/nuc-bt/ros2_ws/src/drive/obstacle_detection/install/obstacle_msgs/share/obstacle_msgs/cmake/export_obstacle_msgs__rosidl_generator_cExport-noconfig.cmake
[0.412s] -- Up-to-date: /home/nuc-bt/ros2_ws/src/drive/obstacle_detection/install/obstacle_msgs/share/obstacle_msgs/cmake/export_obstacle_msgs__rosidl_typesupport_fastrtps_cExport.cmake
[0.412s] -- Up-to-date: /home/nuc-bt/ros2_ws/src/drive/obstacle_detection/install/obstacle_msgs/share/obstacle_msgs/cmake/export_obstacle_msgs__rosidl_typesupport_fastrtps_cExport-noconfig.cmake
[0.412s] -- Up-to-date: /home/nuc-bt/ros2_ws/src/drive/obstacle_detection/install/obstacle_msgs/share/obstacle_msgs/cmake/export_obstacle_msgs__rosidl_generator_cppExport.cmake
[0.413s] -- Up-to-date: /home/nuc-bt/ros2_ws/src/drive/obstacle_detection/install/obstacle_msgs/share/obstacle_msgs/cmake/export_obstacle_msgs__rosidl_typesupport_fastrtps_cppExport.cmake
[0.413s] -- Up-to-date: /home/nuc-bt/ros2_ws/src/drive/obstacle_detection/install/obstacle_msgs/share/obstacle_msgs/cmake/export_obstacle_msgs__rosidl_typesupport_fastrtps_cppExport-noconfig.cmake
[0.413s] -- Up-to-date: /home/nuc-bt/ros2_ws/src/drive/obstacle_detection/install/obstacle_msgs/share/obstacle_msgs/cmake/obstacle_msgs__rosidl_typesupport_introspection_cExport.cmake
[0.413s] -- Up-to-date: /home/nuc-bt/ros2_ws/src/drive/obstacle_detection/install/obstacle_msgs/share/obstacle_msgs/cmake/obstacle_msgs__rosidl_typesupport_introspection_cExport-noconfig.cmake
[0.413s] -- Up-to-date: /home/nuc-bt/ros2_ws/src/drive/obstacle_detection/install/obstacle_msgs/share/obstacle_msgs/cmake/obstacle_msgs__rosidl_typesupport_cExport.cmake
[0.413s] -- Up-to-date: /home/nuc-bt/ros2_ws/src/drive/obstacle_detection/install/obstacle_msgs/share/obstacle_msgs/cmake/obstacle_msgs__rosidl_typesupport_cExport-noconfig.cmake
[0.413s] -- Up-to-date: /home/nuc-bt/ros2_ws/src/drive/obstacle_detection/install/obstacle_msgs/share/obstacle_msgs/cmake/obstacle_msgs__rosidl_typesupport_introspection_cppExport.cmake
[0.413s] -- Up-to-date: /home/nuc-bt/ros2_ws/src/drive/obstacle_detection/install/obstacle_msgs/share/obstacle_msgs/cmake/obstacle_msgs__rosidl_typesupport_introspection_cppExport-noconfig.cmake
[0.413s] -- Up-to-date: /home/nuc-bt/ros2_ws/src/drive/obstacle_detection/install/obstacle_msgs/share/obstacle_msgs/cmake/obstacle_msgs__rosidl_typesupport_cppExport.cmake
[0.413s] -- Up-to-date: /home/nuc-bt/ros2_ws/src/drive/obstacle_detection/install/obstacle_msgs/share/obstacle_msgs/cmake/obstacle_msgs__rosidl_typesupport_cppExport-noconfig.cmake
[0.413s] -- Up-to-date: /home/nuc-bt/ros2_ws/src/drive/obstacle_detection/install/obstacle_msgs/share/obstacle_msgs/cmake/export_obstacle_msgs__rosidl_generator_pyExport.cmake
[0.413s] -- Up-to-date: /home/nuc-bt/ros2_ws/src/drive/obstacle_detection/install/obstacle_msgs/share/obstacle_msgs/cmake/export_obstacle_msgs__rosidl_generator_pyExport-noconfig.cmake
[0.415s] Invoked command in '/home/nuc-bt/ros2_ws/src/drive/obstacle_detection/build/obstacle_msgs' returned '0': CMAKE_PREFIX_PATH=/opt/ros/humble /usr/bin/cmake --install /home/nuc-bt/ros2_ws/src/drive/obstacle_detection/build/obstacle_msgs
