[0.070s] Invoking command in '/home/nuc-bt/ros2_ws/src/drive/obstacle_detection/build/obstacle_msgs': CMAKE_PREFIX_PATH=/opt/ros/humble /usr/bin/cmake --build /home/nuc-bt/ros2_ws/src/drive/obstacle_detection/build/obstacle_msgs -- -j8 -l8
[0.158s] [  2%] Built target obstacle_msgs__cpp
[0.201s] [  2%] Built target ament_cmake_python_symlink_obstacle_msgs
[0.233s] [ 12%] Built target obstacle_msgs__rosidl_typesupport_introspection_cpp
[0.491s] running egg_info
[0.492s] writing obstacle_msgs.egg-info/PKG-INFO
[0.492s] writing dependency_links to obstacle_msgs.egg-info/dependency_links.txt
[0.492s] writing top-level names to obstacle_msgs.egg-info/top_level.txt
[0.496s] reading manifest file 'obstacle_msgs.egg-info/SOURCES.txt'
[0.496s] writing manifest file 'obstacle_msgs.egg-info/SOURCES.txt'
[0.527s] [ 12%] Built target ament_cmake_python_build_obstacle_msgs_egg
[0.551s] [ 23%] Built target obstacle_msgs__rosidl_typesupport_fastrtps_cpp
[0.581s] [ 33%] Built target obstacle_msgs__rosidl_typesupport_cpp
[0.616s] [ 43%] Built target obstacle_msgs__rosidl_generator_c
[0.647s] [ 53%] Built target obstacle_msgs__rosidl_typesupport_fastrtps_c
[0.675s] [ 64%] Built target obstacle_msgs__rosidl_typesupport_c
[0.718s] [ 74%] Built target obstacle_msgs__rosidl_typesupport_introspection_c
[0.746s] [ 74%] Built target obstacle_msgs
[0.773s] [ 76%] Built target obstacle_msgs__py
[0.800s] [ 84%] Built target obstacle_msgs__rosidl_generator_py
[0.825s] [ 89%] Built target obstacle_msgs__rosidl_typesupport_fastrtps_c__pyext
[0.864s] [ 94%] Built target obstacle_msgs__rosidl_typesupport_c__pyext
[0.897s] [100%] Built target obstacle_msgs__rosidl_typesupport_introspection_c__pyext
[0.913s] Invoked command in '/home/nuc-bt/ros2_ws/src/drive/obstacle_detection/build/obstacle_msgs' returned '0': CMAKE_PREFIX_PATH=/opt/ros/humble /usr/bin/cmake --build /home/nuc-bt/ros2_ws/src/drive/obstacle_detection/build/obstacle_msgs -- -j8 -l8
[1.036s] Invoking command in '/home/nuc-bt/ros2_ws/src/drive/obstacle_detection/build/obstacle_msgs': CMAKE_PREFIX_PATH=/opt/ros/humble /usr/bin/cmake --install /home/nuc-bt/ros2_ws/src/drive/obstacle_detection/build/obstacle_msgs
[1.053s] -- Install configuration: ""
[1.054s] -- Execute custom install script
[1.060s] -- Up-to-date symlink: /home/nuc-bt/ros2_ws/src/drive/obstacle_detection/install/obstacle_msgs/share/ament_index/resource_index/rosidl_interfaces/obstacle_msgs
[1.062s] -- Up-to-date symlink: /home/nuc-bt/ros2_ws/src/drive/obstacle_detection/install/obstacle_msgs/include/obstacle_msgs/obstacle_msgs/msg/area.h
[1.062s] -- Up-to-date symlink: /home/nuc-bt/ros2_ws/src/drive/obstacle_detection/install/obstacle_msgs/include/obstacle_msgs/obstacle_msgs/msg/detail/area__functions.h
[1.062s] -- Up-to-date symlink: /home/nuc-bt/ros2_ws/src/drive/obstacle_detection/install/obstacle_msgs/include/obstacle_msgs/obstacle_msgs/msg/detail/area__struct.h
[1.062s] -- Up-to-date symlink: /home/nuc-bt/ros2_ws/src/drive/obstacle_detection/install/obstacle_msgs/include/obstacle_msgs/obstacle_msgs/msg/detail/area__type_support.h
[1.062s] -- Up-to-date symlink: /home/nuc-bt/ros2_ws/src/drive/obstacle_detection/install/obstacle_msgs/include/obstacle_msgs/obstacle_msgs/msg/detail/status__functions.h
[1.062s] -- Up-to-date symlink: /home/nuc-bt/ros2_ws/src/drive/obstacle_detection/install/obstacle_msgs/include/obstacle_msgs/obstacle_msgs/msg/detail/status__struct.h
[1.062s] -- Up-to-date symlink: /home/nuc-bt/ros2_ws/src/drive/obstacle_detection/install/obstacle_msgs/include/obstacle_msgs/obstacle_msgs/msg/detail/status__type_support.h
[1.063s] -- Up-to-date symlink: /home/nuc-bt/ros2_ws/src/drive/obstacle_detection/install/obstacle_msgs/include/obstacle_msgs/obstacle_msgs/msg/rosidl_generator_c__visibility_control.h
[1.064s] -- Up-to-date symlink: /home/nuc-bt/ros2_ws/src/drive/obstacle_detection/install/obstacle_msgs/include/obstacle_msgs/obstacle_msgs/msg/status.h
[1.064s] -- Up-to-date symlink: /home/nuc-bt/ros2_ws/src/drive/obstacle_detection/install/obstacle_msgs/share/obstacle_msgs/environment/library_path.sh
[1.064s] -- Up-to-date symlink: /home/nuc-bt/ros2_ws/src/drive/obstacle_detection/install/obstacle_msgs/share/obstacle_msgs/environment/library_path.dsv
[1.064s] -- Up-to-date symlink: /home/nuc-bt/ros2_ws/src/drive/obstacle_detection/install/obstacle_msgs/include/obstacle_msgs/obstacle_msgs/msg/detail/area__rosidl_typesupport_fastrtps_c.h
[1.064s] -- Up-to-date symlink: /home/nuc-bt/ros2_ws/src/drive/obstacle_detection/install/obstacle_msgs/include/obstacle_msgs/obstacle_msgs/msg/detail/status__rosidl_typesupport_fastrtps_c.h
[1.065s] -- Up-to-date symlink: /home/nuc-bt/ros2_ws/src/drive/obstacle_detection/install/obstacle_msgs/include/obstacle_msgs/obstacle_msgs/msg/rosidl_typesupport_fastrtps_c__visibility_control.h
[1.065s] -- Up-to-date symlink: /home/nuc-bt/ros2_ws/src/drive/obstacle_detection/install/obstacle_msgs/include/obstacle_msgs/obstacle_msgs/msg/area.hpp
[1.066s] -- Up-to-date symlink: /home/nuc-bt/ros2_ws/src/drive/obstacle_detection/install/obstacle_msgs/include/obstacle_msgs/obstacle_msgs/msg/detail/area__builder.hpp
[1.066s] -- Up-to-date symlink: /home/nuc-bt/ros2_ws/src/drive/obstacle_detection/install/obstacle_msgs/include/obstacle_msgs/obstacle_msgs/msg/detail/area__struct.hpp
[1.066s] -- Up-to-date symlink: /home/nuc-bt/ros2_ws/src/drive/obstacle_detection/install/obstacle_msgs/include/obstacle_msgs/obstacle_msgs/msg/detail/area__traits.hpp
[1.066s] -- Up-to-date symlink: /home/nuc-bt/ros2_ws/src/drive/obstacle_detection/install/obstacle_msgs/include/obstacle_msgs/obstacle_msgs/msg/detail/status__builder.hpp
[1.067s] -- Up-to-date symlink: /home/nuc-bt/ros2_ws/src/drive/obstacle_detection/install/obstacle_msgs/include/obstacle_msgs/obstacle_msgs/msg/detail/status__struct.hpp
[1.067s] -- Up-to-date symlink: /home/nuc-bt/ros2_ws/src/drive/obstacle_detection/install/obstacle_msgs/include/obstacle_msgs/obstacle_msgs/msg/detail/status__traits.hpp
[1.067s] -- Up-to-date symlink: /home/nuc-bt/ros2_ws/src/drive/obstacle_detection/install/obstacle_msgs/include/obstacle_msgs/obstacle_msgs/msg/status.hpp
[1.069s] -- Up-to-date symlink: /home/nuc-bt/ros2_ws/src/drive/obstacle_detection/install/obstacle_msgs/include/obstacle_msgs/obstacle_msgs/msg/detail/area__rosidl_typesupport_fastrtps_cpp.hpp
[1.069s] -- Up-to-date symlink: /home/nuc-bt/ros2_ws/src/drive/obstacle_detection/install/obstacle_msgs/include/obstacle_msgs/obstacle_msgs/msg/detail/status__rosidl_typesupport_fastrtps_cpp.hpp
[1.069s] -- Up-to-date symlink: /home/nuc-bt/ros2_ws/src/drive/obstacle_detection/install/obstacle_msgs/include/obstacle_msgs/obstacle_msgs/msg/rosidl_typesupport_fastrtps_cpp__visibility_control.h
[1.069s] -- Up-to-date symlink: /home/nuc-bt/ros2_ws/src/drive/obstacle_detection/install/obstacle_msgs/include/obstacle_msgs/obstacle_msgs/msg/detail/area__rosidl_typesupport_introspection_c.h
[1.069s] -- Up-to-date symlink: /home/nuc-bt/ros2_ws/src/drive/obstacle_detection/install/obstacle_msgs/include/obstacle_msgs/obstacle_msgs/msg/detail/status__rosidl_typesupport_introspection_c.h
[1.070s] -- Up-to-date symlink: /home/nuc-bt/ros2_ws/src/drive/obstacle_detection/install/obstacle_msgs/include/obstacle_msgs/obstacle_msgs/msg/rosidl_typesupport_introspection_c__visibility_control.h
[1.070s] -- Up-to-date symlink: /home/nuc-bt/ros2_ws/src/drive/obstacle_detection/install/obstacle_msgs/include/obstacle_msgs/obstacle_msgs/msg/detail/area__rosidl_typesupport_introspection_cpp.hpp
[1.070s] -- Up-to-date symlink: /home/nuc-bt/ros2_ws/src/drive/obstacle_detection/install/obstacle_msgs/include/obstacle_msgs/obstacle_msgs/msg/detail/status__rosidl_typesupport_introspection_cpp.hpp
[1.071s] -- Up-to-date symlink: /home/nuc-bt/ros2_ws/src/drive/obstacle_detection/install/obstacle_msgs/share/obstacle_msgs/environment/pythonpath.sh
[1.071s] -- Up-to-date symlink: /home/nuc-bt/ros2_ws/src/drive/obstacle_detection/install/obstacle_msgs/share/obstacle_msgs/environment/pythonpath.dsv
[1.071s] -- Up-to-date symlink: /home/nuc-bt/ros2_ws/src/drive/obstacle_detection/install/obstacle_msgs/local/lib/python3.10/dist-packages/obstacle_msgs-0.0.0-py3.10.egg-info/PKG-INFO
[1.071s] -- Up-to-date symlink: /home/nuc-bt/ros2_ws/src/drive/obstacle_detection/install/obstacle_msgs/local/lib/python3.10/dist-packages/obstacle_msgs-0.0.0-py3.10.egg-info/SOURCES.txt
[1.071s] -- Up-to-date symlink: /home/nuc-bt/ros2_ws/src/drive/obstacle_detection/install/obstacle_msgs/local/lib/python3.10/dist-packages/obstacle_msgs-0.0.0-py3.10.egg-info/dependency_links.txt
[1.072s] -- Up-to-date symlink: /home/nuc-bt/ros2_ws/src/drive/obstacle_detection/install/obstacle_msgs/local/lib/python3.10/dist-packages/obstacle_msgs-0.0.0-py3.10.egg-info/top_level.txt
[1.072s] -- Up-to-date symlink: /home/nuc-bt/ros2_ws/src/drive/obstacle_detection/install/obstacle_msgs/local/lib/python3.10/dist-packages/obstacle_msgs/__init__.py
[1.074s] -- Up-to-date symlink: /home/nuc-bt/ros2_ws/src/drive/obstacle_detection/install/obstacle_msgs/local/lib/python3.10/dist-packages/obstacle_msgs/_obstacle_msgs_s.ep.rosidl_typesupport_c.c
[1.074s] -- Up-to-date symlink: /home/nuc-bt/ros2_ws/src/drive/obstacle_detection/install/obstacle_msgs/local/lib/python3.10/dist-packages/obstacle_msgs/_obstacle_msgs_s.ep.rosidl_typesupport_fastrtps_c.c
[1.074s] -- Up-to-date symlink: /home/nuc-bt/ros2_ws/src/drive/obstacle_detection/install/obstacle_msgs/local/lib/python3.10/dist-packages/obstacle_msgs/_obstacle_msgs_s.ep.rosidl_typesupport_introspection_c.c
[1.074s] -- Up-to-date symlink: /home/nuc-bt/ros2_ws/src/drive/obstacle_detection/install/obstacle_msgs/local/lib/python3.10/dist-packages/obstacle_msgs/libobstacle_msgs__rosidl_generator_py.so
[1.074s] -- Up-to-date symlink: /home/nuc-bt/ros2_ws/src/drive/obstacle_detection/install/obstacle_msgs/local/lib/python3.10/dist-packages/obstacle_msgs/msg/__init__.py
[1.074s] -- Up-to-date symlink: /home/nuc-bt/ros2_ws/src/drive/obstacle_detection/install/obstacle_msgs/local/lib/python3.10/dist-packages/obstacle_msgs/msg/_area.py
[1.075s] -- Up-to-date symlink: /home/nuc-bt/ros2_ws/src/drive/obstacle_detection/install/obstacle_msgs/local/lib/python3.10/dist-packages/obstacle_msgs/msg/_area_s.c
[1.075s] -- Up-to-date symlink: /home/nuc-bt/ros2_ws/src/drive/obstacle_detection/install/obstacle_msgs/local/lib/python3.10/dist-packages/obstacle_msgs/msg/_status.py
[1.077s] -- Up-to-date symlink: /home/nuc-bt/ros2_ws/src/drive/obstacle_detection/install/obstacle_msgs/local/lib/python3.10/dist-packages/obstacle_msgs/msg/_status_s.c
[1.078s] -- Up-to-date symlink: /home/nuc-bt/ros2_ws/src/drive/obstacle_detection/install/obstacle_msgs/local/lib/python3.10/dist-packages/obstacle_msgs/obstacle_msgs_s__rosidl_typesupport_c.cpython-310-x86_64-linux-gnu.so
[1.079s] -- Up-to-date symlink: /home/nuc-bt/ros2_ws/src/drive/obstacle_detection/install/obstacle_msgs/local/lib/python3.10/dist-packages/obstacle_msgs/obstacle_msgs_s__rosidl_typesupport_fastrtps_c.cpython-310-x86_64-linux-gnu.so
[1.080s] -- Up-to-date symlink: /home/nuc-bt/ros2_ws/src/drive/obstacle_detection/install/obstacle_msgs/local/lib/python3.10/dist-packages/obstacle_msgs/obstacle_msgs_s__rosidl_typesupport_introspection_c.cpython-310-x86_64-linux-gnu.so
[1.081s] -- Up-to-date symlink: /home/nuc-bt/ros2_ws/src/drive/obstacle_detection/install/obstacle_msgs/local/lib/python3.10/dist-packages/obstacle_msgs/obstacle_msgs_s__rosidl_typesupport_fastrtps_c.cpython-310-x86_64-linux-gnu.so
[1.081s] -- Up-to-date symlink: /home/nuc-bt/ros2_ws/src/drive/obstacle_detection/install/obstacle_msgs/local/lib/python3.10/dist-packages/obstacle_msgs/obstacle_msgs_s__rosidl_typesupport_introspection_c.cpython-310-x86_64-linux-gnu.so
[1.081s] -- Up-to-date symlink: /home/nuc-bt/ros2_ws/src/drive/obstacle_detection/install/obstacle_msgs/local/lib/python3.10/dist-packages/obstacle_msgs/obstacle_msgs_s__rosidl_typesupport_c.cpython-310-x86_64-linux-gnu.so
[1.082s] -- Up-to-date symlink: /home/nuc-bt/ros2_ws/src/drive/obstacle_detection/install/obstacle_msgs/share/obstacle_msgs/msg/Status.idl
[1.082s] -- Up-to-date symlink: /home/nuc-bt/ros2_ws/src/drive/obstacle_detection/install/obstacle_msgs/share/obstacle_msgs/msg/Area.idl
[1.082s] -- Up-to-date symlink: /home/nuc-bt/ros2_ws/src/drive/obstacle_detection/install/obstacle_msgs/share/obstacle_msgs/msg/Status.msg
[1.082s] -- Up-to-date symlink: /home/nuc-bt/ros2_ws/src/drive/obstacle_detection/install/obstacle_msgs/share/obstacle_msgs/msg/Area.msg
[1.082s] -- Up-to-date symlink: /home/nuc-bt/ros2_ws/src/drive/obstacle_detection/install/obstacle_msgs/share/ament_index/resource_index/package_run_dependencies/obstacle_msgs
[1.083s] -- Up-to-date symlink: /home/nuc-bt/ros2_ws/src/drive/obstacle_detection/install/obstacle_msgs/share/ament_index/resource_index/parent_prefix_path/obstacle_msgs
[1.083s] -- Up-to-date symlink: /home/nuc-bt/ros2_ws/src/drive/obstacle_detection/install/obstacle_msgs/share/obstacle_msgs/environment/ament_prefix_path.sh
[1.084s] -- Up-to-date symlink: /home/nuc-bt/ros2_ws/src/drive/obstacle_detection/install/obstacle_msgs/share/obstacle_msgs/environment/ament_prefix_path.dsv
[1.085s] -- Up-to-date symlink: /home/nuc-bt/ros2_ws/src/drive/obstacle_detection/install/obstacle_msgs/share/obstacle_msgs/environment/path.sh
[1.085s] -- Up-to-date symlink: /home/nuc-bt/ros2_ws/src/drive/obstacle_detection/install/obstacle_msgs/share/obstacle_msgs/environment/path.dsv
[1.085s] -- Up-to-date symlink: /home/nuc-bt/ros2_ws/src/drive/obstacle_detection/install/obstacle_msgs/share/obstacle_msgs/local_setup.bash
[1.085s] -- Up-to-date symlink: /home/nuc-bt/ros2_ws/src/drive/obstacle_detection/install/obstacle_msgs/share/obstacle_msgs/local_setup.sh
[1.085s] -- Up-to-date symlink: /home/nuc-bt/ros2_ws/src/drive/obstacle_detection/install/obstacle_msgs/share/obstacle_msgs/local_setup.zsh
[1.085s] -- Up-to-date symlink: /home/nuc-bt/ros2_ws/src/drive/obstacle_detection/install/obstacle_msgs/share/obstacle_msgs/local_setup.dsv
[1.086s] -- Symlinking: /home/nuc-bt/ros2_ws/src/drive/obstacle_detection/install/obstacle_msgs/share/obstacle_msgs/package.dsv
[1.097s] -- Up-to-date symlink: /home/nuc-bt/ros2_ws/src/drive/obstacle_detection/install/obstacle_msgs/share/ament_index/resource_index/packages/obstacle_msgs
[1.097s] -- Up-to-date symlink: /home/nuc-bt/ros2_ws/src/drive/obstacle_detection/install/obstacle_msgs/share/obstacle_msgs/cmake/rosidl_cmake-extras.cmake
[1.097s] -- Up-to-date symlink: /home/nuc-bt/ros2_ws/src/drive/obstacle_detection/install/obstacle_msgs/share/obstacle_msgs/cmake/ament_cmake_export_dependencies-extras.cmake
[1.097s] -- Up-to-date symlink: /home/nuc-bt/ros2_ws/src/drive/obstacle_detection/install/obstacle_msgs/share/obstacle_msgs/cmake/ament_cmake_export_include_directories-extras.cmake
[1.098s] -- Up-to-date symlink: /home/nuc-bt/ros2_ws/src/drive/obstacle_detection/install/obstacle_msgs/share/obstacle_msgs/cmake/ament_cmake_export_libraries-extras.cmake
[1.098s] -- Up-to-date symlink: /home/nuc-bt/ros2_ws/src/drive/obstacle_detection/install/obstacle_msgs/share/obstacle_msgs/cmake/ament_cmake_export_targets-extras.cmake
[1.098s] -- Up-to-date symlink: /home/nuc-bt/ros2_ws/src/drive/obstacle_detection/install/obstacle_msgs/share/obstacle_msgs/cmake/rosidl_cmake_export_typesupport_targets-extras.cmake
[1.098s] -- Up-to-date symlink: /home/nuc-bt/ros2_ws/src/drive/obstacle_detection/install/obstacle_msgs/share/obstacle_msgs/cmake/rosidl_cmake_export_typesupport_libraries-extras.cmake
[1.098s] -- Up-to-date symlink: /home/nuc-bt/ros2_ws/src/drive/obstacle_detection/install/obstacle_msgs/share/obstacle_msgs/cmake/obstacle_msgsConfig.cmake
[1.098s] -- Up-to-date symlink: /home/nuc-bt/ros2_ws/src/drive/obstacle_detection/install/obstacle_msgs/share/obstacle_msgs/cmake/obstacle_msgsConfig-version.cmake
[1.099s] -- Up-to-date symlink: /home/nuc-bt/ros2_ws/src/drive/obstacle_detection/install/obstacle_msgs/share/obstacle_msgs/package.xml
[1.099s] -- Up-to-date: /home/nuc-bt/ros2_ws/src/drive/obstacle_detection/install/obstacle_msgs/lib/libobstacle_msgs__rosidl_generator_c.so
[1.099s] -- Up-to-date: /home/nuc-bt/ros2_ws/src/drive/obstacle_detection/install/obstacle_msgs/lib/libobstacle_msgs__rosidl_typesupport_fastrtps_c.so
[1.099s] -- Up-to-date: /home/nuc-bt/ros2_ws/src/drive/obstacle_detection/install/obstacle_msgs/lib/libobstacle_msgs__rosidl_typesupport_fastrtps_cpp.so
[1.099s] -- Up-to-date: /home/nuc-bt/ros2_ws/src/drive/obstacle_detection/install/obstacle_msgs/lib/libobstacle_msgs__rosidl_typesupport_introspection_c.so
[1.100s] -- Up-to-date: /home/nuc-bt/ros2_ws/src/drive/obstacle_detection/install/obstacle_msgs/lib/libobstacle_msgs__rosidl_typesupport_c.so
[1.100s] -- Up-to-date: /home/nuc-bt/ros2_ws/src/drive/obstacle_detection/install/obstacle_msgs/lib/libobstacle_msgs__rosidl_typesupport_introspection_cpp.so
[1.100s] -- Up-to-date: /home/nuc-bt/ros2_ws/src/drive/obstacle_detection/install/obstacle_msgs/lib/libobstacle_msgs__rosidl_typesupport_cpp.so
[1.134s] Listing '/home/nuc-bt/ros2_ws/src/drive/obstacle_detection/install/obstacle_msgs/local/lib/python3.10/dist-packages/obstacle_msgs'...
[1.134s] Listing '/home/nuc-bt/ros2_ws/src/drive/obstacle_detection/install/obstacle_msgs/local/lib/python3.10/dist-packages/obstacle_msgs/msg'...
[1.139s] -- Up-to-date: /home/nuc-bt/ros2_ws/src/drive/obstacle_detection/install/obstacle_msgs/lib/libobstacle_msgs__rosidl_generator_py.so
[1.141s] -- Up-to-date: /home/nuc-bt/ros2_ws/src/drive/obstacle_detection/install/obstacle_msgs/share/obstacle_msgs/cmake/export_obstacle_msgs__rosidl_generator_cExport.cmake
[1.141s] -- Up-to-date: /home/nuc-bt/ros2_ws/src/drive/obstacle_detection/install/obstacle_msgs/share/obstacle_msgs/cmake/export_obstacle_msgs__rosidl_generator_cExport-noconfig.cmake
[1.141s] -- Up-to-date: /home/nuc-bt/ros2_ws/src/drive/obstacle_detection/install/obstacle_msgs/share/obstacle_msgs/cmake/export_obstacle_msgs__rosidl_typesupport_fastrtps_cExport.cmake
[1.141s] -- Up-to-date: /home/nuc-bt/ros2_ws/src/drive/obstacle_detection/install/obstacle_msgs/share/obstacle_msgs/cmake/export_obstacle_msgs__rosidl_typesupport_fastrtps_cExport-noconfig.cmake
[1.141s] -- Up-to-date: /home/nuc-bt/ros2_ws/src/drive/obstacle_detection/install/obstacle_msgs/share/obstacle_msgs/cmake/export_obstacle_msgs__rosidl_generator_cppExport.cmake
[1.142s] -- Up-to-date: /home/nuc-bt/ros2_ws/src/drive/obstacle_detection/install/obstacle_msgs/share/obstacle_msgs/cmake/export_obstacle_msgs__rosidl_typesupport_fastrtps_cppExport.cmake
[1.142s] -- Up-to-date: /home/nuc-bt/ros2_ws/src/drive/obstacle_detection/install/obstacle_msgs/share/obstacle_msgs/cmake/export_obstacle_msgs__rosidl_typesupport_fastrtps_cppExport-noconfig.cmake
[1.142s] -- Up-to-date: /home/nuc-bt/ros2_ws/src/drive/obstacle_detection/install/obstacle_msgs/share/obstacle_msgs/cmake/obstacle_msgs__rosidl_typesupport_introspection_cExport.cmake
[1.142s] -- Up-to-date: /home/nuc-bt/ros2_ws/src/drive/obstacle_detection/install/obstacle_msgs/share/obstacle_msgs/cmake/obstacle_msgs__rosidl_typesupport_introspection_cExport-noconfig.cmake
[1.142s] -- Up-to-date: /home/nuc-bt/ros2_ws/src/drive/obstacle_detection/install/obstacle_msgs/share/obstacle_msgs/cmake/obstacle_msgs__rosidl_typesupport_cExport.cmake
[1.142s] -- Up-to-date: /home/nuc-bt/ros2_ws/src/drive/obstacle_detection/install/obstacle_msgs/share/obstacle_msgs/cmake/obstacle_msgs__rosidl_typesupport_cExport-noconfig.cmake
[1.142s] -- Up-to-date: /home/nuc-bt/ros2_ws/src/drive/obstacle_detection/install/obstacle_msgs/share/obstacle_msgs/cmake/obstacle_msgs__rosidl_typesupport_introspection_cppExport.cmake
[1.142s] -- Up-to-date: /home/nuc-bt/ros2_ws/src/drive/obstacle_detection/install/obstacle_msgs/share/obstacle_msgs/cmake/obstacle_msgs__rosidl_typesupport_introspection_cppExport-noconfig.cmake
[1.142s] -- Up-to-date: /home/nuc-bt/ros2_ws/src/drive/obstacle_detection/install/obstacle_msgs/share/obstacle_msgs/cmake/obstacle_msgs__rosidl_typesupport_cppExport.cmake
[1.143s] -- Up-to-date: /home/nuc-bt/ros2_ws/src/drive/obstacle_detection/install/obstacle_msgs/share/obstacle_msgs/cmake/obstacle_msgs__rosidl_typesupport_cppExport-noconfig.cmake
[1.143s] -- Up-to-date: /home/nuc-bt/ros2_ws/src/drive/obstacle_detection/install/obstacle_msgs/share/obstacle_msgs/cmake/export_obstacle_msgs__rosidl_generator_pyExport.cmake
[1.143s] -- Up-to-date: /home/nuc-bt/ros2_ws/src/drive/obstacle_detection/install/obstacle_msgs/share/obstacle_msgs/cmake/export_obstacle_msgs__rosidl_generator_pyExport-noconfig.cmake
[1.164s] Invoked command in '/home/nuc-bt/ros2_ws/src/drive/obstacle_detection/build/obstacle_msgs' returned '0': CMAKE_PREFIX_PATH=/opt/ros/humble /usr/bin/cmake --install /home/nuc-bt/ros2_ws/src/drive/obstacle_detection/build/obstacle_msgs
