[0.084s] Invoking command in '/home/nuc-bt/ros2_ws/src/drive/obstacle_detection/build/obstacle_detection': CMAKE_PREFIX_PATH=${CMAKE_PREFIX_PATH}:/opt/ros/humble /usr/bin/cmake --build /home/nuc-bt/ros2_ws/src/drive/obstacle_detection/build/obstacle_detection -- -j8 -l8
[0.126s] [ 66%] [32mBuilding CXX object CMakeFiles/obstacle_detection_node.dir/src/obstacle_detection.cpp.o[0m
[0.126s] [ 66%] [32mBuilding CXX object CMakeFiles/obstacle_detection_node.dir/src/main.cpp.o[0m
[2.183s] [01m[K/home/nuc-bt/ros2_ws/src/drive/obstacle_detection/obstacle_detection/src/obstacle_detection.cpp:[m[K In member function ‘[01m[Kvoid ObsDetection::scan_callback(std::shared_ptr<sensor_msgs::msg::LaserScan_<std::allocator<void> > >)[m[K’:
[2.183s] [01m[K/home/nuc-bt/ros2_ws/src/drive/obstacle_detection/obstacle_detection/src/obstacle_detection.cpp:32:13:[m[K [01;35m[Kwarning: [m[KISO C++ forbids variable length array ‘[01m[Kdetect_area[m[K’ [[01;35m[K-Wvla[m[K]
[2.183s]    32 |         int [01;35m[Kdetect_area[m[K[detect_arealen][detect_arealen]={0,};
[2.183s]       |             [01;35m[K^~~~~~~~~~~[m[K
[2.183s] [01m[K/home/nuc-bt/ros2_ws/src/drive/obstacle_detection/obstacle_detection/src/obstacle_detection.cpp:32:13:[m[K [01;35m[Kwarning: [m[KISO C++ forbids variable length array ‘[01m[Kdetect_area[m[K’ [[01;35m[K-Wvla[m[K]
[2.183s] [01m[K/home/nuc-bt/ros2_ws/src/drive/obstacle_detection/obstacle_detection/src/obstacle_detection.cpp:35:20:[m[K [01;35m[Kwarning: [m[Kcomparison of integer expressions of different signedness: ‘[01m[Kint[m[K’ and ‘[01m[Kstd::vector<float>::size_type[m[K’ {aka ‘[01m[Klong unsigned int[m[K’} [[01;35m[K-Wsign-compare[m[K]
[2.183s]    35 |         for(lp=1;[01;35m[Klp<scan->ranges.size()[m[K;lp++)
[2.183s]       |                  [01;35m[K~~^~~~~~~~~~~~~~~~~~~~[m[K
[2.183s] [01m[K/home/nuc-bt/ros2_ws/src/drive/obstacle_detection/obstacle_detection/src/obstacle_detection.cpp:14:13:[m[K [01;35m[Kwarning: [m[Kunused variable ‘[01m[Kdistance_val[m[K’ [[01;35m[K-Wunused-variable[m[K]
[2.184s]    14 |         int [01;35m[Kdistance_val[m[K,detect_val, detect_flag;
[2.184s]       |             [01;35m[K^~~~~~~~~~~~[m[K
[2.184s] [01m[K/home/nuc-bt/ros2_ws/src/drive/obstacle_detection/obstacle_detection/src/obstacle_detection.cpp:14:26:[m[K [01;35m[Kwarning: [m[Kvariable ‘[01m[Kdetect_val[m[K’ set but not used [[01;35m[K-Wunused-but-set-variable[m[K]
[2.184s]    14 |         int distance_val,[01;35m[Kdetect_val[m[K, detect_flag;
[2.184s]       |                          [01;35m[K^~~~~~~~~~[m[K
[2.184s] [01m[K/home/nuc-bt/ros2_ws/src/drive/obstacle_detection/obstacle_detection/src/obstacle_detection.cpp:29:13:[m[K [01;35m[Kwarning: [m[Kunused variable ‘[01m[Knum_ranges[m[K’ [[01;35m[K-Wunused-variable[m[K]
[2.184s]    29 |         int [01;35m[Knum_ranges[m[K = scan->ranges.size();
[2.184s]       |             [01;35m[K^~~~~~~~~~[m[K
[3.957s] [01m[K/home/nuc-bt/ros2_ws/src/drive/obstacle_detection/obstacle_detection/src/obstacle_detection.cpp:15:9:[m[K [01;35m[Kwarning: [m[K‘[01m[Kdistance_x[m[K’ is used uninitialized [[01;35m[K-Wuninitialized[m[K]
[3.957s]    15 |         [01;35m[Kif[m[K(distance_x < 0)
[3.957s]       |         [01;35m[K^~[m[K
[3.957s] [01m[K/home/nuc-bt/ros2_ws/src/drive/obstacle_detection/obstacle_detection/src/obstacle_detection.cpp:20:29:[m[K [01;35m[Kwarning: [m[K‘[01m[Klidar_range[m[K’ may be used uninitialized [[01;35m[K-Wmaybe-uninitialized[m[K]
[3.957s]    20 |                 [01;35m[Karea_size_y2=lidar_range - 0.0[m[K;
[3.957s]       |                 [01;35m[K~~~~~~~~~~~~^~~~~~~~~~~~~~~~~~[m[K
[5.933s] [100%] [32m[1mLinking CXX executable obstacle_detection_node[0m
[6.183s] [100%] Built target obstacle_detection_node
[6.193s] Invoked command in '/home/nuc-bt/ros2_ws/src/drive/obstacle_detection/build/obstacle_detection' returned '0': CMAKE_PREFIX_PATH=${CMAKE_PREFIX_PATH}:/opt/ros/humble /usr/bin/cmake --build /home/nuc-bt/ros2_ws/src/drive/obstacle_detection/build/obstacle_detection -- -j8 -l8
[6.223s] Invoking command in '/home/nuc-bt/ros2_ws/src/drive/obstacle_detection/build/obstacle_detection': CMAKE_PREFIX_PATH=${CMAKE_PREFIX_PATH}:/opt/ros/humble /usr/bin/cmake --install /home/nuc-bt/ros2_ws/src/drive/obstacle_detection/build/obstacle_detection
[6.230s] -- Install configuration: ""
[6.230s] -- Execute custom install script
[6.230s] -- Symlinking: /home/nuc-bt/ros2_ws/src/drive/obstacle_detection/install/obstacle_detection/lib/obstacle_detection/obstacle_detection_node
[6.237s] -- Symlinking: /home/nuc-bt/ros2_ws/src/drive/obstacle_detection/install/obstacle_detection/share/ament_index/resource_index/package_run_dependencies/obstacle_detection
[6.244s] -- Symlinking: /home/nuc-bt/ros2_ws/src/drive/obstacle_detection/install/obstacle_detection/share/ament_index/resource_index/parent_prefix_path/obstacle_detection
[6.253s] -- Symlinking: /home/nuc-bt/ros2_ws/src/drive/obstacle_detection/install/obstacle_detection/share/obstacle_detection/environment/ament_prefix_path.sh
[6.263s] -- Symlinking: /home/nuc-bt/ros2_ws/src/drive/obstacle_detection/install/obstacle_detection/share/obstacle_detection/environment/ament_prefix_path.dsv
[6.272s] -- Symlinking: /home/nuc-bt/ros2_ws/src/drive/obstacle_detection/install/obstacle_detection/share/obstacle_detection/environment/path.sh
[6.280s] -- Symlinking: /home/nuc-bt/ros2_ws/src/drive/obstacle_detection/install/obstacle_detection/share/obstacle_detection/environment/path.dsv
[6.290s] -- Symlinking: /home/nuc-bt/ros2_ws/src/drive/obstacle_detection/install/obstacle_detection/share/obstacle_detection/local_setup.bash
[6.297s] -- Symlinking: /home/nuc-bt/ros2_ws/src/drive/obstacle_detection/install/obstacle_detection/share/obstacle_detection/local_setup.sh
[6.305s] -- Symlinking: /home/nuc-bt/ros2_ws/src/drive/obstacle_detection/install/obstacle_detection/share/obstacle_detection/local_setup.zsh
[6.313s] -- Symlinking: /home/nuc-bt/ros2_ws/src/drive/obstacle_detection/install/obstacle_detection/share/obstacle_detection/local_setup.dsv
[6.320s] -- Symlinking: /home/nuc-bt/ros2_ws/src/drive/obstacle_detection/install/obstacle_detection/share/obstacle_detection/package.dsv
[6.327s] -- Symlinking: /home/nuc-bt/ros2_ws/src/drive/obstacle_detection/install/obstacle_detection/share/ament_index/resource_index/packages/obstacle_detection
[6.334s] -- Symlinking: /home/nuc-bt/ros2_ws/src/drive/obstacle_detection/install/obstacle_detection/share/obstacle_detection/cmake/obstacle_detectionConfig.cmake
[6.340s] -- Symlinking: /home/nuc-bt/ros2_ws/src/drive/obstacle_detection/install/obstacle_detection/share/obstacle_detection/cmake/obstacle_detectionConfig-version.cmake
[6.347s] -- Symlinking: /home/nuc-bt/ros2_ws/src/drive/obstacle_detection/install/obstacle_detection/share/obstacle_detection/package.xml
[6.354s] Invoked command in '/home/nuc-bt/ros2_ws/src/drive/obstacle_detection/build/obstacle_detection' returned '0': CMAKE_PREFIX_PATH=${CMAKE_PREFIX_PATH}:/opt/ros/humble /usr/bin/cmake --install /home/nuc-bt/ros2_ws/src/drive/obstacle_detection/build/obstacle_detection
