[01m[K/home/nuc-bt/ros2_ws/src/drive/obstacle_detection/obstacle_detection/src/obstacle_detection.cpp:[m[K In member function ‘[01m[Kvoid ObsDetection::scan_callback(std::shared_ptr<sensor_msgs::msg::LaserScan_<std::allocator<void> > >)[m[K’:
[01m[K/home/nuc-bt/ros2_ws/src/drive/obstacle_detection/obstacle_detection/src/obstacle_detection.cpp:79:13:[m[K [01;35m[Kwarning: [m[KISO C++ forbids variable length array ‘[01m[Kdetect_area[m[K’ [[01;35m[K-Wvla[m[K]
   79 |         int [01;35m[Kdetect_area[m[K[detect_arealen][detect_arealen]={0,};
      |             [01;35m[K^~~~~~~~~~~[m[K
[01m[K/home/nuc-bt/ros2_ws/src/drive/obstacle_detection/obstacle_detection/src/obstacle_detection.cpp:79:13:[m[K [01;35m[Kwarning: [m[KISO C++ forbids variable length array ‘[01m[Kdetect_area[m[K’ [[01;35m[K-Wvla[m[K]
[01m[K/home/nuc-bt/ros2_ws/src/drive/obstacle_detection/obstacle_detection/src/obstacle_detection.cpp:82:20:[m[K [01;35m[Kwarning: [m[Kcomparison of integer expressions of different signedness: ‘[01m[Kint[m[K’ and ‘[01m[Kstd::vector<float>::size_type[m[K’ {aka ‘[01m[Klong unsigned int[m[K’} [[01;35m[K-Wsign-compare[m[K]
   82 |         for(lp=1;[01;35m[Klp<scan->ranges.size()[m[K;lp++)
      |                  [01;35m[K~~^~~~~~~~~~~~~~~~~~~~[m[K
[01m[K/home/nuc-bt/ros2_ws/src/drive/obstacle_detection/obstacle_detection/src/obstacle_detection.cpp:98:44:[m[K [01;35m[Kwarning: [m[Kformat ‘[01m[K%f[m[K’ expects argument of type ‘[01m[Kdouble[m[K’, but argument 2 has type ‘[01m[Kunsigned int[m[K’ [[01;35m[K-Wformat=[m[K]
   98 |                                 printf("1 [01;35m[K%f[m[K,%f,%f,%f\n",[32m[Kdetect_arealen/2[m[K,robot_detect_x, lp_x,lp_y);
      |                                           [01;35m[K~^[m[K             [32m[K~~~~~~~~~~~~~~~~[m[K
      |                                            [01;35m[K|[m[K                           [32m[K|[m[K
      |                                            [01;35m[Kdouble[m[K                      [32m[Kunsigned int[m[K
      |                                           [32m[K%d[m[K
[01m[K/home/nuc-bt/ros2_ws/src/drive/obstacle_detection/obstacle_detection/src/obstacle_detection.cpp:98:47:[m[K [01;35m[Kwarning: [m[Kformat ‘[01m[K%f[m[K’ expects argument of type ‘[01m[Kdouble[m[K’, but argument 3 has type ‘[01m[Kint[m[K’ [[01;35m[K-Wformat=[m[K]
   98 |                                 printf("1 %f,[01;35m[K%f[m[K,%f,%f\n",detect_arealen/2,[32m[Krobot_detect_x[m[K, lp_x,lp_y);
      |                                              [01;35m[K~^[m[K                           [32m[K~~~~~~~~~~~~~~[m[K
      |                                               [01;35m[K|[m[K                           [32m[K|[m[K
      |                                               [01;35m[Kdouble[m[K                      [32m[Kint[m[K
      |                                              [32m[K%d[m[K
[01m[K/home/nuc-bt/ros2_ws/src/drive/obstacle_detection/obstacle_detection/src/obstacle_detection.cpp:98:50:[m[K [01;35m[Kwarning: [m[Kformat ‘[01m[K%f[m[K’ expects argument of type ‘[01m[Kdouble[m[K’, but argument 4 has type ‘[01m[Kint[m[K’ [[01;35m[K-Wformat=[m[K]
   98 |                                 printf("1 %f,%f,[01;35m[K%f[m[K,%f\n",detect_arealen/2,robot_detect_x, [32m[Klp_x[m[K,lp_y);
      |                                                 [01;35m[K~^[m[K                                        [32m[K~~~~[m[K
      |                                                  [01;35m[K|[m[K                                        [32m[K|[m[K
      |                                                  [01;35m[Kdouble[m[K                                   [32m[Kint[m[K
      |                                                 [32m[K%d[m[K
[01m[K/home/nuc-bt/ros2_ws/src/drive/obstacle_detection/obstacle_detection/src/obstacle_detection.cpp:98:53:[m[K [01;35m[Kwarning: [m[Kformat ‘[01m[K%f[m[K’ expects argument of type ‘[01m[Kdouble[m[K’, but argument 5 has type ‘[01m[Kint[m[K’ [[01;35m[K-Wformat=[m[K]
   98 |                                 printf("1 %f,%f,%f,[01;35m[K%f[m[K\n",detect_arealen/2,robot_detect_x, lp_x,[32m[Klp_y[m[K);
      |                                                    [01;35m[K~^[m[K                                          [32m[K~~~~[m[K
      |                                                     [01;35m[K|[m[K                                          [32m[K|[m[K
      |                                                     [01;35m[Kdouble[m[K                                     [32m[Kint[m[K
      |                                                    [32m[K%d[m[K
[01m[K/home/nuc-bt/ros2_ws/src/drive/obstacle_detection/obstacle_detection/src/obstacle_detection.cpp:101:44:[m[K [01;35m[Kwarning: [m[Kformat ‘[01m[K%f[m[K’ expects argument of type ‘[01m[Kdouble[m[K’, but argument 2 has type ‘[01m[Kunsigned int[m[K’ [[01;35m[K-Wformat=[m[K]
  101 |                                 printf("2 [01;35m[K%f[m[K,%f,%f,%f\n",[32m[Kdetect_arealen/2[m[K,robot_detect_x, lp_x,lp_y);
      |                                           [01;35m[K~^[m[K             [32m[K~~~~~~~~~~~~~~~~[m[K
      |                                            [01;35m[K|[m[K                           [32m[K|[m[K
      |                                            [01;35m[Kdouble[m[K                      [32m[Kunsigned int[m[K
      |                                           [32m[K%d[m[K
[01m[K/home/nuc-bt/ros2_ws/src/drive/obstacle_detection/obstacle_detection/src/obstacle_detection.cpp:101:47:[m[K [01;35m[Kwarning: [m[Kformat ‘[01m[K%f[m[K’ expects argument of type ‘[01m[Kdouble[m[K’, but argument 3 has type ‘[01m[Kint[m[K’ [[01;35m[K-Wformat=[m[K]
  101 |                                 printf("2 %f,[01;35m[K%f[m[K,%f,%f\n",detect_arealen/2,[32m[Krobot_detect_x[m[K, lp_x,lp_y);
      |                                              [01;35m[K~^[m[K                           [32m[K~~~~~~~~~~~~~~[m[K
      |                                               [01;35m[K|[m[K                           [32m[K|[m[K
      |                                               [01;35m[Kdouble[m[K                      [32m[Kint[m[K
      |                                              [32m[K%d[m[K
[01m[K/home/nuc-bt/ros2_ws/src/drive/obstacle_detection/obstacle_detection/src/obstacle_detection.cpp:101:50:[m[K [01;35m[Kwarning: [m[Kformat ‘[01m[K%f[m[K’ expects argument of type ‘[01m[Kdouble[m[K’, but argument 4 has type ‘[01m[Kint[m[K’ [[01;35m[K-Wformat=[m[K]
  101 |                                 printf("2 %f,%f,[01;35m[K%f[m[K,%f\n",detect_arealen/2,robot_detect_x, [32m[Klp_x[m[K,lp_y);
      |                                                 [01;35m[K~^[m[K                                        [32m[K~~~~[m[K
      |                                                  [01;35m[K|[m[K                                        [32m[K|[m[K
      |                                                  [01;35m[Kdouble[m[K                                   [32m[Kint[m[K
      |                                                 [32m[K%d[m[K
[01m[K/home/nuc-bt/ros2_ws/src/drive/obstacle_detection/obstacle_detection/src/obstacle_detection.cpp:101:53:[m[K [01;35m[Kwarning: [m[Kformat ‘[01m[K%f[m[K’ expects argument of type ‘[01m[Kdouble[m[K’, but argument 5 has type ‘[01m[Kint[m[K’ [[01;35m[K-Wformat=[m[K]
  101 |                                 printf("2 %f,%f,%f,[01;35m[K%f[m[K\n",detect_arealen/2,robot_detect_x, lp_x,[32m[Klp_y[m[K);
      |                                                    [01;35m[K~^[m[K                                          [32m[K~~~~[m[K
      |                                                     [01;35m[K|[m[K                                          [32m[K|[m[K
      |                                                     [01;35m[Kdouble[m[K                                     [32m[Kint[m[K
      |                                                    [32m[K%d[m[K
[01m[K/home/nuc-bt/ros2_ws/src/drive/obstacle_detection/obstacle_detection/src/obstacle_detection.cpp:104:44:[m[K [01;35m[Kwarning: [m[Kformat ‘[01m[K%f[m[K’ expects argument of type ‘[01m[Kdouble[m[K’, but argument 2 has type ‘[01m[Kunsigned int[m[K’ [[01;35m[K-Wformat=[m[K]
  104 |                                 printf("3 [01;35m[K%f[m[K,%f,%f,%f\n",[32m[Kdetect_arealen/2[m[K,robot_detect_x, lp_x,lp_y);
      |                                           [01;35m[K~^[m[K             [32m[K~~~~~~~~~~~~~~~~[m[K
      |                                            [01;35m[K|[m[K                           [32m[K|[m[K
      |                                            [01;35m[Kdouble[m[K                      [32m[Kunsigned int[m[K
      |                                           [32m[K%d[m[K
[01m[K/home/nuc-bt/ros2_ws/src/drive/obstacle_detection/obstacle_detection/src/obstacle_detection.cpp:104:47:[m[K [01;35m[Kwarning: [m[Kformat ‘[01m[K%f[m[K’ expects argument of type ‘[01m[Kdouble[m[K’, but argument 3 has type ‘[01m[Kint[m[K’ [[01;35m[K-Wformat=[m[K]
  104 |                                 printf("3 %f,[01;35m[K%f[m[K,%f,%f\n",detect_arealen/2,[32m[Krobot_detect_x[m[K, lp_x,lp_y);
      |                                              [01;35m[K~^[m[K                           [32m[K~~~~~~~~~~~~~~[m[K
      |                                               [01;35m[K|[m[K                           [32m[K|[m[K
      |                                               [01;35m[Kdouble[m[K                      [32m[Kint[m[K
      |                                              [32m[K%d[m[K
[01m[K/home/nuc-bt/ros2_ws/src/drive/obstacle_detection/obstacle_detection/src/obstacle_detection.cpp:104:50:[m[K [01;35m[Kwarning: [m[Kformat ‘[01m[K%f[m[K’ expects argument of type ‘[01m[Kdouble[m[K’, but argument 4 has type ‘[01m[Kint[m[K’ [[01;35m[K-Wformat=[m[K]
  104 |                                 printf("3 %f,%f,[01;35m[K%f[m[K,%f\n",detect_arealen/2,robot_detect_x, [32m[Klp_x[m[K,lp_y);
      |                                                 [01;35m[K~^[m[K                                        [32m[K~~~~[m[K
      |                                                  [01;35m[K|[m[K                                        [32m[K|[m[K
      |                                                  [01;35m[Kdouble[m[K                                   [32m[Kint[m[K
      |                                                 [32m[K%d[m[K
[01m[K/home/nuc-bt/ros2_ws/src/drive/obstacle_detection/obstacle_detection/src/obstacle_detection.cpp:104:53:[m[K [01;35m[Kwarning: [m[Kformat ‘[01m[K%f[m[K’ expects argument of type ‘[01m[Kdouble[m[K’, but argument 5 has type ‘[01m[Kint[m[K’ [[01;35m[K-Wformat=[m[K]
  104 |                                 printf("3 %f,%f,%f,[01;35m[K%f[m[K\n",detect_arealen/2,robot_detect_x, lp_x,[32m[Klp_y[m[K);
      |                                                    [01;35m[K~^[m[K                                          [32m[K~~~~[m[K
      |                                                     [01;35m[K|[m[K                                          [32m[K|[m[K
      |                                                     [01;35m[Kdouble[m[K                                     [32m[Kint[m[K
      |                                                    [32m[K%d[m[K
[01m[K/home/nuc-bt/ros2_ws/src/drive/obstacle_detection/obstacle_detection/src/obstacle_detection.cpp:110:44:[m[K [01;35m[Kwarning: [m[Kformat ‘[01m[K%f[m[K’ expects argument of type ‘[01m[Kdouble[m[K’, but argument 2 has type ‘[01m[Kunsigned int[m[K’ [[01;35m[K-Wformat=[m[K]
  110 |                                 printf("4 [01;35m[K%f[m[K,%f,%f,%f\n",[32m[Kdetect_arealen/2[m[K,robot_detect_x, lp_x,lp_y);
      |                                           [01;35m[K~^[m[K             [32m[K~~~~~~~~~~~~~~~~[m[K
      |                                            [01;35m[K|[m[K                           [32m[K|[m[K
      |                                            [01;35m[Kdouble[m[K                      [32m[Kunsigned int[m[K
      |                                           [32m[K%d[m[K
[01m[K/home/nuc-bt/ros2_ws/src/drive/obstacle_detection/obstacle_detection/src/obstacle_detection.cpp:110:47:[m[K [01;35m[Kwarning: [m[Kformat ‘[01m[K%f[m[K’ expects argument of type ‘[01m[Kdouble[m[K’, but argument 3 has type ‘[01m[Kint[m[K’ [[01;35m[K-Wformat=[m[K]
  110 |                                 printf("4 %f,[01;35m[K%f[m[K,%f,%f\n",detect_arealen/2,[32m[Krobot_detect_x[m[K, lp_x,lp_y);
      |                                              [01;35m[K~^[m[K                           [32m[K~~~~~~~~~~~~~~[m[K
      |                                               [01;35m[K|[m[K                           [32m[K|[m[K
      |                                               [01;35m[Kdouble[m[K                      [32m[Kint[m[K
      |                                              [32m[K%d[m[K
[01m[K/home/nuc-bt/ros2_ws/src/drive/obstacle_detection/obstacle_detection/src/obstacle_detection.cpp:110:50:[m[K [01;35m[Kwarning: [m[Kformat ‘[01m[K%f[m[K’ expects argument of type ‘[01m[Kdouble[m[K’, but argument 4 has type ‘[01m[Kint[m[K’ [[01;35m[K-Wformat=[m[K]
  110 |                                 printf("4 %f,%f,[01;35m[K%f[m[K,%f\n",detect_arealen/2,robot_detect_x, [32m[Klp_x[m[K,lp_y);
      |                                                 [01;35m[K~^[m[K                                        [32m[K~~~~[m[K
      |                                                  [01;35m[K|[m[K                                        [32m[K|[m[K
      |                                                  [01;35m[Kdouble[m[K                                   [32m[Kint[m[K
      |                                                 [32m[K%d[m[K
[01m[K/home/nuc-bt/ros2_ws/src/drive/obstacle_detection/obstacle_detection/src/obstacle_detection.cpp:110:53:[m[K [01;35m[Kwarning: [m[Kformat ‘[01m[K%f[m[K’ expects argument of type ‘[01m[Kdouble[m[K’, but argument 5 has type ‘[01m[Kint[m[K’ [[01;35m[K-Wformat=[m[K]
  110 |                                 printf("4 %f,%f,%f,[01;35m[K%f[m[K\n",detect_arealen/2,robot_detect_x, lp_x,[32m[Klp_y[m[K);
      |                                                    [01;35m[K~^[m[K                                          [32m[K~~~~[m[K
      |                                                     [01;35m[K|[m[K                                          [32m[K|[m[K
      |                                                     [01;35m[Kdouble[m[K                                     [32m[Kint[m[K
      |                                                    [32m[K%d[m[K
[01m[K/home/nuc-bt/ros2_ws/src/drive/obstacle_detection/obstacle_detection/src/obstacle_detection.cpp:76:13:[m[K [01;35m[Kwarning: [m[Kunused variable ‘[01m[Knum_ranges[m[K’ [[01;35m[K-Wunused-variable[m[K]
   76 |         int [01;35m[Knum_ranges[m[K = scan->ranges.size();
      |             [01;35m[K^~~~~~~~~~[m[K
[01m[K/home/nuc-bt/ros2_ws/src/drive/obstacle_detection/obstacle_detection/src/obstacle_detection.cpp:98:39:[m[K [01;35m[Kwarning: [m[K‘[01m[Klp_x[m[K’ is used uninitialized [[01;35m[K-Wuninitialized[m[K]
   98 |                                 [01;35m[Kprintf("1 %f,%f,%f,%f\n",detect_arealen/2,robot_detect_x, lp_x,lp_y)[m[K;
      |                                 [01;35m[K~~~~~~^~~~~~~~~~~~~~~~~~~~~~~~~~~~~~~~~~~~~~~~~~~~~~~~~~~~~~~~~~~~~~[m[K
[01m[K/home/nuc-bt/ros2_ws/src/drive/obstacle_detection/obstacle_detection/src/obstacle_detection.cpp:98:39:[m[K [01;35m[Kwarning: [m[K‘[01m[Klp_y[m[K’ is used uninitialized [[01;35m[K-Wuninitialized[m[K]
