[0.044s] Invoking command in '/home/nuc-bt/ros2_ws/src/drive/obstacle_detection/build/obstacle_detection': AMENT_PREFIX_PATH=/home/nuc-bt/ros2_ws/src/drive/obstacle_detection/install/obstacle_msgs:${AMENT_PREFIX_PATH} CMAKE_PREFIX_PATH=/home/nuc-bt/ros2_ws/src/drive/obstacle_detection/install/obstacle_msgs:/opt/ros/humble LD_LIBRARY_PATH=/home/nuc-bt/ros2_ws/src/drive/obstacle_detection/install/obstacle_msgs/lib:${LD_LIBRARY_PATH} PYTHONPATH=/home/nuc-bt/ros2_ws/src/drive/obstacle_detection/install/obstacle_msgs/local/lib/python3.10/dist-packages:${PYTHONPATH} /usr/bin/cmake --build /home/nuc-bt/ros2_ws/src/drive/obstacle_detection/build/obstacle_detection -- -j8 -l8
[0.075s] [35m[1mConsolidate compiler generated dependencies of target obstacle_detection_node[0m
[0.090s] [ 33%] [32mBuilding CXX object CMakeFiles/obstacle_detection_node.dir/src/obstacle_detection.cpp.o[0m
[2.024s] [01m[K/home/nuc-bt/ros2_ws/src/drive/obstacle_detection/obstacle_detection/src/obstacle_detection.cpp:[m[K In member function ‘[01m[Kvoid ObsDetection::scan_callback(std::shared_ptr<sensor_msgs::msg::LaserScan_<std::allocator<void> > >)[m[K’:
[2.024s] [01m[K/home/nuc-bt/ros2_ws/src/drive/obstacle_detection/obstacle_detection/src/obstacle_detection.cpp:79:13:[m[K [01;35m[Kwarning: [m[KISO C++ forbids variable length array ‘[01m[Kdetect_area[m[K’ [[01;35m[K-Wvla[m[K]
[2.025s]    79 |         int [01;35m[Kdetect_area[m[K[detect_arealen][detect_arealen]={0,};
[2.025s]       |             [01;35m[K^~~~~~~~~~~[m[K
[2.025s] [01m[K/home/nuc-bt/ros2_ws/src/drive/obstacle_detection/obstacle_detection/src/obstacle_detection.cpp:79:13:[m[K [01;35m[Kwarning: [m[KISO C++ forbids variable length array ‘[01m[Kdetect_area[m[K’ [[01;35m[K-Wvla[m[K]
[2.025s] [01m[K/home/nuc-bt/ros2_ws/src/drive/obstacle_detection/obstacle_detection/src/obstacle_detection.cpp:82:20:[m[K [01;35m[Kwarning: [m[Kcomparison of integer expressions of different signedness: ‘[01m[Kint[m[K’ and ‘[01m[Kstd::vector<float>::size_type[m[K’ {aka ‘[01m[Klong unsigned int[m[K’} [[01;35m[K-Wsign-compare[m[K]
[2.025s]    82 |         for(lp=1;[01;35m[Klp<scan->ranges.size()[m[K;lp++)
[2.025s]       |                  [01;35m[K~~^~~~~~~~~~~~~~~~~~~~[m[K
[2.025s] [01m[K/home/nuc-bt/ros2_ws/src/drive/obstacle_detection/obstacle_detection/src/obstacle_detection.cpp:98:44:[m[K [01;35m[Kwarning: [m[Kformat ‘[01m[K%f[m[K’ expects argument of type ‘[01m[Kdouble[m[K’, but argument 2 has type ‘[01m[Kunsigned int[m[K’ [[01;35m[K-Wformat=[m[K]
[2.025s]    98 |                                 printf("1 [01;35m[K%f[m[K,%f,%f,%f\n",[32m[Kdetect_arealen/2[m[K,robot_detect_x, lp_x,lp_y);
[2.025s]       |                                           [01;35m[K~^[m[K             [32m[K~~~~~~~~~~~~~~~~[m[K
[2.025s]       |                                            [01;35m[K|[m[K                           [32m[K|[m[K
[2.025s]       |                                            [01;35m[Kdouble[m[K                      [32m[Kunsigned int[m[K
[2.025s]       |                                           [32m[K%d[m[K
[2.025s] [01m[K/home/nuc-bt/ros2_ws/src/drive/obstacle_detection/obstacle_detection/src/obstacle_detection.cpp:98:47:[m[K [01;35m[Kwarning: [m[Kformat ‘[01m[K%f[m[K’ expects argument of type ‘[01m[Kdouble[m[K’, but argument 3 has type ‘[01m[Kint[m[K’ [[01;35m[K-Wformat=[m[K]
[2.025s]    98 |                                 printf("1 %f,[01;35m[K%f[m[K,%f,%f\n",detect_arealen/2,[32m[Krobot_detect_x[m[K, lp_x,lp_y);
[2.025s]       |                                              [01;35m[K~^[m[K                           [32m[K~~~~~~~~~~~~~~[m[K
[2.025s]       |                                               [01;35m[K|[m[K                           [32m[K|[m[K
[2.025s]       |                                               [01;35m[Kdouble[m[K                      [32m[Kint[m[K
[2.025s]       |                                              [32m[K%d[m[K
[2.026s] [01m[K/home/nuc-bt/ros2_ws/src/drive/obstacle_detection/obstacle_detection/src/obstacle_detection.cpp:98:50:[m[K [01;35m[Kwarning: [m[Kformat ‘[01m[K%f[m[K’ expects argument of type ‘[01m[Kdouble[m[K’, but argument 4 has type ‘[01m[Kint[m[K’ [[01;35m[K-Wformat=[m[K]
[2.026s]    98 |                                 printf("1 %f,%f,[01;35m[K%f[m[K,%f\n",detect_arealen/2,robot_detect_x, [32m[Klp_x[m[K,lp_y);
[2.026s]       |                                                 [01;35m[K~^[m[K                                        [32m[K~~~~[m[K
[2.026s]       |                                                  [01;35m[K|[m[K                                        [32m[K|[m[K
[2.026s]       |                                                  [01;35m[Kdouble[m[K                                   [32m[Kint[m[K
[2.026s]       |                                                 [32m[K%d[m[K
[2.026s] [01m[K/home/nuc-bt/ros2_ws/src/drive/obstacle_detection/obstacle_detection/src/obstacle_detection.cpp:98:53:[m[K [01;35m[Kwarning: [m[Kformat ‘[01m[K%f[m[K’ expects argument of type ‘[01m[Kdouble[m[K’, but argument 5 has type ‘[01m[Kint[m[K’ [[01;35m[K-Wformat=[m[K]
[2.026s]    98 |                                 printf("1 %f,%f,%f,[01;35m[K%f[m[K\n",detect_arealen/2,robot_detect_x, lp_x,[32m[Klp_y[m[K);
[2.026s]       |                                                    [01;35m[K~^[m[K                                          [32m[K~~~~[m[K
[2.026s]       |                                                     [01;35m[K|[m[K                                          [32m[K|[m[K
[2.026s]       |                                                     [01;35m[Kdouble[m[K                                     [32m[Kint[m[K
[2.026s]       |                                                    [32m[K%d[m[K
[2.026s] [01m[K/home/nuc-bt/ros2_ws/src/drive/obstacle_detection/obstacle_detection/src/obstacle_detection.cpp:101:44:[m[K [01;35m[Kwarning: [m[Kformat ‘[01m[K%f[m[K’ expects argument of type ‘[01m[Kdouble[m[K’, but argument 2 has type ‘[01m[Kunsigned int[m[K’ [[01;35m[K-Wformat=[m[K]
[2.026s]   101 |                                 printf("2 [01;35m[K%f[m[K,%f,%f,%f\n",[32m[Kdetect_arealen/2[m[K,robot_detect_x, lp_x,lp_y);
[2.026s]       |                                           [01;35m[K~^[m[K             [32m[K~~~~~~~~~~~~~~~~[m[K
[2.026s]       |                                            [01;35m[K|[m[K                           [32m[K|[m[K
[2.026s]       |                                            [01;35m[Kdouble[m[K                      [32m[Kunsigned int[m[K
[2.026s]       |                                           [32m[K%d[m[K
[2.026s] [01m[K/home/nuc-bt/ros2_ws/src/drive/obstacle_detection/obstacle_detection/src/obstacle_detection.cpp:101:47:[m[K [01;35m[Kwarning: [m[Kformat ‘[01m[K%f[m[K’ expects argument of type ‘[01m[Kdouble[m[K’, but argument 3 has type ‘[01m[Kint[m[K’ [[01;35m[K-Wformat=[m[K]
[2.026s]   101 |                                 printf("2 %f,[01;35m[K%f[m[K,%f,%f\n",detect_arealen/2,[32m[Krobot_detect_x[m[K, lp_x,lp_y);
[2.026s]       |                                              [01;35m[K~^[m[K                           [32m[K~~~~~~~~~~~~~~[m[K
[2.026s]       |                                               [01;35m[K|[m[K                           [32m[K|[m[K
[2.026s]       |                                               [01;35m[Kdouble[m[K                      [32m[Kint[m[K
[2.026s]       |                                              [32m[K%d[m[K
[2.027s] [01m[K/home/nuc-bt/ros2_ws/src/drive/obstacle_detection/obstacle_detection/src/obstacle_detection.cpp:101:50:[m[K [01;35m[Kwarning: [m[Kformat ‘[01m[K%f[m[K’ expects argument of type ‘[01m[Kdouble[m[K’, but argument 4 has type ‘[01m[Kint[m[K’ [[01;35m[K-Wformat=[m[K]
[2.027s]   101 |                                 printf("2 %f,%f,[01;35m[K%f[m[K,%f\n",detect_arealen/2,robot_detect_x, [32m[Klp_x[m[K,lp_y);
[2.027s]       |                                                 [01;35m[K~^[m[K                                        [32m[K~~~~[m[K
[2.027s]       |                                                  [01;35m[K|[m[K                                        [32m[K|[m[K
[2.027s]       |                                                  [01;35m[Kdouble[m[K                                   [32m[Kint[m[K
[2.027s]       |                                                 [32m[K%d[m[K
[2.027s] [01m[K/home/nuc-bt/ros2_ws/src/drive/obstacle_detection/obstacle_detection/src/obstacle_detection.cpp:101:53:[m[K [01;35m[Kwarning: [m[Kformat ‘[01m[K%f[m[K’ expects argument of type ‘[01m[Kdouble[m[K’, but argument 5 has type ‘[01m[Kint[m[K’ [[01;35m[K-Wformat=[m[K]
[2.027s]   101 |                                 printf("2 %f,%f,%f,[01;35m[K%f[m[K\n",detect_arealen/2,robot_detect_x, lp_x,[32m[Klp_y[m[K);
[2.027s]       |                                                    [01;35m[K~^[m[K                                          [32m[K~~~~[m[K
[2.027s]       |                                                     [01;35m[K|[m[K                                          [32m[K|[m[K
[2.027s]       |                                                     [01;35m[Kdouble[m[K                                     [32m[Kint[m[K
[2.027s]       |                                                    [32m[K%d[m[K
[2.027s] [01m[K/home/nuc-bt/ros2_ws/src/drive/obstacle_detection/obstacle_detection/src/obstacle_detection.cpp:104:44:[m[K [01;35m[Kwarning: [m[Kformat ‘[01m[K%f[m[K’ expects argument of type ‘[01m[Kdouble[m[K’, but argument 2 has type ‘[01m[Kunsigned int[m[K’ [[01;35m[K-Wformat=[m[K]
[2.027s]   104 |                                 printf("3 [01;35m[K%f[m[K,%f,%f,%f\n",[32m[Kdetect_arealen/2[m[K,robot_detect_x, lp_x,lp_y);
[2.027s]       |                                           [01;35m[K~^[m[K             [32m[K~~~~~~~~~~~~~~~~[m[K
[2.027s]       |                                            [01;35m[K|[m[K                           [32m[K|[m[K
[2.027s]       |                                            [01;35m[Kdouble[m[K                      [32m[Kunsigned int[m[K
[2.027s]       |                                           [32m[K%d[m[K
[2.027s] [01m[K/home/nuc-bt/ros2_ws/src/drive/obstacle_detection/obstacle_detection/src/obstacle_detection.cpp:104:47:[m[K [01;35m[Kwarning: [m[Kformat ‘[01m[K%f[m[K’ expects argument of type ‘[01m[Kdouble[m[K’, but argument 3 has type ‘[01m[Kint[m[K’ [[01;35m[K-Wformat=[m[K]
[2.027s]   104 |                                 printf("3 %f,[01;35m[K%f[m[K,%f,%f\n",detect_arealen/2,[32m[Krobot_detect_x[m[K, lp_x,lp_y);
[2.027s]       |                                              [01;35m[K~^[m[K                           [32m[K~~~~~~~~~~~~~~[m[K
[2.027s]       |                                               [01;35m[K|[m[K                           [32m[K|[m[K
[2.027s]       |                                               [01;35m[Kdouble[m[K                      [32m[Kint[m[K
[2.027s]       |                                              [32m[K%d[m[K
[2.027s] [01m[K/home/nuc-bt/ros2_ws/src/drive/obstacle_detection/obstacle_detection/src/obstacle_detection.cpp:104:50:[m[K [01;35m[Kwarning: [m[Kformat ‘[01m[K%f[m[K’ expects argument of type ‘[01m[Kdouble[m[K’, but argument 4 has type ‘[01m[Kint[m[K’ [[01;35m[K-Wformat=[m[K]
[2.027s]   104 |                                 printf("3 %f,%f,[01;35m[K%f[m[K,%f\n",detect_arealen/2,robot_detect_x, [32m[Klp_x[m[K,lp_y);
[2.027s]       |                                                 [01;35m[K~^[m[K                                        [32m[K~~~~[m[K
[2.027s]       |                                                  [01;35m[K|[m[K                                        [32m[K|[m[K
[2.027s]       |                                                  [01;35m[Kdouble[m[K                                   [32m[Kint[m[K
[2.027s]       |                                                 [32m[K%d[m[K
[2.028s] [01m[K/home/nuc-bt/ros2_ws/src/drive/obstacle_detection/obstacle_detection/src/obstacle_detection.cpp:104:53:[m[K [01;35m[Kwarning: [m[Kformat ‘[01m[K%f[m[K’ expects argument of type ‘[01m[Kdouble[m[K’, but argument 5 has type ‘[01m[Kint[m[K’ [[01;35m[K-Wformat=[m[K]
[2.028s]   104 |                                 printf("3 %f,%f,%f,[01;35m[K%f[m[K\n",detect_arealen/2,robot_detect_x, lp_x,[32m[Klp_y[m[K);
[2.028s]       |                                                    [01;35m[K~^[m[K                                          [32m[K~~~~[m[K
[2.028s]       |                                                     [01;35m[K|[m[K                                          [32m[K|[m[K
[2.028s]       |                                                     [01;35m[Kdouble[m[K                                     [32m[Kint[m[K
[2.028s]       |                                                    [32m[K%d[m[K
[2.028s] [01m[K/home/nuc-bt/ros2_ws/src/drive/obstacle_detection/obstacle_detection/src/obstacle_detection.cpp:110:44:[m[K [01;35m[Kwarning: [m[Kformat ‘[01m[K%f[m[K’ expects argument of type ‘[01m[Kdouble[m[K’, but argument 2 has type ‘[01m[Kunsigned int[m[K’ [[01;35m[K-Wformat=[m[K]
[2.028s]   110 |                                 printf("4 [01;35m[K%f[m[K,%f,%f,%f\n",[32m[Kdetect_arealen/2[m[K,robot_detect_x, lp_x,lp_y);
[2.028s]       |                                           [01;35m[K~^[m[K             [32m[K~~~~~~~~~~~~~~~~[m[K
[2.028s]       |                                            [01;35m[K|[m[K                           [32m[K|[m[K
[2.028s]       |                                            [01;35m[Kdouble[m[K                      [32m[Kunsigned int[m[K
[2.028s]       |                                           [32m[K%d[m[K
[2.028s] [01m[K/home/nuc-bt/ros2_ws/src/drive/obstacle_detection/obstacle_detection/src/obstacle_detection.cpp:110:47:[m[K [01;35m[Kwarning: [m[Kformat ‘[01m[K%f[m[K’ expects argument of type ‘[01m[Kdouble[m[K’, but argument 3 has type ‘[01m[Kint[m[K’ [[01;35m[K-Wformat=[m[K]
[2.028s]   110 |                                 printf("4 %f,[01;35m[K%f[m[K,%f,%f\n",detect_arealen/2,[32m[Krobot_detect_x[m[K, lp_x,lp_y);
[2.028s]       |                                              [01;35m[K~^[m[K                           [32m[K~~~~~~~~~~~~~~[m[K
[2.028s]       |                                               [01;35m[K|[m[K                           [32m[K|[m[K
[2.028s]       |                                               [01;35m[Kdouble[m[K                      [32m[Kint[m[K
[2.028s]       |                                              [32m[K%d[m[K
[2.028s] [01m[K/home/nuc-bt/ros2_ws/src/drive/obstacle_detection/obstacle_detection/src/obstacle_detection.cpp:110:50:[m[K [01;35m[Kwarning: [m[Kformat ‘[01m[K%f[m[K’ expects argument of type ‘[01m[Kdouble[m[K’, but argument 4 has type ‘[01m[Kint[m[K’ [[01;35m[K-Wformat=[m[K]
[2.028s]   110 |                                 printf("4 %f,%f,[01;35m[K%f[m[K,%f\n",detect_arealen/2,robot_detect_x, [32m[Klp_x[m[K,lp_y);
[2.028s]       |                                                 [01;35m[K~^[m[K                                        [32m[K~~~~[m[K
[2.028s]       |                                                  [01;35m[K|[m[K                                        [32m[K|[m[K
[2.028s]       |                                                  [01;35m[Kdouble[m[K                                   [32m[Kint[m[K
[2.028s]       |                                                 [32m[K%d[m[K
[2.028s] [01m[K/home/nuc-bt/ros2_ws/src/drive/obstacle_detection/obstacle_detection/src/obstacle_detection.cpp:110:53:[m[K [01;35m[Kwarning: [m[Kformat ‘[01m[K%f[m[K’ expects argument of type ‘[01m[Kdouble[m[K’, but argument 5 has type ‘[01m[Kint[m[K’ [[01;35m[K-Wformat=[m[K]
[2.028s]   110 |                                 printf("4 %f,%f,%f,[01;35m[K%f[m[K\n",detect_arealen/2,robot_detect_x, lp_x,[32m[Klp_y[m[K);
[2.028s]       |                                                    [01;35m[K~^[m[K                                          [32m[K~~~~[m[K
[2.028s]       |                                                     [01;35m[K|[m[K                                          [32m[K|[m[K
[2.028s]       |                                                     [01;35m[Kdouble[m[K                                     [32m[Kint[m[K
[2.028s]       |                                                    [32m[K%d[m[K
[2.029s] [01m[K/home/nuc-bt/ros2_ws/src/drive/obstacle_detection/obstacle_detection/src/obstacle_detection.cpp:76:13:[m[K [01;35m[Kwarning: [m[Kunused variable ‘[01m[Knum_ranges[m[K’ [[01;35m[K-Wunused-variable[m[K]
[2.029s]    76 |         int [01;35m[Knum_ranges[m[K = scan->ranges.size();
[2.029s]       |             [01;35m[K^~~~~~~~~~[m[K
[7.117s] [01m[K/home/nuc-bt/ros2_ws/src/drive/obstacle_detection/obstacle_detection/src/obstacle_detection.cpp:98:39:[m[K [01;35m[Kwarning: [m[K‘[01m[Klp_x[m[K’ is used uninitialized [[01;35m[K-Wuninitialized[m[K]
[7.117s]    98 |                                 [01;35m[Kprintf("1 %f,%f,%f,%f\n",detect_arealen/2,robot_detect_x, lp_x,lp_y)[m[K;
[7.117s]       |                                 [01;35m[K~~~~~~^~~~~~~~~~~~~~~~~~~~~~~~~~~~~~~~~~~~~~~~~~~~~~~~~~~~~~~~~~~~~~[m[K
[7.117s] [01m[K/home/nuc-bt/ros2_ws/src/drive/obstacle_detection/obstacle_detection/src/obstacle_detection.cpp:98:39:[m[K [01;35m[Kwarning: [m[K‘[01m[Klp_y[m[K’ is used uninitialized [[01;35m[K-Wuninitialized[m[K]
[14.948s] [ 66%] [32m[1mLinking CXX executable obstacle_detection_node[0m
[16.388s] [100%] Built target obstacle_detection_node
[16.398s] Invoked command in '/home/nuc-bt/ros2_ws/src/drive/obstacle_detection/build/obstacle_detection' returned '0': AMENT_PREFIX_PATH=/home/nuc-bt/ros2_ws/src/drive/obstacle_detection/install/obstacle_msgs:${AMENT_PREFIX_PATH} CMAKE_PREFIX_PATH=/home/nuc-bt/ros2_ws/src/drive/obstacle_detection/install/obstacle_msgs:/opt/ros/humble LD_LIBRARY_PATH=/home/nuc-bt/ros2_ws/src/drive/obstacle_detection/install/obstacle_msgs/lib:${LD_LIBRARY_PATH} PYTHONPATH=/home/nuc-bt/ros2_ws/src/drive/obstacle_detection/install/obstacle_msgs/local/lib/python3.10/dist-packages:${PYTHONPATH} /usr/bin/cmake --build /home/nuc-bt/ros2_ws/src/drive/obstacle_detection/build/obstacle_detection -- -j8 -l8
[16.458s] Invoking command in '/home/nuc-bt/ros2_ws/src/drive/obstacle_detection/build/obstacle_detection': AMENT_PREFIX_PATH=/home/nuc-bt/ros2_ws/src/drive/obstacle_detection/install/obstacle_msgs:${AMENT_PREFIX_PATH} CMAKE_PREFIX_PATH=/home/nuc-bt/ros2_ws/src/drive/obstacle_detection/install/obstacle_msgs:/opt/ros/humble LD_LIBRARY_PATH=/home/nuc-bt/ros2_ws/src/drive/obstacle_detection/install/obstacle_msgs/lib:${LD_LIBRARY_PATH} PYTHONPATH=/home/nuc-bt/ros2_ws/src/drive/obstacle_detection/install/obstacle_msgs/local/lib/python3.10/dist-packages:${PYTHONPATH} /usr/bin/cmake --install /home/nuc-bt/ros2_ws/src/drive/obstacle_detection/build/obstacle_detection
[16.465s] -- Install configuration: ""
[16.467s] -- Execute custom install script
[16.472s] -- Up-to-date symlink: /home/nuc-bt/ros2_ws/src/drive/obstacle_detection/install/obstacle_detection/lib/obstacle_detection/obstacle_detection_node
[16.472s] -- Up-to-date symlink: /home/nuc-bt/ros2_ws/src/drive/obstacle_detection/install/obstacle_detection/share/ament_index/resource_index/package_run_dependencies/obstacle_detection
[16.472s] -- Up-to-date symlink: /home/nuc-bt/ros2_ws/src/drive/obstacle_detection/install/obstacle_detection/share/ament_index/resource_index/parent_prefix_path/obstacle_detection
[16.472s] -- Up-to-date symlink: /home/nuc-bt/ros2_ws/src/drive/obstacle_detection/install/obstacle_detection/share/obstacle_detection/environment/ament_prefix_path.sh
[16.472s] -- Up-to-date symlink: /home/nuc-bt/ros2_ws/src/drive/obstacle_detection/install/obstacle_detection/share/obstacle_detection/environment/ament_prefix_path.dsv
[16.473s] -- Up-to-date symlink: /home/nuc-bt/ros2_ws/src/drive/obstacle_detection/install/obstacle_detection/share/obstacle_detection/environment/path.sh
[16.473s] -- Up-to-date symlink: /home/nuc-bt/ros2_ws/src/drive/obstacle_detection/install/obstacle_detection/share/obstacle_detection/environment/path.dsv
[16.473s] -- Up-to-date symlink: /home/nuc-bt/ros2_ws/src/drive/obstacle_detection/install/obstacle_detection/share/obstacle_detection/local_setup.bash
[16.473s] -- Up-to-date symlink: /home/nuc-bt/ros2_ws/src/drive/obstacle_detection/install/obstacle_detection/share/obstacle_detection/local_setup.sh
[16.473s] -- Up-to-date symlink: /home/nuc-bt/ros2_ws/src/drive/obstacle_detection/install/obstacle_detection/share/obstacle_detection/local_setup.zsh
[16.474s] -- Up-to-date symlink: /home/nuc-bt/ros2_ws/src/drive/obstacle_detection/install/obstacle_detection/share/obstacle_detection/local_setup.dsv
[16.474s] -- Symlinking: /home/nuc-bt/ros2_ws/src/drive/obstacle_detection/install/obstacle_detection/share/obstacle_detection/package.dsv
[16.484s] -- Up-to-date symlink: /home/nuc-bt/ros2_ws/src/drive/obstacle_detection/install/obstacle_detection/share/ament_index/resource_index/packages/obstacle_detection
[16.487s] -- Up-to-date symlink: /home/nuc-bt/ros2_ws/src/drive/obstacle_detection/install/obstacle_detection/share/obstacle_detection/cmake/obstacle_detectionConfig.cmake
[16.487s] -- Up-to-date symlink: /home/nuc-bt/ros2_ws/src/drive/obstacle_detection/install/obstacle_detection/share/obstacle_detection/cmake/obstacle_detectionConfig-version.cmake
[16.495s] -- Up-to-date symlink: /home/nuc-bt/ros2_ws/src/drive/obstacle_detection/install/obstacle_detection/share/obstacle_detection/package.xml
[16.498s] Invoked command in '/home/nuc-bt/ros2_ws/src/drive/obstacle_detection/build/obstacle_detection' returned '0': AMENT_PREFIX_PATH=/home/nuc-bt/ros2_ws/src/drive/obstacle_detection/install/obstacle_msgs:${AMENT_PREFIX_PATH} CMAKE_PREFIX_PATH=/home/nuc-bt/ros2_ws/src/drive/obstacle_detection/install/obstacle_msgs:/opt/ros/humble LD_LIBRARY_PATH=/home/nuc-bt/ros2_ws/src/drive/obstacle_detection/install/obstacle_msgs/lib:${LD_LIBRARY_PATH} PYTHONPATH=/home/nuc-bt/ros2_ws/src/drive/obstacle_detection/install/obstacle_msgs/local/lib/python3.10/dist-packages:${PYTHONPATH} /usr/bin/cmake --install /home/nuc-bt/ros2_ws/src/drive/obstacle_detection/build/obstacle_detection
