[0.675s] DEBUG:colcon:Command line arguments: ['/usr/bin/colcon', 'build', '--symlink-install']
[0.675s] DEBUG:colcon:Parsed command line arguments: Namespace(log_base=None, log_level=None, verb_name='build', build_base='build', install_base='install', merge_install=False, symlink_install=True, test_result_base=None, continue_on_error=False, executor='parallel', parallel_workers=8, event_handlers=None, ignore_user_meta=False, metas=['./colcon.meta'], base_paths=['.'], packages_ignore=None, packages_ignore_regex=None, paths=None, packages_up_to=None, packages_up_to_regex=None, packages_above=None, packages_above_and_dependencies=None, packages_above_depth=None, packages_select_by_dep=None, packages_skip_by_dep=None, packages_skip_up_to=None, packages_select_build_failed=False, packages_skip_build_finished=False, packages_select_test_failures=False, packages_skip_test_passed=False, packages_select=None, packages_skip=None, packages_select_regex=None, packages_skip_regex=None, packages_start=None, packages_end=None, allow_overriding=[], cmake_args=None, cmake_target=None, cmake_target_skip_unavailable=False, cmake_clean_cache=False, cmake_clean_first=False, cmake_force_configure=False, ament_cmake_args=None, catkin_cmake_args=None, catkin_skip_building_tests=False, verb_parser=<colcon_defaults.argument_parser.defaults.DefaultArgumentsDecorator object at 0x7fc8c236b220>, verb_extension=<colcon_core.verb.build.BuildVerb object at 0x7fc8c34d7f40>, main=<bound method BuildVerb.main of <colcon_core.verb.build.BuildVerb object at 0x7fc8c34d7f40>>)
[0.709s] Level 1:colcon.colcon_core.package_discovery:discover_packages(colcon_meta) check parameters
[0.709s] Level 1:colcon.colcon_core.package_discovery:discover_packages(recursive) check parameters
[0.709s] Level 1:colcon.colcon_core.package_discovery:discover_packages(ignore) check parameters
[0.709s] Level 1:colcon.colcon_core.package_discovery:discover_packages(path) check parameters
[0.709s] Level 1:colcon.colcon_core.package_discovery:discover_packages(colcon_meta) discover
[0.709s] Level 1:colcon.colcon_core.package_discovery:discover_packages(recursive) discover
[0.709s] INFO:colcon.colcon_core.package_discovery:Crawling recursively for packages in '/home/nuc-bt/ros2_ws/src/drive/obstacle_detection'
[0.709s] Level 1:colcon.colcon_core.package_identification:_identify(.) by extensions ['ignore', 'ignore_ament_install']
[0.709s] Level 1:colcon.colcon_core.package_identification:_identify(.) by extension 'ignore'
[0.710s] Level 1:colcon.colcon_core.package_identification:_identify(.) by extension 'ignore_ament_install'
[0.710s] Level 1:colcon.colcon_core.package_identification:_identify(.) by extensions ['colcon_pkg']
[0.710s] Level 1:colcon.colcon_core.package_identification:_identify(.) by extension 'colcon_pkg'
[0.710s] Level 1:colcon.colcon_core.package_identification:_identify(.) by extensions ['colcon_meta']
[0.710s] Level 1:colcon.colcon_core.package_identification:_identify(.) by extension 'colcon_meta'
[0.710s] Level 1:colcon.colcon_core.package_identification:_identify(.) by extensions ['ros']
[0.710s] Level 1:colcon.colcon_core.package_identification:_identify(.) by extension 'ros'
[0.717s] Level 1:colcon.colcon_core.package_identification:_identify(.) by extensions ['cmake', 'python']
[0.717s] Level 1:colcon.colcon_core.package_identification:_identify(.) by extension 'cmake'
[0.717s] Level 1:colcon.colcon_core.package_identification:_identify(.) by extension 'python'
[0.717s] Level 1:colcon.colcon_core.package_identification:_identify(.) by extensions ['python_setup_py']
[0.717s] Level 1:colcon.colcon_core.package_identification:_identify(.) by extension 'python_setup_py'
[0.717s] Level 1:colcon.colcon_core.package_identification:_identify(build) by extensions ['ignore', 'ignore_ament_install']
[0.717s] Level 1:colcon.colcon_core.package_identification:_identify(build) by extension 'ignore'
[0.717s] Level 1:colcon.colcon_core.package_identification:_identify(build) ignored
[0.717s] Level 1:colcon.colcon_core.package_identification:_identify(install) by extensions ['ignore', 'ignore_ament_install']
[0.717s] Level 1:colcon.colcon_core.package_identification:_identify(install) by extension 'ignore'
[0.717s] Level 1:colcon.colcon_core.package_identification:_identify(install) ignored
[0.717s] Level 1:colcon.colcon_core.package_identification:_identify(log) by extensions ['ignore', 'ignore_ament_install']
[0.718s] Level 1:colcon.colcon_core.package_identification:_identify(log) by extension 'ignore'
[0.718s] Level 1:colcon.colcon_core.package_identification:_identify(log) ignored
[0.718s] Level 1:colcon.colcon_core.package_identification:_identify(obstacle_detection) by extensions ['ignore', 'ignore_ament_install']
[0.718s] Level 1:colcon.colcon_core.package_identification:_identify(obstacle_detection) by extension 'ignore'
[0.718s] Level 1:colcon.colcon_core.package_identification:_identify(obstacle_detection) by extension 'ignore_ament_install'
[0.718s] Level 1:colcon.colcon_core.package_identification:_identify(obstacle_detection) by extensions ['colcon_pkg']
[0.718s] Level 1:colcon.colcon_core.package_identification:_identify(obstacle_detection) by extension 'colcon_pkg'
[0.718s] Level 1:colcon.colcon_core.package_identification:_identify(obstacle_detection) by extensions ['colcon_meta']
[0.718s] Level 1:colcon.colcon_core.package_identification:_identify(obstacle_detection) by extension 'colcon_meta'
[0.718s] Level 1:colcon.colcon_core.package_identification:_identify(obstacle_detection) by extensions ['ros']
[0.718s] Level 1:colcon.colcon_core.package_identification:_identify(obstacle_detection) by extension 'ros'
[0.719s] DEBUG:colcon.colcon_core.package_identification:Package 'obstacle_detection' with type 'ros.ament_cmake' and name 'obstacle_detection'
[0.719s] Level 1:colcon.colcon_core.package_identification:_identify(obstacle_msgs) by extensions ['ignore', 'ignore_ament_install']
[0.720s] Level 1:colcon.colcon_core.package_identification:_identify(obstacle_msgs) by extension 'ignore'
[0.720s] Level 1:colcon.colcon_core.package_identification:_identify(obstacle_msgs) by extension 'ignore_ament_install'
[0.720s] Level 1:colcon.colcon_core.package_identification:_identify(obstacle_msgs) by extensions ['colcon_pkg']
[0.720s] Level 1:colcon.colcon_core.package_identification:_identify(obstacle_msgs) by extension 'colcon_pkg'
[0.720s] Level 1:colcon.colcon_core.package_identification:_identify(obstacle_msgs) by extensions ['colcon_meta']
[0.720s] Level 1:colcon.colcon_core.package_identification:_identify(obstacle_msgs) by extension 'colcon_meta'
[0.720s] Level 1:colcon.colcon_core.package_identification:_identify(obstacle_msgs) by extensions ['ros']
[0.720s] Level 1:colcon.colcon_core.package_identification:_identify(obstacle_msgs) by extension 'ros'
[0.720s] DEBUG:colcon.colcon_core.package_identification:Package 'obstacle_msgs' with type 'ros.ament_cmake' and name 'obstacle_msgs'
[0.720s] Level 1:colcon.colcon_core.package_discovery:discover_packages(recursive) using defaults
[0.720s] Level 1:colcon.colcon_core.package_discovery:discover_packages(ignore) discover
[0.720s] Level 1:colcon.colcon_core.package_discovery:discover_packages(ignore) using defaults
[0.720s] Level 1:colcon.colcon_core.package_discovery:discover_packages(path) discover
[0.720s] Level 1:colcon.colcon_core.package_discovery:discover_packages(path) using defaults
[0.785s] Level 1:colcon.colcon_core.package_discovery:discover_packages(prefix_path) check parameters
[0.785s] Level 1:colcon.colcon_core.package_discovery:discover_packages(prefix_path) discover
[0.808s] DEBUG:colcon.colcon_installed_package_information.package_discovery:Found 314 installed packages in /opt/ros/humble
[0.809s] Level 1:colcon.colcon_core.package_discovery:discover_packages(prefix_path) using defaults
[0.873s] Level 5:colcon.colcon_core.verb:set package 'obstacle_msgs' build argument 'cmake_args' from command line to 'None'
[0.873s] Level 5:colcon.colcon_core.verb:set package 'obstacle_msgs' build argument 'cmake_target' from command line to 'None'
[0.873s] Level 5:colcon.colcon_core.verb:set package 'obstacle_msgs' build argument 'cmake_target_skip_unavailable' from command line to 'False'
[0.873s] Level 5:colcon.colcon_core.verb:set package 'obstacle_msgs' build argument 'cmake_clean_cache' from command line to 'False'
[0.873s] Level 5:colcon.colcon_core.verb:set package 'obstacle_msgs' build argument 'cmake_clean_first' from command line to 'False'
[0.873s] Level 5:colcon.colcon_core.verb:set package 'obstacle_msgs' build argument 'cmake_force_configure' from command line to 'False'
[0.873s] Level 5:colcon.colcon_core.verb:set package 'obstacle_msgs' build argument 'ament_cmake_args' from command line to 'None'
[0.873s] Level 5:colcon.colcon_core.verb:set package 'obstacle_msgs' build argument 'catkin_cmake_args' from command line to 'None'
[0.873s] Level 5:colcon.colcon_core.verb:set package 'obstacle_msgs' build argument 'catkin_skip_building_tests' from command line to 'False'
[0.874s] DEBUG:colcon.colcon_core.verb:Building package 'obstacle_msgs' with the following arguments: {'ament_cmake_args': None, 'build_base': '/home/nuc-bt/ros2_ws/src/drive/obstacle_detection/build/obstacle_msgs', 'catkin_cmake_args': None, 'catkin_skip_building_tests': False, 'cmake_args': None, 'cmake_clean_cache': False, 'cmake_clean_first': False, 'cmake_force_configure': False, 'cmake_target': None, 'cmake_target_skip_unavailable': False, 'install_base': '/home/nuc-bt/ros2_ws/src/drive/obstacle_detection/install/obstacle_msgs', 'merge_install': False, 'path': '/home/nuc-bt/ros2_ws/src/drive/obstacle_detection/obstacle_msgs', 'symlink_install': True, 'test_result_base': None}
[0.882s] Level 5:colcon.colcon_core.verb:set package 'obstacle_detection' build argument 'cmake_args' from command line to 'None'
[0.882s] Level 5:colcon.colcon_core.verb:set package 'obstacle_detection' build argument 'cmake_target' from command line to 'None'
[0.882s] Level 5:colcon.colcon_core.verb:set package 'obstacle_detection' build argument 'cmake_target_skip_unavailable' from command line to 'False'
[0.882s] Level 5:colcon.colcon_core.verb:set package 'obstacle_detection' build argument 'cmake_clean_cache' from command line to 'False'
[0.882s] Level 5:colcon.colcon_core.verb:set package 'obstacle_detection' build argument 'cmake_clean_first' from command line to 'False'
[0.882s] Level 5:colcon.colcon_core.verb:set package 'obstacle_detection' build argument 'cmake_force_configure' from command line to 'False'
[0.882s] Level 5:colcon.colcon_core.verb:set package 'obstacle_detection' build argument 'ament_cmake_args' from command line to 'None'
[0.882s] Level 5:colcon.colcon_core.verb:set package 'obstacle_detection' build argument 'catkin_cmake_args' from command line to 'None'
[0.882s] Level 5:colcon.colcon_core.verb:set package 'obstacle_detection' build argument 'catkin_skip_building_tests' from command line to 'False'
[0.882s] DEBUG:colcon.colcon_core.verb:Building package 'obstacle_detection' with the following arguments: {'ament_cmake_args': None, 'build_base': '/home/nuc-bt/ros2_ws/src/drive/obstacle_detection/build/obstacle_detection', 'catkin_cmake_args': None, 'catkin_skip_building_tests': False, 'cmake_args': None, 'cmake_clean_cache': False, 'cmake_clean_first': False, 'cmake_force_configure': False, 'cmake_target': None, 'cmake_target_skip_unavailable': False, 'install_base': '/home/nuc-bt/ros2_ws/src/drive/obstacle_detection/install/obstacle_detection', 'merge_install': False, 'path': '/home/nuc-bt/ros2_ws/src/drive/obstacle_detection/obstacle_detection', 'symlink_install': True, 'test_result_base': None}
[0.893s] INFO:colcon.colcon_core.executor:Executing jobs using 'parallel' executor
[0.902s] DEBUG:colcon.colcon_parallel_executor.executor.parallel:run_until_complete
[0.902s] INFO:colcon.colcon_ros.task.ament_cmake.build:Building ROS package in '/home/nuc-bt/ros2_ws/src/drive/obstacle_detection/obstacle_msgs' with build type 'ament_cmake'
[0.902s] INFO:colcon.colcon_cmake.task.cmake.build:Building CMake package in '/home/nuc-bt/ros2_ws/src/drive/obstacle_detection/obstacle_msgs'
[0.913s] INFO:colcon.colcon_core.plugin_system:Skipping extension 'colcon_core.shell.bat': Not used on non-Windows systems
[0.914s] INFO:colcon.colcon_core.shell:Skip shell extension 'powershell' for command environment: Not usable outside of PowerShell
[0.914s] DEBUG:colcon.colcon_core.shell:Skip shell extension 'dsv' for command environment
[0.939s] DEBUG:colcon.colcon_core.event_handler.log_command:Invoking command in '/home/nuc-bt/ros2_ws/src/drive/obstacle_detection/build/obstacle_msgs': CMAKE_PREFIX_PATH=/opt/ros/humble /usr/bin/cmake --build /home/nuc-bt/ros2_ws/src/drive/obstacle_detection/build/obstacle_msgs -- -j8 -l8
[1.209s] DEBUG:colcon.colcon_core.event_handler.log_command:Invoked command in '/home/nuc-bt/ros2_ws/src/drive/obstacle_detection/build/obstacle_msgs' returned '0': CMAKE_PREFIX_PATH=/opt/ros/humble /usr/bin/cmake --build /home/nuc-bt/ros2_ws/src/drive/obstacle_detection/build/obstacle_msgs -- -j8 -l8
[1.274s] DEBUG:colcon.colcon_core.event_handler.log_command:Invoking command in '/home/nuc-bt/ros2_ws/src/drive/obstacle_detection/build/obstacle_msgs': CMAKE_PREFIX_PATH=/opt/ros/humble /usr/bin/cmake --install /home/nuc-bt/ros2_ws/src/drive/obstacle_detection/build/obstacle_msgs
[1.325s] Level 1:colcon.colcon_core.environment:create_environment_scripts_only(obstacle_msgs)
[1.326s] DEBUG:colcon.colcon_core.event_handler.log_command:Invoked command in '/home/nuc-bt/ros2_ws/src/drive/obstacle_detection/build/obstacle_msgs' returned '0': CMAKE_PREFIX_PATH=/opt/ros/humble /usr/bin/cmake --install /home/nuc-bt/ros2_ws/src/drive/obstacle_detection/build/obstacle_msgs
[1.338s] Level 1:colcon.colcon_core.environment:checking '/home/nuc-bt/ros2_ws/src/drive/obstacle_detection/install/obstacle_msgs' for CMake module files
[1.338s] Level 1:colcon.colcon_core.environment:checking '/home/nuc-bt/ros2_ws/src/drive/obstacle_detection/install/obstacle_msgs' for CMake config files
[1.339s] Level 1:colcon.colcon_core.shell:create_environment_hook('obstacle_msgs', 'cmake_prefix_path')
[1.347s] INFO:colcon.colcon_core.shell:Creating environment hook '/home/nuc-bt/ros2_ws/src/drive/obstacle_detection/install/obstacle_msgs/share/obstacle_msgs/hook/cmake_prefix_path.ps1'
[1.347s] INFO:colcon.colcon_core.shell:Creating environment descriptor '/home/nuc-bt/ros2_ws/src/drive/obstacle_detection/install/obstacle_msgs/share/obstacle_msgs/hook/cmake_prefix_path.dsv'
[1.348s] INFO:colcon.colcon_core.shell:Creating environment hook '/home/nuc-bt/ros2_ws/src/drive/obstacle_detection/install/obstacle_msgs/share/obstacle_msgs/hook/cmake_prefix_path.sh'
[1.348s] Level 1:colcon.colcon_core.environment:checking '/home/nuc-bt/ros2_ws/src/drive/obstacle_detection/install/obstacle_msgs/lib'
[1.348s] Level 1:colcon.colcon_core.shell:create_environment_hook('obstacle_msgs', 'ld_library_path_lib')
[1.357s] INFO:colcon.colcon_core.shell:Creating environment hook '/home/nuc-bt/ros2_ws/src/drive/obstacle_detection/install/obstacle_msgs/share/obstacle_msgs/hook/ld_library_path_lib.ps1'
[1.358s] INFO:colcon.colcon_core.shell:Creating environment descriptor '/home/nuc-bt/ros2_ws/src/drive/obstacle_detection/install/obstacle_msgs/share/obstacle_msgs/hook/ld_library_path_lib.dsv'
[1.358s] INFO:colcon.colcon_core.shell:Creating environment hook '/home/nuc-bt/ros2_ws/src/drive/obstacle_detection/install/obstacle_msgs/share/obstacle_msgs/hook/ld_library_path_lib.sh'
[1.358s] Level 1:colcon.colcon_core.environment:checking '/home/nuc-bt/ros2_ws/src/drive/obstacle_detection/install/obstacle_msgs/bin'
[1.358s] Level 1:colcon.colcon_core.environment:checking '/home/nuc-bt/ros2_ws/src/drive/obstacle_detection/install/obstacle_msgs/lib/pkgconfig/obstacle_msgs.pc'
[1.359s] Level 1:colcon.colcon_core.environment:checking '/home/nuc-bt/ros2_ws/src/drive/obstacle_detection/install/obstacle_msgs/lib/python3.10/site-packages'
[1.359s] Level 1:colcon.colcon_core.environment:checking '/home/nuc-bt/ros2_ws/src/drive/obstacle_detection/install/obstacle_msgs/bin'
[1.373s] INFO:colcon.colcon_core.shell:Creating package script '/home/nuc-bt/ros2_ws/src/drive/obstacle_detection/install/obstacle_msgs/share/obstacle_msgs/package.ps1'
[1.373s] INFO:colcon.colcon_core.shell:Creating package descriptor '/home/nuc-bt/ros2_ws/src/drive/obstacle_detection/install/obstacle_msgs/share/obstacle_msgs/package.dsv'
[1.374s] INFO:colcon.colcon_core.shell:Creating package script '/home/nuc-bt/ros2_ws/src/drive/obstacle_detection/install/obstacle_msgs/share/obstacle_msgs/package.sh'
[1.374s] INFO:colcon.colcon_core.shell:Creating package script '/home/nuc-bt/ros2_ws/src/drive/obstacle_detection/install/obstacle_msgs/share/obstacle_msgs/package.bash'
[1.375s] INFO:colcon.colcon_core.shell:Creating package script '/home/nuc-bt/ros2_ws/src/drive/obstacle_detection/install/obstacle_msgs/share/obstacle_msgs/package.zsh'
[1.375s] Level 1:colcon.colcon_core.environment:create_file_with_runtime_dependencies(/home/nuc-bt/ros2_ws/src/drive/obstacle_detection/install/obstacle_msgs/share/colcon-core/packages/obstacle_msgs)
[1.439s] Level 1:colcon.colcon_core.environment:create_environment_scripts_only(obstacle_msgs)
[1.447s] Level 1:colcon.colcon_core.environment:checking '/home/nuc-bt/ros2_ws/src/drive/obstacle_detection/install/obstacle_msgs' for CMake module files
[1.447s] Level 1:colcon.colcon_core.environment:checking '/home/nuc-bt/ros2_ws/src/drive/obstacle_detection/install/obstacle_msgs' for CMake config files
[1.447s] Level 1:colcon.colcon_core.shell:create_environment_hook('obstacle_msgs', 'cmake_prefix_path')
[1.457s] INFO:colcon.colcon_core.shell:Creating environment hook '/home/nuc-bt/ros2_ws/src/drive/obstacle_detection/install/obstacle_msgs/share/obstacle_msgs/hook/cmake_prefix_path.ps1'
[1.457s] INFO:colcon.colcon_core.shell:Creating environment descriptor '/home/nuc-bt/ros2_ws/src/drive/obstacle_detection/install/obstacle_msgs/share/obstacle_msgs/hook/cmake_prefix_path.dsv'
[1.457s] INFO:colcon.colcon_core.shell:Creating environment hook '/home/nuc-bt/ros2_ws/src/drive/obstacle_detection/install/obstacle_msgs/share/obstacle_msgs/hook/cmake_prefix_path.sh'
[1.458s] Level 1:colcon.colcon_core.environment:checking '/home/nuc-bt/ros2_ws/src/drive/obstacle_detection/install/obstacle_msgs/lib'
[1.458s] Level 1:colcon.colcon_core.shell:create_environment_hook('obstacle_msgs', 'ld_library_path_lib')
[1.468s] INFO:colcon.colcon_core.shell:Creating environment hook '/home/nuc-bt/ros2_ws/src/drive/obstacle_detection/install/obstacle_msgs/share/obstacle_msgs/hook/ld_library_path_lib.ps1'
[1.469s] INFO:colcon.colcon_core.shell:Creating environment descriptor '/home/nuc-bt/ros2_ws/src/drive/obstacle_detection/install/obstacle_msgs/share/obstacle_msgs/hook/ld_library_path_lib.dsv'
[1.469s] INFO:colcon.colcon_core.shell:Creating environment hook '/home/nuc-bt/ros2_ws/src/drive/obstacle_detection/install/obstacle_msgs/share/obstacle_msgs/hook/ld_library_path_lib.sh'
[1.469s] Level 1:colcon.colcon_core.environment:checking '/home/nuc-bt/ros2_ws/src/drive/obstacle_detection/install/obstacle_msgs/bin'
[1.469s] Level 1:colcon.colcon_core.environment:checking '/home/nuc-bt/ros2_ws/src/drive/obstacle_detection/install/obstacle_msgs/lib/pkgconfig/obstacle_msgs.pc'
[1.469s] Level 1:colcon.colcon_core.environment:checking '/home/nuc-bt/ros2_ws/src/drive/obstacle_detection/install/obstacle_msgs/lib/python3.10/site-packages'
[1.469s] Level 1:colcon.colcon_core.environment:checking '/home/nuc-bt/ros2_ws/src/drive/obstacle_detection/install/obstacle_msgs/bin'
[1.480s] INFO:colcon.colcon_core.shell:Creating package script '/home/nuc-bt/ros2_ws/src/drive/obstacle_detection/install/obstacle_msgs/share/obstacle_msgs/package.ps1'
[1.480s] INFO:colcon.colcon_core.shell:Creating package descriptor '/home/nuc-bt/ros2_ws/src/drive/obstacle_detection/install/obstacle_msgs/share/obstacle_msgs/package.dsv'
[1.480s] INFO:colcon.colcon_core.shell:Creating package script '/home/nuc-bt/ros2_ws/src/drive/obstacle_detection/install/obstacle_msgs/share/obstacle_msgs/package.sh'
[1.481s] INFO:colcon.colcon_core.shell:Creating package script '/home/nuc-bt/ros2_ws/src/drive/obstacle_detection/install/obstacle_msgs/share/obstacle_msgs/package.bash'
[1.481s] INFO:colcon.colcon_core.shell:Creating package script '/home/nuc-bt/ros2_ws/src/drive/obstacle_detection/install/obstacle_msgs/share/obstacle_msgs/package.zsh'
[1.481s] Level 1:colcon.colcon_core.environment:create_file_with_runtime_dependencies(/home/nuc-bt/ros2_ws/src/drive/obstacle_detection/install/obstacle_msgs/share/colcon-core/packages/obstacle_msgs)
[1.481s] INFO:colcon.colcon_ros.task.ament_cmake.build:Building ROS package in '/home/nuc-bt/ros2_ws/src/drive/obstacle_detection/obstacle_detection' with build type 'ament_cmake'
[1.481s] INFO:colcon.colcon_cmake.task.cmake.build:Building CMake package in '/home/nuc-bt/ros2_ws/src/drive/obstacle_detection/obstacle_detection'
[1.492s] INFO:colcon.colcon_core.shell:Skip shell extension 'powershell' for command environment: Not usable outside of PowerShell
[1.492s] DEBUG:colcon.colcon_core.shell:Skip shell extension 'dsv' for command environment
[1.529s] DEBUG:colcon.colcon_core.event_handler.log_command:Invoking command in '/home/nuc-bt/ros2_ws/src/drive/obstacle_detection/build/obstacle_detection': AMENT_PREFIX_PATH=/home/nuc-bt/ros2_ws/src/drive/obstacle_detection/install/obstacle_msgs:${AMENT_PREFIX_PATH} CMAKE_PREFIX_PATH=/home/nuc-bt/ros2_ws/src/drive/obstacle_detection/install/obstacle_msgs:/opt/ros/humble LD_LIBRARY_PATH=/home/nuc-bt/ros2_ws/src/drive/obstacle_detection/install/obstacle_msgs/lib:${LD_LIBRARY_PATH} PYTHONPATH=/home/nuc-bt/ros2_ws/src/drive/obstacle_detection/install/obstacle_msgs/local/lib/python3.10/dist-packages:${PYTHONPATH} /usr/bin/cmake --build /home/nuc-bt/ros2_ws/src/drive/obstacle_detection/build/obstacle_detection -- -j8 -l8
[14.638s] DEBUG:colcon.colcon_core.event_handler.log_command:Invoked command in '/home/nuc-bt/ros2_ws/src/drive/obstacle_detection/build/obstacle_detection' returned '0': AMENT_PREFIX_PATH=/home/nuc-bt/ros2_ws/src/drive/obstacle_detection/install/obstacle_msgs:${AMENT_PREFIX_PATH} CMAKE_PREFIX_PATH=/home/nuc-bt/ros2_ws/src/drive/obstacle_detection/install/obstacle_msgs:/opt/ros/humble LD_LIBRARY_PATH=/home/nuc-bt/ros2_ws/src/drive/obstacle_detection/install/obstacle_msgs/lib:${LD_LIBRARY_PATH} PYTHONPATH=/home/nuc-bt/ros2_ws/src/drive/obstacle_detection/install/obstacle_msgs/local/lib/python3.10/dist-packages:${PYTHONPATH} /usr/bin/cmake --build /home/nuc-bt/ros2_ws/src/drive/obstacle_detection/build/obstacle_detection -- -j8 -l8
[14.659s] DEBUG:colcon.colcon_core.event_handler.log_command:Invoking command in '/home/nuc-bt/ros2_ws/src/drive/obstacle_detection/build/obstacle_detection': AMENT_PREFIX_PATH=/home/nuc-bt/ros2_ws/src/drive/obstacle_detection/install/obstacle_msgs:${AMENT_PREFIX_PATH} CMAKE_PREFIX_PATH=/home/nuc-bt/ros2_ws/src/drive/obstacle_detection/install/obstacle_msgs:/opt/ros/humble LD_LIBRARY_PATH=/home/nuc-bt/ros2_ws/src/drive/obstacle_detection/install/obstacle_msgs/lib:${LD_LIBRARY_PATH} PYTHONPATH=/home/nuc-bt/ros2_ws/src/drive/obstacle_detection/install/obstacle_msgs/local/lib/python3.10/dist-packages:${PYTHONPATH} /usr/bin/cmake --install /home/nuc-bt/ros2_ws/src/drive/obstacle_detection/build/obstacle_detection
[14.673s] Level 1:colcon.colcon_core.environment:create_environment_scripts_only(obstacle_detection)
[14.673s] DEBUG:colcon.colcon_core.event_handler.log_command:Invoked command in '/home/nuc-bt/ros2_ws/src/drive/obstacle_detection/build/obstacle_detection' returned '0': AMENT_PREFIX_PATH=/home/nuc-bt/ros2_ws/src/drive/obstacle_detection/install/obstacle_msgs:${AMENT_PREFIX_PATH} CMAKE_PREFIX_PATH=/home/nuc-bt/ros2_ws/src/drive/obstacle_detection/install/obstacle_msgs:/opt/ros/humble LD_LIBRARY_PATH=/home/nuc-bt/ros2_ws/src/drive/obstacle_detection/install/obstacle_msgs/lib:${LD_LIBRARY_PATH} PYTHONPATH=/home/nuc-bt/ros2_ws/src/drive/obstacle_detection/install/obstacle_msgs/local/lib/python3.10/dist-packages:${PYTHONPATH} /usr/bin/cmake --install /home/nuc-bt/ros2_ws/src/drive/obstacle_detection/build/obstacle_detection
[14.686s] Level 1:colcon.colcon_core.environment:checking '/home/nuc-bt/ros2_ws/src/drive/obstacle_detection/install/obstacle_detection' for CMake module files
[14.687s] Level 1:colcon.colcon_core.environment:checking '/home/nuc-bt/ros2_ws/src/drive/obstacle_detection/install/obstacle_detection' for CMake config files
[14.687s] Level 1:colcon.colcon_core.shell:create_environment_hook('obstacle_detection', 'cmake_prefix_path')
[14.696s] INFO:colcon.colcon_core.shell:Creating environment hook '/home/nuc-bt/ros2_ws/src/drive/obstacle_detection/install/obstacle_detection/share/obstacle_detection/hook/cmake_prefix_path.ps1'
[14.696s] INFO:colcon.colcon_core.shell:Creating environment descriptor '/home/nuc-bt/ros2_ws/src/drive/obstacle_detection/install/obstacle_detection/share/obstacle_detection/hook/cmake_prefix_path.dsv'
[14.696s] INFO:colcon.colcon_core.shell:Creating environment hook '/home/nuc-bt/ros2_ws/src/drive/obstacle_detection/install/obstacle_detection/share/obstacle_detection/hook/cmake_prefix_path.sh'
[14.697s] Level 1:colcon.colcon_core.environment:checking '/home/nuc-bt/ros2_ws/src/drive/obstacle_detection/install/obstacle_detection/lib'
[14.697s] Level 1:colcon.colcon_core.environment:checking '/home/nuc-bt/ros2_ws/src/drive/obstacle_detection/install/obstacle_detection/bin'
[14.697s] Level 1:colcon.colcon_core.environment:checking '/home/nuc-bt/ros2_ws/src/drive/obstacle_detection/install/obstacle_detection/lib/pkgconfig/obstacle_detection.pc'
[14.697s] Level 1:colcon.colcon_core.environment:checking '/home/nuc-bt/ros2_ws/src/drive/obstacle_detection/install/obstacle_detection/lib/python3.10/site-packages'
[14.697s] Level 1:colcon.colcon_core.environment:checking '/home/nuc-bt/ros2_ws/src/drive/obstacle_detection/install/obstacle_detection/bin'
[14.708s] INFO:colcon.colcon_core.shell:Creating package script '/home/nuc-bt/ros2_ws/src/drive/obstacle_detection/install/obstacle_detection/share/obstacle_detection/package.ps1'
[14.708s] INFO:colcon.colcon_core.shell:Creating package descriptor '/home/nuc-bt/ros2_ws/src/drive/obstacle_detection/install/obstacle_detection/share/obstacle_detection/package.dsv'
[14.709s] INFO:colcon.colcon_core.shell:Creating package script '/home/nuc-bt/ros2_ws/src/drive/obstacle_detection/install/obstacle_detection/share/obstacle_detection/package.sh'
[14.709s] INFO:colcon.colcon_core.shell:Creating package script '/home/nuc-bt/ros2_ws/src/drive/obstacle_detection/install/obstacle_detection/share/obstacle_detection/package.bash'
[14.709s] INFO:colcon.colcon_core.shell:Creating package script '/home/nuc-bt/ros2_ws/src/drive/obstacle_detection/install/obstacle_detection/share/obstacle_detection/package.zsh'
[14.710s] Level 1:colcon.colcon_core.environment:create_file_with_runtime_dependencies(/home/nuc-bt/ros2_ws/src/drive/obstacle_detection/install/obstacle_detection/share/colcon-core/packages/obstacle_detection)
[14.739s] Level 1:colcon.colcon_core.environment:create_environment_scripts_only(obstacle_detection)
[14.750s] Level 1:colcon.colcon_core.environment:checking '/home/nuc-bt/ros2_ws/src/drive/obstacle_detection/install/obstacle_detection' for CMake module files
[14.751s] Level 1:colcon.colcon_core.environment:checking '/home/nuc-bt/ros2_ws/src/drive/obstacle_detection/install/obstacle_detection' for CMake config files
[14.751s] Level 1:colcon.colcon_core.shell:create_environment_hook('obstacle_detection', 'cmake_prefix_path')
[14.759s] INFO:colcon.colcon_core.shell:Creating environment hook '/home/nuc-bt/ros2_ws/src/drive/obstacle_detection/install/obstacle_detection/share/obstacle_detection/hook/cmake_prefix_path.ps1'
[14.760s] INFO:colcon.colcon_core.shell:Creating environment descriptor '/home/nuc-bt/ros2_ws/src/drive/obstacle_detection/install/obstacle_detection/share/obstacle_detection/hook/cmake_prefix_path.dsv'
[14.760s] INFO:colcon.colcon_core.shell:Creating environment hook '/home/nuc-bt/ros2_ws/src/drive/obstacle_detection/install/obstacle_detection/share/obstacle_detection/hook/cmake_prefix_path.sh'
[14.760s] Level 1:colcon.colcon_core.environment:checking '/home/nuc-bt/ros2_ws/src/drive/obstacle_detection/install/obstacle_detection/lib'
[14.761s] Level 1:colcon.colcon_core.environment:checking '/home/nuc-bt/ros2_ws/src/drive/obstacle_detection/install/obstacle_detection/bin'
[14.761s] Level 1:colcon.colcon_core.environment:checking '/home/nuc-bt/ros2_ws/src/drive/obstacle_detection/install/obstacle_detection/lib/pkgconfig/obstacle_detection.pc'
[14.761s] Level 1:colcon.colcon_core.environment:checking '/home/nuc-bt/ros2_ws/src/drive/obstacle_detection/install/obstacle_detection/lib/python3.10/site-packages'
[14.761s] Level 1:colcon.colcon_core.environment:checking '/home/nuc-bt/ros2_ws/src/drive/obstacle_detection/install/obstacle_detection/bin'
[14.770s] INFO:colcon.colcon_core.shell:Creating package script '/home/nuc-bt/ros2_ws/src/drive/obstacle_detection/install/obstacle_detection/share/obstacle_detection/package.ps1'
[14.771s] INFO:colcon.colcon_core.shell:Creating package descriptor '/home/nuc-bt/ros2_ws/src/drive/obstacle_detection/install/obstacle_detection/share/obstacle_detection/package.dsv'
[14.771s] INFO:colcon.colcon_core.shell:Creating package script '/home/nuc-bt/ros2_ws/src/drive/obstacle_detection/install/obstacle_detection/share/obstacle_detection/package.sh'
[14.772s] INFO:colcon.colcon_core.shell:Creating package script '/home/nuc-bt/ros2_ws/src/drive/obstacle_detection/install/obstacle_detection/share/obstacle_detection/package.bash'
[14.772s] INFO:colcon.colcon_core.shell:Creating package script '/home/nuc-bt/ros2_ws/src/drive/obstacle_detection/install/obstacle_detection/share/obstacle_detection/package.zsh'
[14.772s] Level 1:colcon.colcon_core.environment:create_file_with_runtime_dependencies(/home/nuc-bt/ros2_ws/src/drive/obstacle_detection/install/obstacle_detection/share/colcon-core/packages/obstacle_detection)
[14.773s] DEBUG:colcon.colcon_parallel_executor.executor.parallel:closing loop
[14.773s] DEBUG:colcon.colcon_parallel_executor.executor.parallel:loop closed
[14.773s] DEBUG:colcon.colcon_parallel_executor.executor.parallel:run_until_complete finished with '0'
[14.773s] DEBUG:colcon.colcon_core.event_reactor:joining thread
[14.788s] INFO:colcon.colcon_core.plugin_system:Skipping extension 'colcon_notification.desktop_notification.terminal_notifier': Not used on non-Darwin systems
[14.788s] INFO:colcon.colcon_core.plugin_system:Skipping extension 'colcon_notification.desktop_notification.win32': Not used on non-Windows systems
[14.788s] INFO:colcon.colcon_notification.desktop_notification:Sending desktop notification using 'notify2'
[39.810s] DEBUG:colcon.colcon_notification.desktop_notification.notify2:Failed to initialize notify2: org.freedesktop.DBus.Error.NoReply: Did not receive a reply. Possible causes include: the remote application did not send a reply, the message bus security policy blocked the reply, the reply timeout expired, or the network connection was broken.
[39.810s] DEBUG:colcon.colcon_core.event_reactor:joined thread
[39.839s] INFO:colcon.colcon_core.shell:Creating prefix script '/home/nuc-bt/ros2_ws/src/drive/obstacle_detection/install/local_setup.ps1'
[39.841s] INFO:colcon.colcon_core.shell:Creating prefix util module '/home/nuc-bt/ros2_ws/src/drive/obstacle_detection/install/_local_setup_util_ps1.py'
[39.844s] INFO:colcon.colcon_core.shell:Creating prefix chain script '/home/nuc-bt/ros2_ws/src/drive/obstacle_detection/install/setup.ps1'
[39.864s] INFO:colcon.colcon_core.shell:Creating prefix script '/home/nuc-bt/ros2_ws/src/drive/obstacle_detection/install/local_setup.sh'
[39.865s] INFO:colcon.colcon_core.shell:Creating prefix util module '/home/nuc-bt/ros2_ws/src/drive/obstacle_detection/install/_local_setup_util_sh.py'
[39.865s] INFO:colcon.colcon_core.shell:Creating prefix chain script '/home/nuc-bt/ros2_ws/src/drive/obstacle_detection/install/setup.sh'
[39.886s] INFO:colcon.colcon_core.shell:Creating prefix script '/home/nuc-bt/ros2_ws/src/drive/obstacle_detection/install/local_setup.bash'
[39.891s] INFO:colcon.colcon_core.shell:Creating prefix chain script '/home/nuc-bt/ros2_ws/src/drive/obstacle_detection/install/setup.bash'
[39.910s] INFO:colcon.colcon_core.shell:Creating prefix script '/home/nuc-bt/ros2_ws/src/drive/obstacle_detection/install/local_setup.zsh'
[39.911s] INFO:colcon.colcon_core.shell:Creating prefix chain script '/home/nuc-bt/ros2_ws/src/drive/obstacle_detection/install/setup.zsh'
