[01m[K/home/nuc-bt/ros2_ws/src/drive/obstacle_detection/obstacle_detection/src/obstacle_detection.cpp:[m[K In member function ‘[01m[Kvoid ObsDetection::scan_callback(std::shared_ptr<sensor_msgs::msg::LaserScan_<std::allocator<void> > >)[m[K’:
[01m[K/home/nuc-bt/ros2_ws/src/drive/obstacle_detection/obstacle_detection/src/obstacle_detection.cpp:79:13:[m[K [01;35m[Kwarning: [m[KISO C++ forbids variable length array ‘[01m[Kdetect_area[m[K’ [[01;35m[K-Wvla[m[K]
   79 |         int [01;35m[Kdetect_area[m[K[detect_arealen][detect_arealen]={0,};
      |             [01;35m[K^~~~~~~~~~~[m[K
[01m[K/home/nuc-bt/ros2_ws/src/drive/obstacle_detection/obstacle_detection/src/obstacle_detection.cpp:79:13:[m[K [01;35m[Kwarning: [m[KISO C++ forbids variable length array ‘[01m[Kdetect_area[m[K’ [[01;35m[K-Wvla[m[K]
[01m[K/home/nuc-bt/ros2_ws/src/drive/obstacle_detection/obstacle_detection/src/obstacle_detection.cpp:82:20:[m[K [01;35m[Kwarning: [m[Kcomparison of integer expressions of different signedness: ‘[01m[Kint[m[K’ and ‘[01m[Kstd::vector<float>::size_type[m[K’ {aka ‘[01m[Klong unsigned int[m[K’} [[01;35m[K-Wsign-compare[m[K]
   82 |         for(lp=1;[01;35m[Klp<scan->ranges.size()[m[K;lp++)
      |                  [01;35m[K~~^~~~~~~~~~~~~~~~~~~~[m[K
[01m[K/home/nuc-bt/ros2_ws/src/drive/obstacle_detection/obstacle_detection/src/obstacle_detection.cpp:110:16:[m[K [01;35m[Kwarning: [m[Knon-ISO-standard escape sequence, '\e'
  110 |         printf([01;35m[K"\e[1;1H\e[2J"[m[K);
      |                [01;35m[K^~~~~~~~~~~~~~[m[K
[01m[K/home/nuc-bt/ros2_ws/src/drive/obstacle_detection/obstacle_detection/src/obstacle_detection.cpp:110:16:[m[K [01;35m[Kwarning: [m[Knon-ISO-standard escape sequence, '\e'
[01m[K/home/nuc-bt/ros2_ws/src/drive/obstacle_detection/obstacle_detection/src/obstacle_detection.cpp:111:25:[m[K [01;35m[Kwarning: [m[Kcomparison of integer expressions of different signedness: ‘[01m[Kint[m[K’ and ‘[01m[Kunsigned int[m[K’ [[01;35m[K-Wsign-compare[m[K]
  111 |         for(lp_y=0;[01;35m[Klp_y < detect_arealen[m[K;lp_y++)
      |                    [01;35m[K~~~~~^~~~~~~~~~~~~~~~[m[K
[01m[K/home/nuc-bt/ros2_ws/src/drive/obstacle_detection/obstacle_detection/src/obstacle_detection.cpp:113:33:[m[K [01;35m[Kwarning: [m[Kcomparison of integer expressions of different signedness: ‘[01m[Kint[m[K’ and ‘[01m[Kunsigned int[m[K’ [[01;35m[K-Wsign-compare[m[K]
  113 |                 for(lp_x=0;[01;35m[Klp_x < detect_arealen[m[K;lp_x++)
      |                            [01;35m[K~~~~~^~~~~~~~~~~~~~~~[m[K
[01m[K/home/nuc-bt/ros2_ws/src/drive/obstacle_detection/obstacle_detection/src/obstacle_detection.cpp:76:13:[m[K [01;35m[Kwarning: [m[Kunused variable ‘[01m[Knum_ranges[m[K’ [[01;35m[K-Wunused-variable[m[K]
   76 |         int [01;35m[Knum_ranges[m[K = scan->ranges.size();
      |             [01;35m[K^~~~~~~~~~[m[K
