-- The C compiler identification is GNU 11.4.0
-- The CXX compiler identification is GNU 11.4.0
-- Detecting C compiler ABI info
-- Detecting C compiler ABI info - done
-- Check for working C compiler: /usr/bin/cc - skipped
-- Detecting C compile features
-- Detecting C compile features - done
-- Detecting CXX compiler ABI info
-- Detecting CXX compiler ABI info - done
-- Check for working CXX compiler: /usr/bin/c++ - skipped
-- Detecting CXX compile features
-- Detecting CXX compile features - done
-- Found ament_cmake: 1.3.6 (/opt/ros/humble/share/ament_cmake/cmake)
-- Found Python3: /usr/bin/python3.10 (found version "3.10.12") found components: Interpreter 
-- Override CMake install command with custom implementation using symlinks instead of copying resources
-- Found sensor_msgs: 4.2.3 (/opt/ros/humble/share/sensor_msgs/cmake)
-- Found rosidl_generator_c: 3.1.5 (/opt/ros/humble/share/rosidl_generator_c/cmake)
-- Found rosidl_adapter: 3.1.5 (/opt/ros/humble/share/rosidl_adapter/cmake)
-- Found rosidl_generator_cpp: 3.1.5 (/opt/ros/humble/share/rosidl_generator_cpp/cmake)
-- Using all available rosidl_typesupport_c: rosidl_typesupport_fastrtps_c;rosidl_typesupport_introspection_c
-- Using all available rosidl_typesupport_cpp: rosidl_typesupport_fastrtps_cpp;rosidl_typesupport_introspection_cpp
-- Found nav_msgs: 4.2.3 (/opt/ros/humble/share/nav_msgs/cmake)
-- Found obstacle_msgs: 0.0.0 (/home/nuc-bt/ros2_ws/src/drive/obstacle_detection/install/obstacle_msgs/share/obstacle_msgs/cmake)
-- Found rclcpp: 16.0.7 (/opt/ros/humble/share/rclcpp/cmake)
-- Found rmw_implementation_cmake: 6.1.1 (/opt/ros/humble/share/rmw_implementation_cmake/cmake)
-- Found rmw_fastrtps_cpp: 6.2.5 (/opt/ros/humble/share/rmw_fastrtps_cpp/cmake)
-- Found OpenSSL: /usr/lib/x86_64-linux-gnu/libcrypto.so (found version "3.0.2")  
-- Found FastRTPS: /opt/ros/humble/include  
-- Using RMW implementation 'rmw_fastrtps_cpp' as default
-- Looking for pthread.h
-- Looking for pthread.h - found
-- Performing Test CMAKE_HAVE_LIBC_PTHREAD
-- Performing Test CMAKE_HAVE_LIBC_PTHREAD - Success
-- Found Threads: TRUE  
-- Configuring done
-- Generating done
-- Build files have been written to: /home/nuc-bt/ros2_ws/src/drive/obstacle_detection/build/obstacle_detection
[ 33%] [32mBuilding CXX object CMakeFiles/obstacle_detection_node.dir/src/main.cpp.o[0m
[ 66%] [32mBuilding CXX object CMakeFiles/obstacle_detection_node.dir/src/obstacle_detection.cpp.o[0m
[01m[K/home/nuc-bt/ros2_ws/src/drive/obstacle_detection/obstacle_detection/src/obstacle_detection.cpp:[m[K In member function ‘[01m[Kvoid ObsDetection::scan_callback(std::shared_ptr<sensor_msgs::msg::LaserScan_<std::allocator<void> > >)[m[K’:
[01m[K/home/nuc-bt/ros2_ws/src/drive/obstacle_detection/obstacle_detection/src/obstacle_detection.cpp:79:13:[m[K [01;35m[Kwarning: [m[KISO C++ forbids variable length array ‘[01m[Kdetect_area[m[K’ [[01;35m[K-Wvla[m[K]
   79 |         int [01;35m[Kdetect_area[m[K[detect_arealen][detect_arealen]={0,};
      |             [01;35m[K^~~~~~~~~~~[m[K
[01m[K/home/nuc-bt/ros2_ws/src/drive/obstacle_detection/obstacle_detection/src/obstacle_detection.cpp:79:13:[m[K [01;35m[Kwarning: [m[KISO C++ forbids variable length array ‘[01m[Kdetect_area[m[K’ [[01;35m[K-Wvla[m[K]
[01m[K/home/nuc-bt/ros2_ws/src/drive/obstacle_detection/obstacle_detection/src/obstacle_detection.cpp:82:20:[m[K [01;35m[Kwarning: [m[Kcomparison of integer expressions of different signedness: ‘[01m[Kint[m[K’ and ‘[01m[Kstd::vector<float>::size_type[m[K’ {aka ‘[01m[Klong unsigned int[m[K’} [[01;35m[K-Wsign-compare[m[K]
   82 |         for(lp=1;[01;35m[Klp<scan->ranges.size()[m[K;lp++)
      |                  [01;35m[K~~^~~~~~~~~~~~~~~~~~~~[m[K
[01m[K/home/nuc-bt/ros2_ws/src/drive/obstacle_detection/obstacle_detection/src/obstacle_detection.cpp:110:16:[m[K [01;35m[Kwarning: [m[Knon-ISO-standard escape sequence, '\e'
  110 |         printf([01;35m[K"\e[1;1H\e[2J"[m[K);
      |                [01;35m[K^~~~~~~~~~~~~~[m[K
[01m[K/home/nuc-bt/ros2_ws/src/drive/obstacle_detection/obstacle_detection/src/obstacle_detection.cpp:110:16:[m[K [01;35m[Kwarning: [m[Knon-ISO-standard escape sequence, '\e'
[01m[K/home/nuc-bt/ros2_ws/src/drive/obstacle_detection/obstacle_detection/src/obstacle_detection.cpp:111:25:[m[K [01;35m[Kwarning: [m[Kcomparison of integer expressions of different signedness: ‘[01m[Kint[m[K’ and ‘[01m[Kunsigned int[m[K’ [[01;35m[K-Wsign-compare[m[K]
  111 |         for(lp_y=0;[01;35m[Klp_y < detect_arealen[m[K;lp_y++)
      |                    [01;35m[K~~~~~^~~~~~~~~~~~~~~~[m[K
[01m[K/home/nuc-bt/ros2_ws/src/drive/obstacle_detection/obstacle_detection/src/obstacle_detection.cpp:113:33:[m[K [01;35m[Kwarning: [m[Kcomparison of integer expressions of different signedness: ‘[01m[Kint[m[K’ and ‘[01m[Kunsigned int[m[K’ [[01;35m[K-Wsign-compare[m[K]
  113 |                 for(lp_x=0;[01;35m[Klp_x < detect_arealen[m[K;lp_x++)
      |                            [01;35m[K~~~~~^~~~~~~~~~~~~~~~[m[K
[01m[K/home/nuc-bt/ros2_ws/src/drive/obstacle_detection/obstacle_detection/src/obstacle_detection.cpp:76:13:[m[K [01;35m[Kwarning: [m[Kunused variable ‘[01m[Knum_ranges[m[K’ [[01;35m[K-Wunused-variable[m[K]
   76 |         int [01;35m[Knum_ranges[m[K = scan->ranges.size();
      |             [01;35m[K^~~~~~~~~~[m[K
[100%] [32m[1mLinking CXX executable obstacle_detection_node[0m
[100%] Built target obstacle_detection_node
-- Install configuration: ""
-- Execute custom install script
-- Symlinking: /home/nuc-bt/ros2_ws/src/drive/obstacle_detection/install/obstacle_detection/lib/obstacle_detection/obstacle_detection_node
-- Symlinking: /home/nuc-bt/ros2_ws/src/drive/obstacle_detection/install/obstacle_detection/share/ament_index/resource_index/package_run_dependencies/obstacle_detection
-- Symlinking: /home/nuc-bt/ros2_ws/src/drive/obstacle_detection/install/obstacle_detection/share/ament_index/resource_index/parent_prefix_path/obstacle_detection
-- Symlinking: /home/nuc-bt/ros2_ws/src/drive/obstacle_detection/install/obstacle_detection/share/obstacle_detection/environment/ament_prefix_path.sh
-- Symlinking: /home/nuc-bt/ros2_ws/src/drive/obstacle_detection/install/obstacle_detection/share/obstacle_detection/environment/ament_prefix_path.dsv
-- Symlinking: /home/nuc-bt/ros2_ws/src/drive/obstacle_detection/install/obstacle_detection/share/obstacle_detection/environment/path.sh
-- Symlinking: /home/nuc-bt/ros2_ws/src/drive/obstacle_detection/install/obstacle_detection/share/obstacle_detection/environment/path.dsv
-- Symlinking: /home/nuc-bt/ros2_ws/src/drive/obstacle_detection/install/obstacle_detection/share/obstacle_detection/local_setup.bash
-- Symlinking: /home/nuc-bt/ros2_ws/src/drive/obstacle_detection/install/obstacle_detection/share/obstacle_detection/local_setup.sh
-- Symlinking: /home/nuc-bt/ros2_ws/src/drive/obstacle_detection/install/obstacle_detection/share/obstacle_detection/local_setup.zsh
-- Symlinking: /home/nuc-bt/ros2_ws/src/drive/obstacle_detection/install/obstacle_detection/share/obstacle_detection/local_setup.dsv
-- Symlinking: /home/nuc-bt/ros2_ws/src/drive/obstacle_detection/install/obstacle_detection/share/obstacle_detection/package.dsv
-- Symlinking: /home/nuc-bt/ros2_ws/src/drive/obstacle_detection/install/obstacle_detection/share/ament_index/resource_index/packages/obstacle_detection
-- Symlinking: /home/nuc-bt/ros2_ws/src/drive/obstacle_detection/install/obstacle_detection/share/obstacle_detection/cmake/obstacle_detectionConfig.cmake
-- Symlinking: /home/nuc-bt/ros2_ws/src/drive/obstacle_detection/install/obstacle_detection/share/obstacle_detection/cmake/obstacle_detectionConfig-version.cmake
-- Symlinking: /home/nuc-bt/ros2_ws/src/drive/obstacle_detection/install/obstacle_detection/share/obstacle_detection/package.xml
