[0.081s] Invoking command in '/home/nuc-bt/ros2_ws/src/drive/obstacle_detection/build/obstacle_detection': AMENT_PREFIX_PATH=/home/nuc-bt/ros2_ws/src/drive/obstacle_detection/install/obstacle_msgs:${AMENT_PREFIX_PATH} CMAKE_PREFIX_PATH=/home/nuc-bt/ros2_ws/src/drive/obstacle_detection/install/obstacle_msgs:/opt/ros/humble LD_LIBRARY_PATH=/home/nuc-bt/ros2_ws/src/drive/obstacle_detection/install/obstacle_msgs/lib:${LD_LIBRARY_PATH} PYTHONPATH=/home/nuc-bt/ros2_ws/src/drive/obstacle_detection/install/obstacle_msgs/local/lib/python3.10/dist-packages:${PYTHONPATH} /usr/bin/cmake --build /home/nuc-bt/ros2_ws/src/drive/obstacle_detection/build/obstacle_detection -- -j8 -l8
[0.114s] [35m[1mConsolidate compiler generated dependencies of target obstacle_detection_node[0m
[0.132s] [ 33%] [32mBuilding CXX object CMakeFiles/obstacle_detection_node.dir/src/obstacle_detection.cpp.o[0m
[2.362s] [01m[K/home/nuc-bt/ros2_ws/src/drive/obstacle_detection/obstacle_detection/src/obstacle_detection.cpp:[m[K In member function ‘[01m[Kvoid ObsDetection::scan_callback(std::shared_ptr<sensor_msgs::msg::LaserScan_<std::allocator<void> > >)[m[K’:
[2.370s] [01m[K/home/nuc-bt/ros2_ws/src/drive/obstacle_detection/obstacle_detection/src/obstacle_detection.cpp:79:13:[m[K [01;35m[Kwarning: [m[KISO C++ forbids variable length array ‘[01m[Kdetect_area[m[K’ [[01;35m[K-Wvla[m[K]
[2.370s]    79 |         int [01;35m[Kdetect_area[m[K[detect_arealen][detect_arealen]={0,};
[2.370s]       |             [01;35m[K^~~~~~~~~~~[m[K
[2.370s] [01m[K/home/nuc-bt/ros2_ws/src/drive/obstacle_detection/obstacle_detection/src/obstacle_detection.cpp:79:13:[m[K [01;35m[Kwarning: [m[KISO C++ forbids variable length array ‘[01m[Kdetect_area[m[K’ [[01;35m[K-Wvla[m[K]
[2.370s] [01m[K/home/nuc-bt/ros2_ws/src/drive/obstacle_detection/obstacle_detection/src/obstacle_detection.cpp:82:20:[m[K [01;35m[Kwarning: [m[Kcomparison of integer expressions of different signedness: ‘[01m[Kint[m[K’ and ‘[01m[Kstd::vector<float>::size_type[m[K’ {aka ‘[01m[Klong unsigned int[m[K’} [[01;35m[K-Wsign-compare[m[K]
[2.370s]    82 |         for(lp=1;[01;35m[Klp<scan->ranges.size()[m[K;lp++)
[2.370s]       |                  [01;35m[K~~^~~~~~~~~~~~~~~~~~~~[m[K
[2.370s] [01m[K/home/nuc-bt/ros2_ws/src/drive/obstacle_detection/obstacle_detection/src/obstacle_detection.cpp:98:23:[m[K [01;35m[Kwarning: [m[Kformat ‘[01m[K%f[m[K’ expects argument of type ‘[01m[Kdouble[m[K’, but argument 3 has type ‘[01m[Kint[m[K’ [[01;35m[K-Wformat=[m[K]
[2.370s]    98 |         printf("1 %d,[01;35m[K%f[m[K,%d,%d\n",detect_arealen/2,[32m[Krobot_detect_x[m[K, lp_x,lp_y);
[2.370s]       |                      [01;35m[K~^[m[K                           [32m[K~~~~~~~~~~~~~~[m[K
[2.370s]       |                       [01;35m[K|[m[K                           [32m[K|[m[K
[2.370s]       |                       [01;35m[Kdouble[m[K                      [32m[Kint[m[K
[2.370s]       |                      [32m[K%d[m[K
[2.370s] [01m[K/home/nuc-bt/ros2_ws/src/drive/obstacle_detection/obstacle_detection/src/obstacle_detection.cpp:101:31:[m[K [01;35m[Kwarning: [m[Kformat ‘[01m[K%f[m[K’ expects argument of type ‘[01m[Kdouble[m[K’, but argument 3 has type ‘[01m[Kint[m[K’ [[01;35m[K-Wformat=[m[K]
[2.370s]   101 |                 printf("2 %d,[01;35m[K%f[m[K,%d,%d\n",detect_arealen/2,[32m[Krobot_detect_x[m[K, lp_x,lp_y);
[2.370s]       |                              [01;35m[K~^[m[K                           [32m[K~~~~~~~~~~~~~~[m[K
[2.370s]       |                               [01;35m[K|[m[K                           [32m[K|[m[K
[2.370s]       |                               [01;35m[Kdouble[m[K                      [32m[Kint[m[K
[2.371s]       |                              [32m[K%d[m[K
[2.371s] [01m[K/home/nuc-bt/ros2_ws/src/drive/obstacle_detection/obstacle_detection/src/obstacle_detection.cpp:104:39:[m[K [01;35m[Kwarning: [m[Kformat ‘[01m[K%f[m[K’ expects argument of type ‘[01m[Kdouble[m[K’, but argument 3 has type ‘[01m[Kint[m[K’ [[01;35m[K-Wformat=[m[K]
[2.371s]   104 |                         printf("3 %d,[01;35m[K%f[m[K,%d,%d\n",detect_arealen/2,[32m[Krobot_detect_x[m[K, lp_x,lp_y);
[2.371s]       |                                      [01;35m[K~^[m[K                           [32m[K~~~~~~~~~~~~~~[m[K
[2.371s]       |                                       [01;35m[K|[m[K                           [32m[K|[m[K
[2.371s]       |                                       [01;35m[Kdouble[m[K                      [32m[Kint[m[K
[2.371s]       |                                      [32m[K%d[m[K
[2.371s] [01m[K/home/nuc-bt/ros2_ws/src/drive/obstacle_detection/obstacle_detection/src/obstacle_detection.cpp:110:47:[m[K [01;35m[Kwarning: [m[Kformat ‘[01m[K%f[m[K’ expects argument of type ‘[01m[Kdouble[m[K’, but argument 3 has type ‘[01m[Kint[m[K’ [[01;35m[K-Wformat=[m[K]
[2.371s]   110 |                                 printf("4 %d,[01;35m[K%f[m[K,%d,%d\n",detect_arealen/2,[32m[Krobot_detect_x[m[K, lp_x,lp_y);
[2.371s]       |                                              [01;35m[K~^[m[K                           [32m[K~~~~~~~~~~~~~~[m[K
[2.371s]       |                                               [01;35m[K|[m[K                           [32m[K|[m[K
[2.371s]       |                                               [01;35m[Kdouble[m[K                      [32m[Kint[m[K
[2.371s]       |                                              [32m[K%d[m[K
[2.371s] [01m[K/home/nuc-bt/ros2_ws/src/drive/obstacle_detection/obstacle_detection/src/obstacle_detection.cpp:118:16:[m[K [01;35m[Kwarning: [m[Knon-ISO-standard escape sequence, '\e'
[2.371s]   118 |         printf([01;35m[K"\e[1;1H\e[2J"[m[K);
[2.371s]       |                [01;35m[K^~~~~~~~~~~~~~[m[K
[2.371s] [01m[K/home/nuc-bt/ros2_ws/src/drive/obstacle_detection/obstacle_detection/src/obstacle_detection.cpp:118:16:[m[K [01;35m[Kwarning: [m[Knon-ISO-standard escape sequence, '\e'
[2.372s] [01m[K/home/nuc-bt/ros2_ws/src/drive/obstacle_detection/obstacle_detection/src/obstacle_detection.cpp:119:25:[m[K [01;35m[Kwarning: [m[Kcomparison of integer expressions of different signedness: ‘[01m[Kint[m[K’ and ‘[01m[Kunsigned int[m[K’ [[01;35m[K-Wsign-compare[m[K]
[2.372s]   119 |         for(lp_y=0;[01;35m[Klp_y < detect_arealen[m[K;lp_y++)
[2.372s]       |                    [01;35m[K~~~~~^~~~~~~~~~~~~~~~[m[K
[2.372s] [01m[K/home/nuc-bt/ros2_ws/src/drive/obstacle_detection/obstacle_detection/src/obstacle_detection.cpp:121:33:[m[K [01;35m[Kwarning: [m[Kcomparison of integer expressions of different signedness: ‘[01m[Kint[m[K’ and ‘[01m[Kunsigned int[m[K’ [[01;35m[K-Wsign-compare[m[K]
[2.372s]   121 |                 for(lp_x=0;[01;35m[Klp_x < detect_arealen[m[K;lp_x++)
[2.372s]       |                            [01;35m[K~~~~~^~~~~~~~~~~~~~~~[m[K
[2.372s] [01m[K/home/nuc-bt/ros2_ws/src/drive/obstacle_detection/obstacle_detection/src/obstacle_detection.cpp:76:13:[m[K [01;35m[Kwarning: [m[Kunused variable ‘[01m[Knum_ranges[m[K’ [[01;35m[K-Wunused-variable[m[K]
[2.372s]    76 |         int [01;35m[Knum_ranges[m[K = scan->ranges.size();
[2.372s]       |             [01;35m[K^~~~~~~~~~[m[K
[7.296s] [01m[K/home/nuc-bt/ros2_ws/src/drive/obstacle_detection/obstacle_detection/src/obstacle_detection.cpp:98:15:[m[K [01;35m[Kwarning: [m[K‘[01m[Klp_x[m[K’ is used uninitialized [[01;35m[K-Wuninitialized[m[K]
[7.296s]    98 |         [01;35m[Kprintf("1 %d,%f,%d,%d\n",detect_arealen/2,robot_detect_x, lp_x,lp_y)[m[K;
[7.296s]       |         [01;35m[K~~~~~~^~~~~~~~~~~~~~~~~~~~~~~~~~~~~~~~~~~~~~~~~~~~~~~~~~~~~~~~~~~~~~[m[K
[7.296s] [01m[K/home/nuc-bt/ros2_ws/src/drive/obstacle_detection/obstacle_detection/src/obstacle_detection.cpp:98:15:[m[K [01;35m[Kwarning: [m[K‘[01m[Klp_y[m[K’ is used uninitialized [[01;35m[K-Wuninitialized[m[K]
[14.216s] [ 66%] [32m[1mLinking CXX executable obstacle_detection_node[0m
[15.090s] [100%] Built target obstacle_detection_node
[15.100s] Invoked command in '/home/nuc-bt/ros2_ws/src/drive/obstacle_detection/build/obstacle_detection' returned '0': AMENT_PREFIX_PATH=/home/nuc-bt/ros2_ws/src/drive/obstacle_detection/install/obstacle_msgs:${AMENT_PREFIX_PATH} CMAKE_PREFIX_PATH=/home/nuc-bt/ros2_ws/src/drive/obstacle_detection/install/obstacle_msgs:/opt/ros/humble LD_LIBRARY_PATH=/home/nuc-bt/ros2_ws/src/drive/obstacle_detection/install/obstacle_msgs/lib:${LD_LIBRARY_PATH} PYTHONPATH=/home/nuc-bt/ros2_ws/src/drive/obstacle_detection/install/obstacle_msgs/local/lib/python3.10/dist-packages:${PYTHONPATH} /usr/bin/cmake --build /home/nuc-bt/ros2_ws/src/drive/obstacle_detection/build/obstacle_detection -- -j8 -l8
[15.123s] Invoking command in '/home/nuc-bt/ros2_ws/src/drive/obstacle_detection/build/obstacle_detection': AMENT_PREFIX_PATH=/home/nuc-bt/ros2_ws/src/drive/obstacle_detection/install/obstacle_msgs:${AMENT_PREFIX_PATH} CMAKE_PREFIX_PATH=/home/nuc-bt/ros2_ws/src/drive/obstacle_detection/install/obstacle_msgs:/opt/ros/humble LD_LIBRARY_PATH=/home/nuc-bt/ros2_ws/src/drive/obstacle_detection/install/obstacle_msgs/lib:${LD_LIBRARY_PATH} PYTHONPATH=/home/nuc-bt/ros2_ws/src/drive/obstacle_detection/install/obstacle_msgs/local/lib/python3.10/dist-packages:${PYTHONPATH} /usr/bin/cmake --install /home/nuc-bt/ros2_ws/src/drive/obstacle_detection/build/obstacle_detection
[15.130s] -- Install configuration: ""
[15.130s] -- Execute custom install script
[15.130s] -- Up-to-date symlink: /home/nuc-bt/ros2_ws/src/drive/obstacle_detection/install/obstacle_detection/lib/obstacle_detection/obstacle_detection_node
[15.130s] -- Up-to-date symlink: /home/nuc-bt/ros2_ws/src/drive/obstacle_detection/install/obstacle_detection/share/ament_index/resource_index/package_run_dependencies/obstacle_detection
[15.130s] -- Up-to-date symlink: /home/nuc-bt/ros2_ws/src/drive/obstacle_detection/install/obstacle_detection/share/ament_index/resource_index/parent_prefix_path/obstacle_detection
[15.131s] -- Up-to-date symlink: /home/nuc-bt/ros2_ws/src/drive/obstacle_detection/install/obstacle_detection/share/obstacle_detection/environment/ament_prefix_path.sh
[15.131s] -- Up-to-date symlink: /home/nuc-bt/ros2_ws/src/drive/obstacle_detection/install/obstacle_detection/share/obstacle_detection/environment/ament_prefix_path.dsv
[15.131s] -- Up-to-date symlink: /home/nuc-bt/ros2_ws/src/drive/obstacle_detection/install/obstacle_detection/share/obstacle_detection/environment/path.sh
[15.131s] -- Up-to-date symlink: /home/nuc-bt/ros2_ws/src/drive/obstacle_detection/install/obstacle_detection/share/obstacle_detection/environment/path.dsv
[15.131s] -- Up-to-date symlink: /home/nuc-bt/ros2_ws/src/drive/obstacle_detection/install/obstacle_detection/share/obstacle_detection/local_setup.bash
[15.131s] -- Up-to-date symlink: /home/nuc-bt/ros2_ws/src/drive/obstacle_detection/install/obstacle_detection/share/obstacle_detection/local_setup.sh
[15.131s] -- Up-to-date symlink: /home/nuc-bt/ros2_ws/src/drive/obstacle_detection/install/obstacle_detection/share/obstacle_detection/local_setup.zsh
[15.131s] -- Up-to-date symlink: /home/nuc-bt/ros2_ws/src/drive/obstacle_detection/install/obstacle_detection/share/obstacle_detection/local_setup.dsv
[15.131s] -- Symlinking: /home/nuc-bt/ros2_ws/src/drive/obstacle_detection/install/obstacle_detection/share/obstacle_detection/package.dsv
[15.138s] -- Up-to-date symlink: /home/nuc-bt/ros2_ws/src/drive/obstacle_detection/install/obstacle_detection/share/ament_index/resource_index/packages/obstacle_detection
[15.138s] -- Up-to-date symlink: /home/nuc-bt/ros2_ws/src/drive/obstacle_detection/install/obstacle_detection/share/obstacle_detection/cmake/obstacle_detectionConfig.cmake
[15.138s] -- Up-to-date symlink: /home/nuc-bt/ros2_ws/src/drive/obstacle_detection/install/obstacle_detection/share/obstacle_detection/cmake/obstacle_detectionConfig-version.cmake
[15.139s] -- Up-to-date symlink: /home/nuc-bt/ros2_ws/src/drive/obstacle_detection/install/obstacle_detection/share/obstacle_detection/package.xml
[15.140s] Invoked command in '/home/nuc-bt/ros2_ws/src/drive/obstacle_detection/build/obstacle_detection' returned '0': AMENT_PREFIX_PATH=/home/nuc-bt/ros2_ws/src/drive/obstacle_detection/install/obstacle_msgs:${AMENT_PREFIX_PATH} CMAKE_PREFIX_PATH=/home/nuc-bt/ros2_ws/src/drive/obstacle_detection/install/obstacle_msgs:/opt/ros/humble LD_LIBRARY_PATH=/home/nuc-bt/ros2_ws/src/drive/obstacle_detection/install/obstacle_msgs/lib:${LD_LIBRARY_PATH} PYTHONPATH=/home/nuc-bt/ros2_ws/src/drive/obstacle_detection/install/obstacle_msgs/local/lib/python3.10/dist-packages:${PYTHONPATH} /usr/bin/cmake --install /home/nuc-bt/ros2_ws/src/drive/obstacle_detection/build/obstacle_detection
