[0.044s] Invoking command in '/home/nuc-bt/ros2_ws/src/drive/obstacle_detection/build/obstacle_msgs': CMAKE_PREFIX_PATH=${CMAKE_PREFIX_PATH}:/opt/ros/humble /usr/bin/cmake /home/nuc-bt/ros2_ws/src/drive/obstacle_detection/obstacle_msgs -DAMENT_CMAKE_SYMLINK_INSTALL=1 -DCMAKE_INSTALL_PREFIX=/home/nuc-bt/ros2_ws/src/drive/obstacle_detection/install/obstacle_msgs
[0.083s] -- The C compiler identification is GNU 11.4.0
[0.120s] -- The CXX compiler identification is GNU 11.4.0
[0.125s] -- Detecting C compiler ABI info
[0.179s] -- Detecting C compiler ABI info - done
[0.188s] -- Check for working C compiler: /usr/bin/cc - skipped
[0.188s] -- Detecting C compile features
[0.188s] -- Detecting C compile features - done
[0.191s] -- Detecting CXX compiler ABI info
[0.252s] -- Detecting CXX compiler ABI info - done
[0.257s] -- Check for working CXX compiler: /usr/bin/c++ - skipped
[0.257s] -- Detecting CXX compile features
[0.258s] -- Detecting CXX compile features - done
[0.261s] -- Found ament_cmake: 1.3.6 (/opt/ros/humble/share/ament_cmake/cmake)
[0.372s] -- Found Python3: /usr/bin/python3.10 (found version "3.10.12") found components: Interpreter 
[0.411s] -- Override CMake install command with custom implementation using symlinks instead of copying resources
[0.441s] -- Found rclcpp: 16.0.7 (/opt/ros/humble/share/rclcpp/cmake)
[0.478s] -- Found rosidl_generator_c: 3.1.5 (/opt/ros/humble/share/rosidl_generator_c/cmake)
[0.483s] -- Found rosidl_adapter: 3.1.5 (/opt/ros/humble/share/rosidl_adapter/cmake)
[0.490s] -- Found rosidl_generator_cpp: 3.1.5 (/opt/ros/humble/share/rosidl_generator_cpp/cmake)
[0.501s] -- Using all available rosidl_typesupport_c: rosidl_typesupport_fastrtps_c;rosidl_typesupport_introspection_c
[0.516s] -- Using all available rosidl_typesupport_cpp: rosidl_typesupport_fastrtps_cpp;rosidl_typesupport_introspection_cpp
[0.569s] -- Found rmw_implementation_cmake: 6.1.1 (/opt/ros/humble/share/rmw_implementation_cmake/cmake)
[0.572s] -- Found rmw_fastrtps_cpp: 6.2.5 (/opt/ros/humble/share/rmw_fastrtps_cpp/cmake)
[0.653s] -- Found OpenSSL: /usr/lib/x86_64-linux-gnu/libcrypto.so (found version "3.0.2")  
[0.672s] -- Found FastRTPS: /opt/ros/humble/include  
[0.705s] -- Using RMW implementation 'rmw_fastrtps_cpp' as default
[0.714s] -- Looking for pthread.h
[0.768s] -- Looking for pthread.h - found
[0.768s] -- Performing Test CMAKE_HAVE_LIBC_PTHREAD
[0.824s] -- Performing Test CMAKE_HAVE_LIBC_PTHREAD - Success
[0.825s] -- Found Threads: TRUE  
[0.930s] -- Found rosidl_default_generators: 1.2.0 (/opt/ros/humble/share/rosidl_default_generators/cmake)
[1.044s] [31mCMake Error at /opt/ros/humble/share/rosidl_adapter/cmake/rosidl_adapt_interfaces.cmake:59 (message):
[1.044s]   execute_process(/usr/bin/python3.10 -m rosidl_adapter --package-name
[1.044s]   obstacle_msgs --arguments-file
[1.044s]   /home/nuc-bt/ros2_ws/src/drive/obstacle_detection/build/obstacle_msgs/rosidl_adapter__arguments__obstacle_msgs.json
[1.045s]   --output-dir
[1.045s]   /home/nuc-bt/ros2_ws/src/drive/obstacle_detection/build/obstacle_msgs/rosidl_adapter/obstacle_msgs
[1.045s]   --output-file
[1.045s]   /home/nuc-bt/ros2_ws/src/drive/obstacle_detection/build/obstacle_msgs/rosidl_adapter/obstacle_msgs.idls)
[1.045s]   returned error code 1:
[1.045s] 
[1.045s]   Error processing 'double obstacle_length' of 'obstacle_msgs/Status':
[1.045s]   ''double' is an invalid message name.  It should have the pattern
[1.045s]   '^[A-Z][A-Za-z0-9]*$''
[1.045s] 
[1.045s]   Traceback (most recent call last):
[1.045s] 
[1.045s]     File "/usr/lib/python3.10/runpy.py", line 196, in _run_module_as_main
[1.045s]       return _run_code(code, main_globals, None,
[1.045s]     File "/usr/lib/python3.10/runpy.py", line 86, in _run_code
[1.045s]       exec(code, run_globals)
[1.045s]     File "/opt/ros/humble/local/lib/python3.10/dist-packages/rosidl_adapter/__main__.py", line 19, in <module>
[1.045s]       sys.exit(main())
[1.045s]     File "/opt/ros/humble/local/lib/python3.10/dist-packages/rosidl_adapter/main.py", line 53, in main
[1.046s]       abs_idl_file = convert_to_idl(
[1.046s]     File "/opt/ros/humble/local/lib/python3.10/dist-packages/rosidl_adapter/__init__.py", line 19, in convert_to_idl
[1.046s]       return convert_msg_to_idl(
[1.046s]     File "/opt/ros/humble/local/lib/python3.10/dist-packages/rosidl_adapter/msg/__init__.py", line 28, in convert_msg_to_idl
[1.046s]       msg = parse_message_string(package_name, input_file.stem, content)
[1.046s]     File "/opt/ros/humble/local/lib/python3.10/dist-packages/rosidl_adapter/parser.py", line 520, in parse_message_string
[1.046s]       Type(type_string, context_package_name=pkg_name),
[1.046s]     File "/opt/ros/humble/local/lib/python3.10/dist-packages/rosidl_adapter/parser.py", line 277, in __init__
[1.046s]       super(Type, self).__init__(
[1.046s]     File "/opt/ros/humble/local/lib/python3.10/dist-packages/rosidl_adapter/parser.py", line 205, in __init__
[1.046s]       raise InvalidResourceName(
[1.046s] 
[1.046s]   rosidl_adapter.parser.InvalidResourceName: 'double' is an invalid message
[1.046s]   name.  It should have the pattern '^[A-Z][A-Za-z0-9]*$'
[1.046s] 
[1.046s] Call Stack (most recent call first):
[1.046s]   /opt/ros/humble/share/rosidl_cmake/cmake/rosidl_generate_interfaces.cmake:130 (rosidl_adapt_interfaces)
[1.046s]   CMakeLists.txt:13 (rosidl_generate_interfaces)
[1.046s] 
[1.046s] [0m
[1.047s] -- Configuring incomplete, errors occurred!
[1.047s] See also "/home/nuc-bt/ros2_ws/src/drive/obstacle_detection/build/obstacle_msgs/CMakeFiles/CMakeOutput.log".
[1.052s] Invoked command in '/home/nuc-bt/ros2_ws/src/drive/obstacle_detection/build/obstacle_msgs' returned '1': CMAKE_PREFIX_PATH=${CMAKE_PREFIX_PATH}:/opt/ros/humble /usr/bin/cmake /home/nuc-bt/ros2_ws/src/drive/obstacle_detection/obstacle_msgs -DAMENT_CMAKE_SYMLINK_INSTALL=1 -DCMAKE_INSTALL_PREFIX=/home/nuc-bt/ros2_ws/src/drive/obstacle_detection/install/obstacle_msgs
