[0.644s] DEBUG:colcon:Command line arguments: ['/usr/bin/colcon', 'build', '--symlink-install']
[0.644s] DEBUG:colcon:Parsed command line arguments: Namespace(log_base=None, log_level=None, verb_name='build', build_base='build', install_base='install', merge_install=False, symlink_install=True, test_result_base=None, continue_on_error=False, executor='parallel', parallel_workers=8, event_handlers=None, ignore_user_meta=False, metas=['./colcon.meta'], base_paths=['.'], packages_ignore=None, packages_ignore_regex=None, paths=None, packages_up_to=None, packages_up_to_regex=None, packages_above=None, packages_above_and_dependencies=None, packages_above_depth=None, packages_select_by_dep=None, packages_skip_by_dep=None, packages_skip_up_to=None, packages_select_build_failed=False, packages_skip_build_finished=False, packages_select_test_failures=False, packages_skip_test_passed=False, packages_select=None, packages_skip=None, packages_select_regex=None, packages_skip_regex=None, packages_start=None, packages_end=None, allow_overriding=[], cmake_args=None, cmake_target=None, cmake_target_skip_unavailable=False, cmake_clean_cache=False, cmake_clean_first=False, cmake_force_configure=False, ament_cmake_args=None, catkin_cmake_args=None, catkin_skip_building_tests=False, verb_parser=<colcon_defaults.argument_parser.defaults.DefaultArgumentsDecorator object at 0x7fd139270fa0>, verb_extension=<colcon_core.verb.build.BuildVerb object at 0x7fd13a3dbf40>, main=<bound method BuildVerb.main of <colcon_core.verb.build.BuildVerb object at 0x7fd13a3dbf40>>)
[0.674s] Level 1:colcon.colcon_core.package_discovery:discover_packages(colcon_meta) check parameters
[0.674s] Level 1:colcon.colcon_core.package_discovery:discover_packages(recursive) check parameters
[0.674s] Level 1:colcon.colcon_core.package_discovery:discover_packages(ignore) check parameters
[0.674s] Level 1:colcon.colcon_core.package_discovery:discover_packages(path) check parameters
[0.674s] Level 1:colcon.colcon_core.package_discovery:discover_packages(colcon_meta) discover
[0.675s] Level 1:colcon.colcon_core.package_discovery:discover_packages(recursive) discover
[0.675s] INFO:colcon.colcon_core.package_discovery:Crawling recursively for packages in '/home/nuc-bt/ros2_ws/src/drive/obstacle_detection'
[0.675s] Level 1:colcon.colcon_core.package_identification:_identify(.) by extensions ['ignore', 'ignore_ament_install']
[0.675s] Level 1:colcon.colcon_core.package_identification:_identify(.) by extension 'ignore'
[0.675s] Level 1:colcon.colcon_core.package_identification:_identify(.) by extension 'ignore_ament_install'
[0.675s] Level 1:colcon.colcon_core.package_identification:_identify(.) by extensions ['colcon_pkg']
[0.675s] Level 1:colcon.colcon_core.package_identification:_identify(.) by extension 'colcon_pkg'
[0.675s] Level 1:colcon.colcon_core.package_identification:_identify(.) by extensions ['colcon_meta']
[0.675s] Level 1:colcon.colcon_core.package_identification:_identify(.) by extension 'colcon_meta'
[0.675s] Level 1:colcon.colcon_core.package_identification:_identify(.) by extensions ['ros']
[0.675s] Level 1:colcon.colcon_core.package_identification:_identify(.) by extension 'ros'
[0.683s] Level 1:colcon.colcon_core.package_identification:_identify(.) by extensions ['cmake', 'python']
[0.683s] Level 1:colcon.colcon_core.package_identification:_identify(.) by extension 'cmake'
[0.683s] Level 1:colcon.colcon_core.package_identification:_identify(.) by extension 'python'
[0.683s] Level 1:colcon.colcon_core.package_identification:_identify(.) by extensions ['python_setup_py']
[0.683s] Level 1:colcon.colcon_core.package_identification:_identify(.) by extension 'python_setup_py'
[0.683s] Level 1:colcon.colcon_core.package_identification:_identify(build) by extensions ['ignore', 'ignore_ament_install']
[0.683s] Level 1:colcon.colcon_core.package_identification:_identify(build) by extension 'ignore'
[0.683s] Level 1:colcon.colcon_core.package_identification:_identify(build) ignored
[0.683s] Level 1:colcon.colcon_core.package_identification:_identify(install) by extensions ['ignore', 'ignore_ament_install']
[0.683s] Level 1:colcon.colcon_core.package_identification:_identify(install) by extension 'ignore'
[0.683s] Level 1:colcon.colcon_core.package_identification:_identify(install) ignored
[0.683s] Level 1:colcon.colcon_core.package_identification:_identify(log) by extensions ['ignore', 'ignore_ament_install']
[0.684s] Level 1:colcon.colcon_core.package_identification:_identify(log) by extension 'ignore'
[0.684s] Level 1:colcon.colcon_core.package_identification:_identify(log) ignored
[0.684s] Level 1:colcon.colcon_core.package_identification:_identify(obstacle_detection) by extensions ['ignore', 'ignore_ament_install']
[0.684s] Level 1:colcon.colcon_core.package_identification:_identify(obstacle_detection) by extension 'ignore'
[0.684s] Level 1:colcon.colcon_core.package_identification:_identify(obstacle_detection) by extension 'ignore_ament_install'
[0.684s] Level 1:colcon.colcon_core.package_identification:_identify(obstacle_detection) by extensions ['colcon_pkg']
[0.684s] Level 1:colcon.colcon_core.package_identification:_identify(obstacle_detection) by extension 'colcon_pkg'
[0.684s] Level 1:colcon.colcon_core.package_identification:_identify(obstacle_detection) by extensions ['colcon_meta']
[0.684s] Level 1:colcon.colcon_core.package_identification:_identify(obstacle_detection) by extension 'colcon_meta'
[0.684s] Level 1:colcon.colcon_core.package_identification:_identify(obstacle_detection) by extensions ['ros']
[0.684s] Level 1:colcon.colcon_core.package_identification:_identify(obstacle_detection) by extension 'ros'
[0.686s] DEBUG:colcon.colcon_core.package_identification:Package 'obstacle_detection' with type 'ros.ament_cmake' and name 'obstacle_detection'
[0.686s] Level 1:colcon.colcon_core.package_identification:_identify(obstacle_msgs) by extensions ['ignore', 'ignore_ament_install']
[0.686s] Level 1:colcon.colcon_core.package_identification:_identify(obstacle_msgs) by extension 'ignore'
[0.686s] Level 1:colcon.colcon_core.package_identification:_identify(obstacle_msgs) by extension 'ignore_ament_install'
[0.686s] Level 1:colcon.colcon_core.package_identification:_identify(obstacle_msgs) by extensions ['colcon_pkg']
[0.686s] Level 1:colcon.colcon_core.package_identification:_identify(obstacle_msgs) by extension 'colcon_pkg'
[0.686s] Level 1:colcon.colcon_core.package_identification:_identify(obstacle_msgs) by extensions ['colcon_meta']
[0.686s] Level 1:colcon.colcon_core.package_identification:_identify(obstacle_msgs) by extension 'colcon_meta'
[0.686s] Level 1:colcon.colcon_core.package_identification:_identify(obstacle_msgs) by extensions ['ros']
[0.686s] Level 1:colcon.colcon_core.package_identification:_identify(obstacle_msgs) by extension 'ros'
[0.687s] DEBUG:colcon.colcon_core.package_identification:Package 'obstacle_msgs' with type 'ros.ament_cmake' and name 'obstacle_msgs'
[0.687s] Level 1:colcon.colcon_core.package_discovery:discover_packages(recursive) using defaults
[0.687s] Level 1:colcon.colcon_core.package_discovery:discover_packages(ignore) discover
[0.687s] Level 1:colcon.colcon_core.package_discovery:discover_packages(ignore) using defaults
[0.687s] Level 1:colcon.colcon_core.package_discovery:discover_packages(path) discover
[0.687s] Level 1:colcon.colcon_core.package_discovery:discover_packages(path) using defaults
[0.750s] Level 1:colcon.colcon_core.package_discovery:discover_packages(prefix_path) check parameters
[0.750s] Level 1:colcon.colcon_core.package_discovery:discover_packages(prefix_path) discover
[0.771s] DEBUG:colcon.colcon_installed_package_information.package_discovery:Found 314 installed packages in /opt/ros/humble
[0.771s] Level 1:colcon.colcon_core.package_discovery:discover_packages(prefix_path) using defaults
[0.839s] Level 5:colcon.colcon_core.verb:set package 'obstacle_msgs' build argument 'cmake_args' from command line to 'None'
[0.839s] Level 5:colcon.colcon_core.verb:set package 'obstacle_msgs' build argument 'cmake_target' from command line to 'None'
[0.839s] Level 5:colcon.colcon_core.verb:set package 'obstacle_msgs' build argument 'cmake_target_skip_unavailable' from command line to 'False'
[0.839s] Level 5:colcon.colcon_core.verb:set package 'obstacle_msgs' build argument 'cmake_clean_cache' from command line to 'False'
[0.839s] Level 5:colcon.colcon_core.verb:set package 'obstacle_msgs' build argument 'cmake_clean_first' from command line to 'False'
[0.839s] Level 5:colcon.colcon_core.verb:set package 'obstacle_msgs' build argument 'cmake_force_configure' from command line to 'False'
[0.839s] Level 5:colcon.colcon_core.verb:set package 'obstacle_msgs' build argument 'ament_cmake_args' from command line to 'None'
[0.839s] Level 5:colcon.colcon_core.verb:set package 'obstacle_msgs' build argument 'catkin_cmake_args' from command line to 'None'
[0.839s] Level 5:colcon.colcon_core.verb:set package 'obstacle_msgs' build argument 'catkin_skip_building_tests' from command line to 'False'
[0.839s] DEBUG:colcon.colcon_core.verb:Building package 'obstacle_msgs' with the following arguments: {'ament_cmake_args': None, 'build_base': '/home/nuc-bt/ros2_ws/src/drive/obstacle_detection/build/obstacle_msgs', 'catkin_cmake_args': None, 'catkin_skip_building_tests': False, 'cmake_args': None, 'cmake_clean_cache': False, 'cmake_clean_first': False, 'cmake_force_configure': False, 'cmake_target': None, 'cmake_target_skip_unavailable': False, 'install_base': '/home/nuc-bt/ros2_ws/src/drive/obstacle_detection/install/obstacle_msgs', 'merge_install': False, 'path': '/home/nuc-bt/ros2_ws/src/drive/obstacle_detection/obstacle_msgs', 'symlink_install': True, 'test_result_base': None}
[0.847s] Level 5:colcon.colcon_core.verb:set package 'obstacle_detection' build argument 'cmake_args' from command line to 'None'
[0.847s] Level 5:colcon.colcon_core.verb:set package 'obstacle_detection' build argument 'cmake_target' from command line to 'None'
[0.847s] Level 5:colcon.colcon_core.verb:set package 'obstacle_detection' build argument 'cmake_target_skip_unavailable' from command line to 'False'
[0.847s] Level 5:colcon.colcon_core.verb:set package 'obstacle_detection' build argument 'cmake_clean_cache' from command line to 'False'
[0.847s] Level 5:colcon.colcon_core.verb:set package 'obstacle_detection' build argument 'cmake_clean_first' from command line to 'False'
[0.847s] Level 5:colcon.colcon_core.verb:set package 'obstacle_detection' build argument 'cmake_force_configure' from command line to 'False'
[0.847s] Level 5:colcon.colcon_core.verb:set package 'obstacle_detection' build argument 'ament_cmake_args' from command line to 'None'
[0.847s] Level 5:colcon.colcon_core.verb:set package 'obstacle_detection' build argument 'catkin_cmake_args' from command line to 'None'
[0.847s] Level 5:colcon.colcon_core.verb:set package 'obstacle_detection' build argument 'catkin_skip_building_tests' from command line to 'False'
[0.847s] DEBUG:colcon.colcon_core.verb:Building package 'obstacle_detection' with the following arguments: {'ament_cmake_args': None, 'build_base': '/home/nuc-bt/ros2_ws/src/drive/obstacle_detection/build/obstacle_detection', 'catkin_cmake_args': None, 'catkin_skip_building_tests': False, 'cmake_args': None, 'cmake_clean_cache': False, 'cmake_clean_first': False, 'cmake_force_configure': False, 'cmake_target': None, 'cmake_target_skip_unavailable': False, 'install_base': '/home/nuc-bt/ros2_ws/src/drive/obstacle_detection/install/obstacle_detection', 'merge_install': False, 'path': '/home/nuc-bt/ros2_ws/src/drive/obstacle_detection/obstacle_detection', 'symlink_install': True, 'test_result_base': None}
[0.857s] INFO:colcon.colcon_core.executor:Executing jobs using 'parallel' executor
[0.867s] DEBUG:colcon.colcon_parallel_executor.executor.parallel:run_until_complete
[0.868s] INFO:colcon.colcon_ros.task.ament_cmake.build:Building ROS package in '/home/nuc-bt/ros2_ws/src/drive/obstacle_detection/obstacle_msgs' with build type 'ament_cmake'
[0.868s] INFO:colcon.colcon_cmake.task.cmake.build:Building CMake package in '/home/nuc-bt/ros2_ws/src/drive/obstacle_detection/obstacle_msgs'
[0.878s] INFO:colcon.colcon_core.plugin_system:Skipping extension 'colcon_core.shell.bat': Not used on non-Windows systems
[0.878s] INFO:colcon.colcon_core.shell:Skip shell extension 'powershell' for command environment: Not usable outside of PowerShell
[0.878s] DEBUG:colcon.colcon_core.shell:Skip shell extension 'dsv' for command environment
[0.903s] DEBUG:colcon.colcon_core.event_handler.log_command:Invoking command in '/home/nuc-bt/ros2_ws/src/drive/obstacle_detection/build/obstacle_msgs': CMAKE_PREFIX_PATH=/opt/ros/humble /usr/bin/cmake --build /home/nuc-bt/ros2_ws/src/drive/obstacle_detection/build/obstacle_msgs -- -j8 -l8
[1.161s] DEBUG:colcon.colcon_core.event_handler.log_command:Invoked command in '/home/nuc-bt/ros2_ws/src/drive/obstacle_detection/build/obstacle_msgs' returned '0': CMAKE_PREFIX_PATH=/opt/ros/humble /usr/bin/cmake --build /home/nuc-bt/ros2_ws/src/drive/obstacle_detection/build/obstacle_msgs -- -j8 -l8
[1.224s] DEBUG:colcon.colcon_core.event_handler.log_command:Invoking command in '/home/nuc-bt/ros2_ws/src/drive/obstacle_detection/build/obstacle_msgs': CMAKE_PREFIX_PATH=/opt/ros/humble /usr/bin/cmake --install /home/nuc-bt/ros2_ws/src/drive/obstacle_detection/build/obstacle_msgs
[1.277s] Level 1:colcon.colcon_core.environment:create_environment_scripts_only(obstacle_msgs)
[1.277s] DEBUG:colcon.colcon_core.event_handler.log_command:Invoked command in '/home/nuc-bt/ros2_ws/src/drive/obstacle_detection/build/obstacle_msgs' returned '0': CMAKE_PREFIX_PATH=/opt/ros/humble /usr/bin/cmake --install /home/nuc-bt/ros2_ws/src/drive/obstacle_detection/build/obstacle_msgs
[1.287s] Level 1:colcon.colcon_core.environment:checking '/home/nuc-bt/ros2_ws/src/drive/obstacle_detection/install/obstacle_msgs' for CMake module files
[1.287s] Level 1:colcon.colcon_core.environment:checking '/home/nuc-bt/ros2_ws/src/drive/obstacle_detection/install/obstacle_msgs' for CMake config files
[1.288s] Level 1:colcon.colcon_core.shell:create_environment_hook('obstacle_msgs', 'cmake_prefix_path')
[1.296s] INFO:colcon.colcon_core.shell:Creating environment hook '/home/nuc-bt/ros2_ws/src/drive/obstacle_detection/install/obstacle_msgs/share/obstacle_msgs/hook/cmake_prefix_path.ps1'
[1.296s] INFO:colcon.colcon_core.shell:Creating environment descriptor '/home/nuc-bt/ros2_ws/src/drive/obstacle_detection/install/obstacle_msgs/share/obstacle_msgs/hook/cmake_prefix_path.dsv'
[1.297s] INFO:colcon.colcon_core.shell:Creating environment hook '/home/nuc-bt/ros2_ws/src/drive/obstacle_detection/install/obstacle_msgs/share/obstacle_msgs/hook/cmake_prefix_path.sh'
[1.298s] Level 1:colcon.colcon_core.environment:checking '/home/nuc-bt/ros2_ws/src/drive/obstacle_detection/install/obstacle_msgs/lib'
[1.298s] Level 1:colcon.colcon_core.shell:create_environment_hook('obstacle_msgs', 'ld_library_path_lib')
[1.308s] INFO:colcon.colcon_core.shell:Creating environment hook '/home/nuc-bt/ros2_ws/src/drive/obstacle_detection/install/obstacle_msgs/share/obstacle_msgs/hook/ld_library_path_lib.ps1'
[1.308s] INFO:colcon.colcon_core.shell:Creating environment descriptor '/home/nuc-bt/ros2_ws/src/drive/obstacle_detection/install/obstacle_msgs/share/obstacle_msgs/hook/ld_library_path_lib.dsv'
[1.308s] INFO:colcon.colcon_core.shell:Creating environment hook '/home/nuc-bt/ros2_ws/src/drive/obstacle_detection/install/obstacle_msgs/share/obstacle_msgs/hook/ld_library_path_lib.sh'
[1.309s] Level 1:colcon.colcon_core.environment:checking '/home/nuc-bt/ros2_ws/src/drive/obstacle_detection/install/obstacle_msgs/bin'
[1.309s] Level 1:colcon.colcon_core.environment:checking '/home/nuc-bt/ros2_ws/src/drive/obstacle_detection/install/obstacle_msgs/lib/pkgconfig/obstacle_msgs.pc'
[1.309s] Level 1:colcon.colcon_core.environment:checking '/home/nuc-bt/ros2_ws/src/drive/obstacle_detection/install/obstacle_msgs/lib/python3.10/site-packages'
[1.309s] Level 1:colcon.colcon_core.environment:checking '/home/nuc-bt/ros2_ws/src/drive/obstacle_detection/install/obstacle_msgs/bin'
[1.317s] INFO:colcon.colcon_core.shell:Creating package script '/home/nuc-bt/ros2_ws/src/drive/obstacle_detection/install/obstacle_msgs/share/obstacle_msgs/package.ps1'
[1.317s] INFO:colcon.colcon_core.shell:Creating package descriptor '/home/nuc-bt/ros2_ws/src/drive/obstacle_detection/install/obstacle_msgs/share/obstacle_msgs/package.dsv'
[1.317s] INFO:colcon.colcon_core.shell:Creating package script '/home/nuc-bt/ros2_ws/src/drive/obstacle_detection/install/obstacle_msgs/share/obstacle_msgs/package.sh'
[1.318s] INFO:colcon.colcon_core.shell:Creating package script '/home/nuc-bt/ros2_ws/src/drive/obstacle_detection/install/obstacle_msgs/share/obstacle_msgs/package.bash'
[1.318s] INFO:colcon.colcon_core.shell:Creating package script '/home/nuc-bt/ros2_ws/src/drive/obstacle_detection/install/obstacle_msgs/share/obstacle_msgs/package.zsh'
[1.319s] Level 1:colcon.colcon_core.environment:create_file_with_runtime_dependencies(/home/nuc-bt/ros2_ws/src/drive/obstacle_detection/install/obstacle_msgs/share/colcon-core/packages/obstacle_msgs)
[1.388s] Level 1:colcon.colcon_core.environment:create_environment_scripts_only(obstacle_msgs)
[1.399s] Level 1:colcon.colcon_core.environment:checking '/home/nuc-bt/ros2_ws/src/drive/obstacle_detection/install/obstacle_msgs' for CMake module files
[1.400s] Level 1:colcon.colcon_core.environment:checking '/home/nuc-bt/ros2_ws/src/drive/obstacle_detection/install/obstacle_msgs' for CMake config files
[1.400s] Level 1:colcon.colcon_core.shell:create_environment_hook('obstacle_msgs', 'cmake_prefix_path')
[1.410s] INFO:colcon.colcon_core.shell:Creating environment hook '/home/nuc-bt/ros2_ws/src/drive/obstacle_detection/install/obstacle_msgs/share/obstacle_msgs/hook/cmake_prefix_path.ps1'
[1.410s] INFO:colcon.colcon_core.shell:Creating environment descriptor '/home/nuc-bt/ros2_ws/src/drive/obstacle_detection/install/obstacle_msgs/share/obstacle_msgs/hook/cmake_prefix_path.dsv'
[1.410s] INFO:colcon.colcon_core.shell:Creating environment hook '/home/nuc-bt/ros2_ws/src/drive/obstacle_detection/install/obstacle_msgs/share/obstacle_msgs/hook/cmake_prefix_path.sh'
[1.410s] Level 1:colcon.colcon_core.environment:checking '/home/nuc-bt/ros2_ws/src/drive/obstacle_detection/install/obstacle_msgs/lib'
[1.410s] Level 1:colcon.colcon_core.shell:create_environment_hook('obstacle_msgs', 'ld_library_path_lib')
[1.419s] INFO:colcon.colcon_core.shell:Creating environment hook '/home/nuc-bt/ros2_ws/src/drive/obstacle_detection/install/obstacle_msgs/share/obstacle_msgs/hook/ld_library_path_lib.ps1'
[1.419s] INFO:colcon.colcon_core.shell:Creating environment descriptor '/home/nuc-bt/ros2_ws/src/drive/obstacle_detection/install/obstacle_msgs/share/obstacle_msgs/hook/ld_library_path_lib.dsv'
[1.419s] INFO:colcon.colcon_core.shell:Creating environment hook '/home/nuc-bt/ros2_ws/src/drive/obstacle_detection/install/obstacle_msgs/share/obstacle_msgs/hook/ld_library_path_lib.sh'
[1.419s] Level 1:colcon.colcon_core.environment:checking '/home/nuc-bt/ros2_ws/src/drive/obstacle_detection/install/obstacle_msgs/bin'
[1.419s] Level 1:colcon.colcon_core.environment:checking '/home/nuc-bt/ros2_ws/src/drive/obstacle_detection/install/obstacle_msgs/lib/pkgconfig/obstacle_msgs.pc'
[1.419s] Level 1:colcon.colcon_core.environment:checking '/home/nuc-bt/ros2_ws/src/drive/obstacle_detection/install/obstacle_msgs/lib/python3.10/site-packages'
[1.419s] Level 1:colcon.colcon_core.environment:checking '/home/nuc-bt/ros2_ws/src/drive/obstacle_detection/install/obstacle_msgs/bin'
[1.430s] INFO:colcon.colcon_core.shell:Creating package script '/home/nuc-bt/ros2_ws/src/drive/obstacle_detection/install/obstacle_msgs/share/obstacle_msgs/package.ps1'
[1.431s] INFO:colcon.colcon_core.shell:Creating package descriptor '/home/nuc-bt/ros2_ws/src/drive/obstacle_detection/install/obstacle_msgs/share/obstacle_msgs/package.dsv'
[1.431s] INFO:colcon.colcon_core.shell:Creating package script '/home/nuc-bt/ros2_ws/src/drive/obstacle_detection/install/obstacle_msgs/share/obstacle_msgs/package.sh'
[1.431s] INFO:colcon.colcon_core.shell:Creating package script '/home/nuc-bt/ros2_ws/src/drive/obstacle_detection/install/obstacle_msgs/share/obstacle_msgs/package.bash'
[1.432s] INFO:colcon.colcon_core.shell:Creating package script '/home/nuc-bt/ros2_ws/src/drive/obstacle_detection/install/obstacle_msgs/share/obstacle_msgs/package.zsh'
[1.432s] Level 1:colcon.colcon_core.environment:create_file_with_runtime_dependencies(/home/nuc-bt/ros2_ws/src/drive/obstacle_detection/install/obstacle_msgs/share/colcon-core/packages/obstacle_msgs)
[1.432s] INFO:colcon.colcon_ros.task.ament_cmake.build:Building ROS package in '/home/nuc-bt/ros2_ws/src/drive/obstacle_detection/obstacle_detection' with build type 'ament_cmake'
[1.432s] INFO:colcon.colcon_cmake.task.cmake.build:Building CMake package in '/home/nuc-bt/ros2_ws/src/drive/obstacle_detection/obstacle_detection'
[1.441s] INFO:colcon.colcon_core.shell:Skip shell extension 'powershell' for command environment: Not usable outside of PowerShell
[1.441s] DEBUG:colcon.colcon_core.shell:Skip shell extension 'dsv' for command environment
[1.476s] DEBUG:colcon.colcon_core.event_handler.log_command:Invoking command in '/home/nuc-bt/ros2_ws/src/drive/obstacle_detection/build/obstacle_detection': AMENT_PREFIX_PATH=/home/nuc-bt/ros2_ws/src/drive/obstacle_detection/install/obstacle_msgs:${AMENT_PREFIX_PATH} CMAKE_PREFIX_PATH=/home/nuc-bt/ros2_ws/src/drive/obstacle_detection/install/obstacle_msgs:/opt/ros/humble LD_LIBRARY_PATH=/home/nuc-bt/ros2_ws/src/drive/obstacle_detection/install/obstacle_msgs/lib:${LD_LIBRARY_PATH} PYTHONPATH=/home/nuc-bt/ros2_ws/src/drive/obstacle_detection/install/obstacle_msgs/local/lib/python3.10/dist-packages:${PYTHONPATH} /usr/bin/cmake --build /home/nuc-bt/ros2_ws/src/drive/obstacle_detection/build/obstacle_detection -- -j8 -l8
[14.624s] DEBUG:colcon.colcon_core.event_handler.log_command:Invoked command in '/home/nuc-bt/ros2_ws/src/drive/obstacle_detection/build/obstacle_detection' returned '0': AMENT_PREFIX_PATH=/home/nuc-bt/ros2_ws/src/drive/obstacle_detection/install/obstacle_msgs:${AMENT_PREFIX_PATH} CMAKE_PREFIX_PATH=/home/nuc-bt/ros2_ws/src/drive/obstacle_detection/install/obstacle_msgs:/opt/ros/humble LD_LIBRARY_PATH=/home/nuc-bt/ros2_ws/src/drive/obstacle_detection/install/obstacle_msgs/lib:${LD_LIBRARY_PATH} PYTHONPATH=/home/nuc-bt/ros2_ws/src/drive/obstacle_detection/install/obstacle_msgs/local/lib/python3.10/dist-packages:${PYTHONPATH} /usr/bin/cmake --build /home/nuc-bt/ros2_ws/src/drive/obstacle_detection/build/obstacle_detection -- -j8 -l8
[14.646s] DEBUG:colcon.colcon_core.event_handler.log_command:Invoking command in '/home/nuc-bt/ros2_ws/src/drive/obstacle_detection/build/obstacle_detection': AMENT_PREFIX_PATH=/home/nuc-bt/ros2_ws/src/drive/obstacle_detection/install/obstacle_msgs:${AMENT_PREFIX_PATH} CMAKE_PREFIX_PATH=/home/nuc-bt/ros2_ws/src/drive/obstacle_detection/install/obstacle_msgs:/opt/ros/humble LD_LIBRARY_PATH=/home/nuc-bt/ros2_ws/src/drive/obstacle_detection/install/obstacle_msgs/lib:${LD_LIBRARY_PATH} PYTHONPATH=/home/nuc-bt/ros2_ws/src/drive/obstacle_detection/install/obstacle_msgs/local/lib/python3.10/dist-packages:${PYTHONPATH} /usr/bin/cmake --install /home/nuc-bt/ros2_ws/src/drive/obstacle_detection/build/obstacle_detection
[14.663s] Level 1:colcon.colcon_core.environment:create_environment_scripts_only(obstacle_detection)
[14.663s] DEBUG:colcon.colcon_core.event_handler.log_command:Invoked command in '/home/nuc-bt/ros2_ws/src/drive/obstacle_detection/build/obstacle_detection' returned '0': AMENT_PREFIX_PATH=/home/nuc-bt/ros2_ws/src/drive/obstacle_detection/install/obstacle_msgs:${AMENT_PREFIX_PATH} CMAKE_PREFIX_PATH=/home/nuc-bt/ros2_ws/src/drive/obstacle_detection/install/obstacle_msgs:/opt/ros/humble LD_LIBRARY_PATH=/home/nuc-bt/ros2_ws/src/drive/obstacle_detection/install/obstacle_msgs/lib:${LD_LIBRARY_PATH} PYTHONPATH=/home/nuc-bt/ros2_ws/src/drive/obstacle_detection/install/obstacle_msgs/local/lib/python3.10/dist-packages:${PYTHONPATH} /usr/bin/cmake --install /home/nuc-bt/ros2_ws/src/drive/obstacle_detection/build/obstacle_detection
[14.672s] Level 1:colcon.colcon_core.environment:checking '/home/nuc-bt/ros2_ws/src/drive/obstacle_detection/install/obstacle_detection' for CMake module files
[14.672s] Level 1:colcon.colcon_core.environment:checking '/home/nuc-bt/ros2_ws/src/drive/obstacle_detection/install/obstacle_detection' for CMake config files
[14.672s] Level 1:colcon.colcon_core.shell:create_environment_hook('obstacle_detection', 'cmake_prefix_path')
[14.684s] INFO:colcon.colcon_core.shell:Creating environment hook '/home/nuc-bt/ros2_ws/src/drive/obstacle_detection/install/obstacle_detection/share/obstacle_detection/hook/cmake_prefix_path.ps1'
[14.684s] INFO:colcon.colcon_core.shell:Creating environment descriptor '/home/nuc-bt/ros2_ws/src/drive/obstacle_detection/install/obstacle_detection/share/obstacle_detection/hook/cmake_prefix_path.dsv'
[14.684s] INFO:colcon.colcon_core.shell:Creating environment hook '/home/nuc-bt/ros2_ws/src/drive/obstacle_detection/install/obstacle_detection/share/obstacle_detection/hook/cmake_prefix_path.sh'
[14.685s] Level 1:colcon.colcon_core.environment:checking '/home/nuc-bt/ros2_ws/src/drive/obstacle_detection/install/obstacle_detection/lib'
[14.685s] Level 1:colcon.colcon_core.environment:checking '/home/nuc-bt/ros2_ws/src/drive/obstacle_detection/install/obstacle_detection/bin'
[14.685s] Level 1:colcon.colcon_core.environment:checking '/home/nuc-bt/ros2_ws/src/drive/obstacle_detection/install/obstacle_detection/lib/pkgconfig/obstacle_detection.pc'
[14.685s] Level 1:colcon.colcon_core.environment:checking '/home/nuc-bt/ros2_ws/src/drive/obstacle_detection/install/obstacle_detection/lib/python3.10/site-packages'
[14.685s] Level 1:colcon.colcon_core.environment:checking '/home/nuc-bt/ros2_ws/src/drive/obstacle_detection/install/obstacle_detection/bin'
[14.693s] INFO:colcon.colcon_core.shell:Creating package script '/home/nuc-bt/ros2_ws/src/drive/obstacle_detection/install/obstacle_detection/share/obstacle_detection/package.ps1'
[14.693s] INFO:colcon.colcon_core.shell:Creating package descriptor '/home/nuc-bt/ros2_ws/src/drive/obstacle_detection/install/obstacle_detection/share/obstacle_detection/package.dsv'
[14.693s] INFO:colcon.colcon_core.shell:Creating package script '/home/nuc-bt/ros2_ws/src/drive/obstacle_detection/install/obstacle_detection/share/obstacle_detection/package.sh'
[14.694s] INFO:colcon.colcon_core.shell:Creating package script '/home/nuc-bt/ros2_ws/src/drive/obstacle_detection/install/obstacle_detection/share/obstacle_detection/package.bash'
[14.694s] INFO:colcon.colcon_core.shell:Creating package script '/home/nuc-bt/ros2_ws/src/drive/obstacle_detection/install/obstacle_detection/share/obstacle_detection/package.zsh'
[14.694s] Level 1:colcon.colcon_core.environment:create_file_with_runtime_dependencies(/home/nuc-bt/ros2_ws/src/drive/obstacle_detection/install/obstacle_detection/share/colcon-core/packages/obstacle_detection)
[14.724s] Level 1:colcon.colcon_core.environment:create_environment_scripts_only(obstacle_detection)
[14.732s] Level 1:colcon.colcon_core.environment:checking '/home/nuc-bt/ros2_ws/src/drive/obstacle_detection/install/obstacle_detection' for CMake module files
[14.732s] Level 1:colcon.colcon_core.environment:checking '/home/nuc-bt/ros2_ws/src/drive/obstacle_detection/install/obstacle_detection' for CMake config files
[14.732s] Level 1:colcon.colcon_core.shell:create_environment_hook('obstacle_detection', 'cmake_prefix_path')
[14.743s] INFO:colcon.colcon_core.shell:Creating environment hook '/home/nuc-bt/ros2_ws/src/drive/obstacle_detection/install/obstacle_detection/share/obstacle_detection/hook/cmake_prefix_path.ps1'
[14.744s] INFO:colcon.colcon_core.shell:Creating environment descriptor '/home/nuc-bt/ros2_ws/src/drive/obstacle_detection/install/obstacle_detection/share/obstacle_detection/hook/cmake_prefix_path.dsv'
[14.744s] INFO:colcon.colcon_core.shell:Creating environment hook '/home/nuc-bt/ros2_ws/src/drive/obstacle_detection/install/obstacle_detection/share/obstacle_detection/hook/cmake_prefix_path.sh'
[14.745s] Level 1:colcon.colcon_core.environment:checking '/home/nuc-bt/ros2_ws/src/drive/obstacle_detection/install/obstacle_detection/lib'
[14.745s] Level 1:colcon.colcon_core.environment:checking '/home/nuc-bt/ros2_ws/src/drive/obstacle_detection/install/obstacle_detection/bin'
[14.745s] Level 1:colcon.colcon_core.environment:checking '/home/nuc-bt/ros2_ws/src/drive/obstacle_detection/install/obstacle_detection/lib/pkgconfig/obstacle_detection.pc'
[14.745s] Level 1:colcon.colcon_core.environment:checking '/home/nuc-bt/ros2_ws/src/drive/obstacle_detection/install/obstacle_detection/lib/python3.10/site-packages'
[14.746s] Level 1:colcon.colcon_core.environment:checking '/home/nuc-bt/ros2_ws/src/drive/obstacle_detection/install/obstacle_detection/bin'
[14.754s] INFO:colcon.colcon_core.shell:Creating package script '/home/nuc-bt/ros2_ws/src/drive/obstacle_detection/install/obstacle_detection/share/obstacle_detection/package.ps1'
[14.754s] INFO:colcon.colcon_core.shell:Creating package descriptor '/home/nuc-bt/ros2_ws/src/drive/obstacle_detection/install/obstacle_detection/share/obstacle_detection/package.dsv'
[14.754s] INFO:colcon.colcon_core.shell:Creating package script '/home/nuc-bt/ros2_ws/src/drive/obstacle_detection/install/obstacle_detection/share/obstacle_detection/package.sh'
[14.755s] INFO:colcon.colcon_core.shell:Creating package script '/home/nuc-bt/ros2_ws/src/drive/obstacle_detection/install/obstacle_detection/share/obstacle_detection/package.bash'
[14.755s] INFO:colcon.colcon_core.shell:Creating package script '/home/nuc-bt/ros2_ws/src/drive/obstacle_detection/install/obstacle_detection/share/obstacle_detection/package.zsh'
[14.755s] Level 1:colcon.colcon_core.environment:create_file_with_runtime_dependencies(/home/nuc-bt/ros2_ws/src/drive/obstacle_detection/install/obstacle_detection/share/colcon-core/packages/obstacle_detection)
[14.755s] DEBUG:colcon.colcon_parallel_executor.executor.parallel:closing loop
[14.756s] DEBUG:colcon.colcon_parallel_executor.executor.parallel:loop closed
[14.756s] DEBUG:colcon.colcon_parallel_executor.executor.parallel:run_until_complete finished with '0'
[14.756s] DEBUG:colcon.colcon_core.event_reactor:joining thread
[14.769s] INFO:colcon.colcon_core.plugin_system:Skipping extension 'colcon_notification.desktop_notification.terminal_notifier': Not used on non-Darwin systems
[14.769s] INFO:colcon.colcon_core.plugin_system:Skipping extension 'colcon_notification.desktop_notification.win32': Not used on non-Windows systems
[14.769s] INFO:colcon.colcon_notification.desktop_notification:Sending desktop notification using 'notify2'
[39.793s] DEBUG:colcon.colcon_notification.desktop_notification.notify2:Failed to initialize notify2: org.freedesktop.DBus.Error.NoReply: Did not receive a reply. Possible causes include: the remote application did not send a reply, the message bus security policy blocked the reply, the reply timeout expired, or the network connection was broken.
[39.793s] DEBUG:colcon.colcon_core.event_reactor:joined thread
[39.820s] INFO:colcon.colcon_core.shell:Creating prefix script '/home/nuc-bt/ros2_ws/src/drive/obstacle_detection/install/local_setup.ps1'
[39.822s] INFO:colcon.colcon_core.shell:Creating prefix util module '/home/nuc-bt/ros2_ws/src/drive/obstacle_detection/install/_local_setup_util_ps1.py'
[39.825s] INFO:colcon.colcon_core.shell:Creating prefix chain script '/home/nuc-bt/ros2_ws/src/drive/obstacle_detection/install/setup.ps1'
[39.848s] INFO:colcon.colcon_core.shell:Creating prefix script '/home/nuc-bt/ros2_ws/src/drive/obstacle_detection/install/local_setup.sh'
[39.849s] INFO:colcon.colcon_core.shell:Creating prefix util module '/home/nuc-bt/ros2_ws/src/drive/obstacle_detection/install/_local_setup_util_sh.py'
[39.849s] INFO:colcon.colcon_core.shell:Creating prefix chain script '/home/nuc-bt/ros2_ws/src/drive/obstacle_detection/install/setup.sh'
[39.862s] INFO:colcon.colcon_core.shell:Creating prefix script '/home/nuc-bt/ros2_ws/src/drive/obstacle_detection/install/local_setup.bash'
[39.863s] INFO:colcon.colcon_core.shell:Creating prefix chain script '/home/nuc-bt/ros2_ws/src/drive/obstacle_detection/install/setup.bash'
[39.872s] INFO:colcon.colcon_core.shell:Creating prefix script '/home/nuc-bt/ros2_ws/src/drive/obstacle_detection/install/local_setup.zsh'
[39.873s] INFO:colcon.colcon_core.shell:Creating prefix chain script '/home/nuc-bt/ros2_ws/src/drive/obstacle_detection/install/setup.zsh'
