[0.046s] Invoking command in '/home/nuc-bt/ros2_ws/src/drive/obstacle_detection/build/obstacle_msgs': CMAKE_PREFIX_PATH=${CMAKE_PREFIX_PATH}:/opt/ros/humble /usr/bin/cmake /home/nuc-bt/ros2_ws/src/drive/obstacle_detection/obstacle_msgs -DAMENT_CMAKE_SYMLINK_INSTALL=1 -DCMAKE_INSTALL_PREFIX=/home/nuc-bt/ros2_ws/src/drive/obstacle_detection/install/obstacle_msgs
[0.054s] -- Found ament_cmake: 1.3.6 (/opt/ros/humble/share/ament_cmake/cmake)
[0.149s] -- Override CMake install command with custom implementation using symlinks instead of copying resources
[0.155s] -- Found rclcpp: 16.0.7 (/opt/ros/humble/share/rclcpp/cmake)
[0.179s] -- Found rosidl_generator_c: 3.1.5 (/opt/ros/humble/share/rosidl_generator_c/cmake)
[0.180s] -- Found rosidl_adapter: 3.1.5 (/opt/ros/humble/share/rosidl_adapter/cmake)
[0.184s] -- Found rosidl_generator_cpp: 3.1.5 (/opt/ros/humble/share/rosidl_generator_cpp/cmake)
[0.192s] -- Using all available rosidl_typesupport_c: rosidl_typesupport_fastrtps_c;rosidl_typesupport_introspection_c
[0.202s] -- Using all available rosidl_typesupport_cpp: rosidl_typesupport_fastrtps_cpp;rosidl_typesupport_introspection_cpp
[0.241s] -- Found rmw_implementation_cmake: 6.1.1 (/opt/ros/humble/share/rmw_implementation_cmake/cmake)
[0.242s] -- Found rmw_fastrtps_cpp: 6.2.5 (/opt/ros/humble/share/rmw_fastrtps_cpp/cmake)
[0.332s] -- Using RMW implementation 'rmw_fastrtps_cpp' as default
[0.436s] -- Found rosidl_default_generators: 1.2.0 (/opt/ros/humble/share/rosidl_default_generators/cmake)
[0.652s] -- Found ament_cmake_ros: 0.10.0 (/opt/ros/humble/share/ament_cmake_ros/cmake)
[0.911s] -- Using all available rosidl_typesupport_c: rosidl_typesupport_fastrtps_c;rosidl_typesupport_introspection_c
[1.013s] -- Using all available rosidl_typesupport_cpp: rosidl_typesupport_fastrtps_cpp;rosidl_typesupport_introspection_cpp
[1.031s] -- Found PythonInterp: /usr/bin/python3 (found suitable version "3.10.12", minimum required is "3.6") 
[1.033s] -- Found python_cmake_module: 0.10.0 (/opt/ros/humble/share/python_cmake_module/cmake)
[1.053s] -- Found PythonLibs: /usr/lib/x86_64-linux-gnu/libpython3.10.so (found suitable version "3.10.12", minimum required is "3.5") 
[1.053s] -- Using PYTHON_EXECUTABLE: /usr/bin/python3
[1.053s] -- Using PYTHON_INCLUDE_DIRS: /usr/include/python3.10
[1.053s] -- Using PYTHON_LIBRARIES: /usr/lib/x86_64-linux-gnu/libpython3.10.so
[1.069s] -- Found PythonExtra: .so  
[1.115s] -- Configuring done
[1.135s] -- Generating done
[1.137s] -- Build files have been written to: /home/nuc-bt/ros2_ws/src/drive/obstacle_detection/build/obstacle_msgs
[1.144s] Invoked command in '/home/nuc-bt/ros2_ws/src/drive/obstacle_detection/build/obstacle_msgs' returned '0': CMAKE_PREFIX_PATH=${CMAKE_PREFIX_PATH}:/opt/ros/humble /usr/bin/cmake /home/nuc-bt/ros2_ws/src/drive/obstacle_detection/obstacle_msgs -DAMENT_CMAKE_SYMLINK_INSTALL=1 -DCMAKE_INSTALL_PREFIX=/home/nuc-bt/ros2_ws/src/drive/obstacle_detection/install/obstacle_msgs
[1.145s] Invoking command in '/home/nuc-bt/ros2_ws/src/drive/obstacle_detection/build/obstacle_msgs': CMAKE_PREFIX_PATH=${CMAKE_PREFIX_PATH}:/opt/ros/humble /usr/bin/cmake --build /home/nuc-bt/ros2_ws/src/drive/obstacle_detection/build/obstacle_msgs -- -j8 -l8
[1.187s] [  2%] [34m[1mGenerating C code for ROS interfaces[0m
[1.201s] [  5%] [34m[1mGenerating C++ code for ROS interfaces[0m
[1.206s] [  5%] Built target ament_cmake_python_symlink_obstacle_msgs
[1.426s] [  5%] Built target obstacle_msgs__cpp
[1.439s] [ 10%] [32mBuilding C object CMakeFiles/obstacle_msgs__rosidl_generator_c.dir/rosidl_generator_c/obstacle_msgs/msg/detail/status__functions.c.o[0m
[1.439s] [ 10%] [32mBuilding C object CMakeFiles/obstacle_msgs__rosidl_generator_c.dir/rosidl_generator_c/obstacle_msgs/msg/detail/area__functions.c.o[0m
[1.440s] [ 12%] [34m[1mGenerating C++ type support dispatch for ROS interfaces[0m
[1.442s] [ 17%] [34m[1mGenerating C++ introspection for ROS interfaces[0m
[1.442s] [ 17%] [34m[1mGenerating C++ type support for eProsima Fast-RTPS[0m
[1.481s] running egg_info
[1.482s] creating obstacle_msgs.egg-info
[1.483s] writing obstacle_msgs.egg-info/PKG-INFO
[1.483s] writing dependency_links to obstacle_msgs.egg-info/dependency_links.txt
[1.484s] writing top-level names to obstacle_msgs.egg-info/top_level.txt
[1.484s] writing manifest file 'obstacle_msgs.egg-info/SOURCES.txt'
[1.487s] reading manifest file 'obstacle_msgs.egg-info/SOURCES.txt'
[1.487s] writing manifest file 'obstacle_msgs.egg-info/SOURCES.txt'
[1.491s] [ 20%] [32m[1mLinking C shared library libobstacle_msgs__rosidl_generator_c.so[0m
[1.522s] [ 20%] Built target ament_cmake_python_build_obstacle_msgs_egg
[1.525s] [ 20%] Built target obstacle_msgs__rosidl_generator_c
[1.539s] [ 25%] [34m[1mGenerating C type support for eProsima Fast-RTPS[0m
[1.540s] [ 28%] [34m[1mGenerating C type support dispatch for ROS interfaces[0m
[1.540s] [ 25%] [34m[1mGenerating C introspection for ROS interfaces[0m
[1.837s] [ 30%] [32mBuilding CXX object CMakeFiles/obstacle_msgs__rosidl_typesupport_cpp.dir/rosidl_typesupport_cpp/obstacle_msgs/msg/status__type_support.cpp.o[0m
[1.838s] [ 33%] [32mBuilding CXX object CMakeFiles/obstacle_msgs__rosidl_typesupport_introspection_cpp.dir/rosidl_typesupport_introspection_cpp/obstacle_msgs/msg/detail/area__type_support.cpp.o[0m
[1.841s] [ 35%] [32mBuilding CXX object CMakeFiles/obstacle_msgs__rosidl_typesupport_introspection_cpp.dir/rosidl_typesupport_introspection_cpp/obstacle_msgs/msg/detail/status__type_support.cpp.o[0m
[1.858s] [ 38%] [32mBuilding CXX object CMakeFiles/obstacle_msgs__rosidl_typesupport_cpp.dir/rosidl_typesupport_cpp/obstacle_msgs/msg/area__type_support.cpp.o[0m
[1.873s] [ 41%] [32mBuilding CXX object CMakeFiles/obstacle_msgs__rosidl_typesupport_fastrtps_cpp.dir/rosidl_typesupport_fastrtps_cpp/obstacle_msgs/msg/detail/dds_fastrtps/status__type_support.cpp.o[0m
[1.874s] [ 43%] [32mBuilding CXX object CMakeFiles/obstacle_msgs__rosidl_typesupport_c.dir/rosidl_typesupport_c/obstacle_msgs/msg/status__type_support.cpp.o[0m
[1.929s] [ 46%] [32mBuilding CXX object CMakeFiles/obstacle_msgs__rosidl_typesupport_fastrtps_c.dir/rosidl_typesupport_fastrtps_c/obstacle_msgs/msg/detail/status__type_support_c.cpp.o[0m
[2.034s] [ 48%] [32mBuilding C object CMakeFiles/obstacle_msgs__rosidl_typesupport_introspection_c.dir/rosidl_typesupport_introspection_c/obstacle_msgs/msg/detail/status__type_support.c.o[0m
[2.055s] [ 51%] [32mBuilding CXX object CMakeFiles/obstacle_msgs__rosidl_typesupport_c.dir/rosidl_typesupport_c/obstacle_msgs/msg/area__type_support.cpp.o[0m
[2.150s] [ 53%] [32mBuilding C object CMakeFiles/obstacle_msgs__rosidl_typesupport_introspection_c.dir/rosidl_typesupport_introspection_c/obstacle_msgs/msg/detail/area__type_support.c.o[0m
[2.178s] [ 56%] [32mBuilding CXX object CMakeFiles/obstacle_msgs__rosidl_typesupport_fastrtps_c.dir/rosidl_typesupport_fastrtps_c/obstacle_msgs/msg/detail/area__type_support_c.cpp.o[0m
[2.192s] [ 58%] [32m[1mLinking CXX shared library libobstacle_msgs__rosidl_typesupport_c.so[0m
[2.225s] [ 61%] [32m[1mLinking C shared library libobstacle_msgs__rosidl_typesupport_introspection_c.so[0m
[2.241s] [ 64%] [32m[1mLinking CXX shared library libobstacle_msgs__rosidl_typesupport_cpp.so[0m
[2.290s] [ 66%] [32mBuilding CXX object CMakeFiles/obstacle_msgs__rosidl_typesupport_fastrtps_cpp.dir/rosidl_typesupport_fastrtps_cpp/obstacle_msgs/msg/detail/dds_fastrtps/area__type_support.cpp.o[0m
[2.299s] [ 69%] [32m[1mLinking CXX shared library libobstacle_msgs__rosidl_typesupport_introspection_cpp.so[0m
[2.304s] [ 69%] Built target obstacle_msgs__rosidl_typesupport_introspection_c
[2.308s] [ 69%] Built target obstacle_msgs__rosidl_typesupport_c
[2.312s] [ 69%] Built target obstacle_msgs__rosidl_typesupport_cpp
[2.340s] [ 69%] Built target obstacle_msgs__rosidl_typesupport_introspection_cpp
[2.505s] [ 71%] [32m[1mLinking CXX shared library libobstacle_msgs__rosidl_typesupport_fastrtps_c.so[0m
[2.565s] [ 71%] Built target obstacle_msgs__rosidl_typesupport_fastrtps_c
[2.568s] [ 74%] [32m[1mLinking CXX shared library libobstacle_msgs__rosidl_typesupport_fastrtps_cpp.so[0m
[2.622s] [ 74%] Built target obstacle_msgs__rosidl_typesupport_fastrtps_cpp
[2.640s] [ 74%] Built target obstacle_msgs
[2.658s] [ 76%] [34m[1mGenerating Python code for ROS interfaces[0m
[2.899s] [ 76%] Built target obstacle_msgs__py
[2.918s] [ 82%] [32mBuilding C object CMakeFiles/obstacle_msgs__rosidl_generator_py.dir/rosidl_generator_py/obstacle_msgs/msg/_area_s.c.o[0m
[2.918s] [ 82%] [32mBuilding C object CMakeFiles/obstacle_msgs__rosidl_generator_py.dir/rosidl_generator_py/obstacle_msgs/msg/_status_s.c.o[0m
[2.991s] [ 84%] [32m[1mLinking C shared library rosidl_generator_py/obstacle_msgs/libobstacle_msgs__rosidl_generator_py.so[0m
[3.024s] [ 84%] Built target obstacle_msgs__rosidl_generator_py
[3.044s] [ 92%] [32mBuilding C object CMakeFiles/obstacle_msgs__rosidl_typesupport_introspection_c__pyext.dir/rosidl_generator_py/obstacle_msgs/_obstacle_msgs_s.ep.rosidl_typesupport_introspection_c.c.o[0m
[3.044s] [ 92%] [32mBuilding C object CMakeFiles/obstacle_msgs__rosidl_typesupport_fastrtps_c__pyext.dir/rosidl_generator_py/obstacle_msgs/_obstacle_msgs_s.ep.rosidl_typesupport_fastrtps_c.c.o[0m
[3.044s] [ 92%] [32mBuilding C object CMakeFiles/obstacle_msgs__rosidl_typesupport_c__pyext.dir/rosidl_generator_py/obstacle_msgs/_obstacle_msgs_s.ep.rosidl_typesupport_c.c.o[0m
[3.115s] [100%] [32m[1mLinking C shared library rosidl_generator_py/obstacle_msgs/obstacle_msgs_s__rosidl_typesupport_c.cpython-310-x86_64-linux-gnu.so[0m
[3.115s] [100%] [32m[1mLinking C shared library rosidl_generator_py/obstacle_msgs/obstacle_msgs_s__rosidl_typesupport_fastrtps_c.cpython-310-x86_64-linux-gnu.so[0m
[3.115s] [100%] [32m[1mLinking C shared library rosidl_generator_py/obstacle_msgs/obstacle_msgs_s__rosidl_typesupport_introspection_c.cpython-310-x86_64-linux-gnu.so[0m
[3.147s] [100%] Built target obstacle_msgs__rosidl_typesupport_fastrtps_c__pyext
[3.147s] [100%] Built target obstacle_msgs__rosidl_typesupport_introspection_c__pyext
[3.147s] [100%] Built target obstacle_msgs__rosidl_typesupport_c__pyext
[3.157s] Invoked command in '/home/nuc-bt/ros2_ws/src/drive/obstacle_detection/build/obstacle_msgs' returned '0': CMAKE_PREFIX_PATH=${CMAKE_PREFIX_PATH}:/opt/ros/humble /usr/bin/cmake --build /home/nuc-bt/ros2_ws/src/drive/obstacle_detection/build/obstacle_msgs -- -j8 -l8
[3.269s] Invoking command in '/home/nuc-bt/ros2_ws/src/drive/obstacle_detection/build/obstacle_msgs': CMAKE_PREFIX_PATH=${CMAKE_PREFIX_PATH}:/opt/ros/humble /usr/bin/cmake --install /home/nuc-bt/ros2_ws/src/drive/obstacle_detection/build/obstacle_msgs
[3.275s] -- Install configuration: ""
[3.276s] -- Execute custom install script
[3.276s] -- Symlinking: /home/nuc-bt/ros2_ws/src/drive/obstacle_detection/install/obstacle_msgs/share/ament_index/resource_index/rosidl_interfaces/obstacle_msgs
[3.284s] -- Symlinking: /home/nuc-bt/ros2_ws/src/drive/obstacle_detection/install/obstacle_msgs/include/obstacle_msgs/obstacle_msgs/msg/area.h
[3.291s] -- Symlinking: /home/nuc-bt/ros2_ws/src/drive/obstacle_detection/install/obstacle_msgs/include/obstacle_msgs/obstacle_msgs/msg/detail/area__functions.h
[3.298s] -- Symlinking: /home/nuc-bt/ros2_ws/src/drive/obstacle_detection/install/obstacle_msgs/include/obstacle_msgs/obstacle_msgs/msg/detail/area__struct.h
[3.306s] -- Symlinking: /home/nuc-bt/ros2_ws/src/drive/obstacle_detection/install/obstacle_msgs/include/obstacle_msgs/obstacle_msgs/msg/detail/area__type_support.h
[3.313s] -- Symlinking: /home/nuc-bt/ros2_ws/src/drive/obstacle_detection/install/obstacle_msgs/include/obstacle_msgs/obstacle_msgs/msg/detail/status__functions.h
[3.320s] -- Symlinking: /home/nuc-bt/ros2_ws/src/drive/obstacle_detection/install/obstacle_msgs/include/obstacle_msgs/obstacle_msgs/msg/detail/status__struct.h
[3.327s] -- Symlinking: /home/nuc-bt/ros2_ws/src/drive/obstacle_detection/install/obstacle_msgs/include/obstacle_msgs/obstacle_msgs/msg/detail/status__type_support.h
[3.335s] -- Symlinking: /home/nuc-bt/ros2_ws/src/drive/obstacle_detection/install/obstacle_msgs/include/obstacle_msgs/obstacle_msgs/msg/rosidl_generator_c__visibility_control.h
[3.343s] -- Symlinking: /home/nuc-bt/ros2_ws/src/drive/obstacle_detection/install/obstacle_msgs/include/obstacle_msgs/obstacle_msgs/msg/status.h
[3.350s] -- Symlinking: /home/nuc-bt/ros2_ws/src/drive/obstacle_detection/install/obstacle_msgs/share/obstacle_msgs/environment/library_path.sh
[3.358s] -- Symlinking: /home/nuc-bt/ros2_ws/src/drive/obstacle_detection/install/obstacle_msgs/share/obstacle_msgs/environment/library_path.dsv
[3.365s] -- Symlinking: /home/nuc-bt/ros2_ws/src/drive/obstacle_detection/install/obstacle_msgs/include/obstacle_msgs/obstacle_msgs/msg/detail/area__rosidl_typesupport_fastrtps_c.h
[3.373s] -- Symlinking: /home/nuc-bt/ros2_ws/src/drive/obstacle_detection/install/obstacle_msgs/include/obstacle_msgs/obstacle_msgs/msg/detail/status__rosidl_typesupport_fastrtps_c.h
[3.381s] -- Symlinking: /home/nuc-bt/ros2_ws/src/drive/obstacle_detection/install/obstacle_msgs/include/obstacle_msgs/obstacle_msgs/msg/rosidl_typesupport_fastrtps_c__visibility_control.h
[3.388s] -- Symlinking: /home/nuc-bt/ros2_ws/src/drive/obstacle_detection/install/obstacle_msgs/include/obstacle_msgs/obstacle_msgs/msg/area.hpp
[3.396s] -- Symlinking: /home/nuc-bt/ros2_ws/src/drive/obstacle_detection/install/obstacle_msgs/include/obstacle_msgs/obstacle_msgs/msg/detail/area__builder.hpp
[3.404s] -- Symlinking: /home/nuc-bt/ros2_ws/src/drive/obstacle_detection/install/obstacle_msgs/include/obstacle_msgs/obstacle_msgs/msg/detail/area__struct.hpp
[3.411s] -- Symlinking: /home/nuc-bt/ros2_ws/src/drive/obstacle_detection/install/obstacle_msgs/include/obstacle_msgs/obstacle_msgs/msg/detail/area__traits.hpp
[3.419s] -- Symlinking: /home/nuc-bt/ros2_ws/src/drive/obstacle_detection/install/obstacle_msgs/include/obstacle_msgs/obstacle_msgs/msg/detail/status__builder.hpp
[3.426s] -- Symlinking: /home/nuc-bt/ros2_ws/src/drive/obstacle_detection/install/obstacle_msgs/include/obstacle_msgs/obstacle_msgs/msg/detail/status__struct.hpp
[3.434s] -- Symlinking: /home/nuc-bt/ros2_ws/src/drive/obstacle_detection/install/obstacle_msgs/include/obstacle_msgs/obstacle_msgs/msg/detail/status__traits.hpp
[3.442s] -- Symlinking: /home/nuc-bt/ros2_ws/src/drive/obstacle_detection/install/obstacle_msgs/include/obstacle_msgs/obstacle_msgs/msg/status.hpp
[3.450s] -- Symlinking: /home/nuc-bt/ros2_ws/src/drive/obstacle_detection/install/obstacle_msgs/include/obstacle_msgs/obstacle_msgs/msg/detail/area__rosidl_typesupport_fastrtps_cpp.hpp
[3.458s] -- Symlinking: /home/nuc-bt/ros2_ws/src/drive/obstacle_detection/install/obstacle_msgs/include/obstacle_msgs/obstacle_msgs/msg/detail/status__rosidl_typesupport_fastrtps_cpp.hpp
[3.467s] -- Symlinking: /home/nuc-bt/ros2_ws/src/drive/obstacle_detection/install/obstacle_msgs/include/obstacle_msgs/obstacle_msgs/msg/rosidl_typesupport_fastrtps_cpp__visibility_control.h
[3.474s] -- Symlinking: /home/nuc-bt/ros2_ws/src/drive/obstacle_detection/install/obstacle_msgs/include/obstacle_msgs/obstacle_msgs/msg/detail/area__rosidl_typesupport_introspection_c.h
[3.483s] -- Symlinking: /home/nuc-bt/ros2_ws/src/drive/obstacle_detection/install/obstacle_msgs/include/obstacle_msgs/obstacle_msgs/msg/detail/status__rosidl_typesupport_introspection_c.h
[3.490s] -- Symlinking: /home/nuc-bt/ros2_ws/src/drive/obstacle_detection/install/obstacle_msgs/include/obstacle_msgs/obstacle_msgs/msg/rosidl_typesupport_introspection_c__visibility_control.h
[3.498s] -- Symlinking: /home/nuc-bt/ros2_ws/src/drive/obstacle_detection/install/obstacle_msgs/include/obstacle_msgs/obstacle_msgs/msg/detail/area__rosidl_typesupport_introspection_cpp.hpp
[3.506s] -- Symlinking: /home/nuc-bt/ros2_ws/src/drive/obstacle_detection/install/obstacle_msgs/include/obstacle_msgs/obstacle_msgs/msg/detail/status__rosidl_typesupport_introspection_cpp.hpp
[3.513s] -- Symlinking: /home/nuc-bt/ros2_ws/src/drive/obstacle_detection/install/obstacle_msgs/share/obstacle_msgs/environment/pythonpath.sh
[3.520s] -- Symlinking: /home/nuc-bt/ros2_ws/src/drive/obstacle_detection/install/obstacle_msgs/share/obstacle_msgs/environment/pythonpath.dsv
[3.528s] -- Symlinking: /home/nuc-bt/ros2_ws/src/drive/obstacle_detection/install/obstacle_msgs/local/lib/python3.10/dist-packages/obstacle_msgs-0.0.0-py3.10.egg-info/PKG-INFO
[3.535s] -- Symlinking: /home/nuc-bt/ros2_ws/src/drive/obstacle_detection/install/obstacle_msgs/local/lib/python3.10/dist-packages/obstacle_msgs-0.0.0-py3.10.egg-info/SOURCES.txt
[3.542s] -- Symlinking: /home/nuc-bt/ros2_ws/src/drive/obstacle_detection/install/obstacle_msgs/local/lib/python3.10/dist-packages/obstacle_msgs-0.0.0-py3.10.egg-info/dependency_links.txt
[3.549s] -- Symlinking: /home/nuc-bt/ros2_ws/src/drive/obstacle_detection/install/obstacle_msgs/local/lib/python3.10/dist-packages/obstacle_msgs-0.0.0-py3.10.egg-info/top_level.txt
[3.557s] -- Symlinking: /home/nuc-bt/ros2_ws/src/drive/obstacle_detection/install/obstacle_msgs/local/lib/python3.10/dist-packages/obstacle_msgs/__init__.py
[3.565s] -- Symlinking: /home/nuc-bt/ros2_ws/src/drive/obstacle_detection/install/obstacle_msgs/local/lib/python3.10/dist-packages/obstacle_msgs/_obstacle_msgs_s.ep.rosidl_typesupport_c.c
[3.572s] -- Symlinking: /home/nuc-bt/ros2_ws/src/drive/obstacle_detection/install/obstacle_msgs/local/lib/python3.10/dist-packages/obstacle_msgs/_obstacle_msgs_s.ep.rosidl_typesupport_fastrtps_c.c
[3.579s] -- Symlinking: /home/nuc-bt/ros2_ws/src/drive/obstacle_detection/install/obstacle_msgs/local/lib/python3.10/dist-packages/obstacle_msgs/_obstacle_msgs_s.ep.rosidl_typesupport_introspection_c.c
[3.586s] -- Symlinking: /home/nuc-bt/ros2_ws/src/drive/obstacle_detection/install/obstacle_msgs/local/lib/python3.10/dist-packages/obstacle_msgs/libobstacle_msgs__rosidl_generator_py.so
[3.594s] -- Symlinking: /home/nuc-bt/ros2_ws/src/drive/obstacle_detection/install/obstacle_msgs/local/lib/python3.10/dist-packages/obstacle_msgs/msg/__init__.py
[3.601s] -- Symlinking: /home/nuc-bt/ros2_ws/src/drive/obstacle_detection/install/obstacle_msgs/local/lib/python3.10/dist-packages/obstacle_msgs/msg/_area.py
[3.607s] -- Symlinking: /home/nuc-bt/ros2_ws/src/drive/obstacle_detection/install/obstacle_msgs/local/lib/python3.10/dist-packages/obstacle_msgs/msg/_area_s.c
[3.614s] -- Symlinking: /home/nuc-bt/ros2_ws/src/drive/obstacle_detection/install/obstacle_msgs/local/lib/python3.10/dist-packages/obstacle_msgs/msg/_status.py
[3.621s] -- Symlinking: /home/nuc-bt/ros2_ws/src/drive/obstacle_detection/install/obstacle_msgs/local/lib/python3.10/dist-packages/obstacle_msgs/msg/_status_s.c
[3.628s] -- Symlinking: /home/nuc-bt/ros2_ws/src/drive/obstacle_detection/install/obstacle_msgs/local/lib/python3.10/dist-packages/obstacle_msgs/obstacle_msgs_s__rosidl_typesupport_c.cpython-310-x86_64-linux-gnu.so
[3.635s] -- Symlinking: /home/nuc-bt/ros2_ws/src/drive/obstacle_detection/install/obstacle_msgs/local/lib/python3.10/dist-packages/obstacle_msgs/obstacle_msgs_s__rosidl_typesupport_fastrtps_c.cpython-310-x86_64-linux-gnu.so
[3.643s] -- Symlinking: /home/nuc-bt/ros2_ws/src/drive/obstacle_detection/install/obstacle_msgs/local/lib/python3.10/dist-packages/obstacle_msgs/obstacle_msgs_s__rosidl_typesupport_introspection_c.cpython-310-x86_64-linux-gnu.so
[3.652s] -- Up-to-date symlink: /home/nuc-bt/ros2_ws/src/drive/obstacle_detection/install/obstacle_msgs/local/lib/python3.10/dist-packages/obstacle_msgs/obstacle_msgs_s__rosidl_typesupport_fastrtps_c.cpython-310-x86_64-linux-gnu.so
[3.652s] -- Up-to-date symlink: /home/nuc-bt/ros2_ws/src/drive/obstacle_detection/install/obstacle_msgs/local/lib/python3.10/dist-packages/obstacle_msgs/obstacle_msgs_s__rosidl_typesupport_introspection_c.cpython-310-x86_64-linux-gnu.so
[3.652s] -- Up-to-date symlink: /home/nuc-bt/ros2_ws/src/drive/obstacle_detection/install/obstacle_msgs/local/lib/python3.10/dist-packages/obstacle_msgs/obstacle_msgs_s__rosidl_typesupport_c.cpython-310-x86_64-linux-gnu.so
[3.652s] -- Symlinking: /home/nuc-bt/ros2_ws/src/drive/obstacle_detection/install/obstacle_msgs/share/obstacle_msgs/msg/Status.idl
[3.660s] -- Symlinking: /home/nuc-bt/ros2_ws/src/drive/obstacle_detection/install/obstacle_msgs/share/obstacle_msgs/msg/Area.idl
[3.667s] -- Symlinking: /home/nuc-bt/ros2_ws/src/drive/obstacle_detection/install/obstacle_msgs/share/obstacle_msgs/msg/Status.msg
[3.675s] -- Symlinking: /home/nuc-bt/ros2_ws/src/drive/obstacle_detection/install/obstacle_msgs/share/obstacle_msgs/msg/Area.msg
[3.683s] -- Symlinking: /home/nuc-bt/ros2_ws/src/drive/obstacle_detection/install/obstacle_msgs/share/ament_index/resource_index/package_run_dependencies/obstacle_msgs
[3.692s] -- Symlinking: /home/nuc-bt/ros2_ws/src/drive/obstacle_detection/install/obstacle_msgs/share/ament_index/resource_index/parent_prefix_path/obstacle_msgs
[3.698s] -- Symlinking: /home/nuc-bt/ros2_ws/src/drive/obstacle_detection/install/obstacle_msgs/share/obstacle_msgs/environment/ament_prefix_path.sh
[3.706s] -- Symlinking: /home/nuc-bt/ros2_ws/src/drive/obstacle_detection/install/obstacle_msgs/share/obstacle_msgs/environment/ament_prefix_path.dsv
[3.713s] -- Symlinking: /home/nuc-bt/ros2_ws/src/drive/obstacle_detection/install/obstacle_msgs/share/obstacle_msgs/environment/path.sh
[3.720s] -- Symlinking: /home/nuc-bt/ros2_ws/src/drive/obstacle_detection/install/obstacle_msgs/share/obstacle_msgs/environment/path.dsv
[3.728s] -- Symlinking: /home/nuc-bt/ros2_ws/src/drive/obstacle_detection/install/obstacle_msgs/share/obstacle_msgs/local_setup.bash
[3.734s] -- Symlinking: /home/nuc-bt/ros2_ws/src/drive/obstacle_detection/install/obstacle_msgs/share/obstacle_msgs/local_setup.sh
[3.742s] -- Symlinking: /home/nuc-bt/ros2_ws/src/drive/obstacle_detection/install/obstacle_msgs/share/obstacle_msgs/local_setup.zsh
[3.749s] -- Symlinking: /home/nuc-bt/ros2_ws/src/drive/obstacle_detection/install/obstacle_msgs/share/obstacle_msgs/local_setup.dsv
[3.757s] -- Symlinking: /home/nuc-bt/ros2_ws/src/drive/obstacle_detection/install/obstacle_msgs/share/obstacle_msgs/package.dsv
[3.764s] -- Symlinking: /home/nuc-bt/ros2_ws/src/drive/obstacle_detection/install/obstacle_msgs/share/ament_index/resource_index/packages/obstacle_msgs
[3.771s] -- Symlinking: /home/nuc-bt/ros2_ws/src/drive/obstacle_detection/install/obstacle_msgs/share/obstacle_msgs/cmake/rosidl_cmake-extras.cmake
[3.779s] -- Symlinking: /home/nuc-bt/ros2_ws/src/drive/obstacle_detection/install/obstacle_msgs/share/obstacle_msgs/cmake/ament_cmake_export_dependencies-extras.cmake
[3.786s] -- Symlinking: /home/nuc-bt/ros2_ws/src/drive/obstacle_detection/install/obstacle_msgs/share/obstacle_msgs/cmake/ament_cmake_export_include_directories-extras.cmake
[3.793s] -- Symlinking: /home/nuc-bt/ros2_ws/src/drive/obstacle_detection/install/obstacle_msgs/share/obstacle_msgs/cmake/ament_cmake_export_libraries-extras.cmake
[3.800s] -- Symlinking: /home/nuc-bt/ros2_ws/src/drive/obstacle_detection/install/obstacle_msgs/share/obstacle_msgs/cmake/ament_cmake_export_targets-extras.cmake
[3.808s] -- Symlinking: /home/nuc-bt/ros2_ws/src/drive/obstacle_detection/install/obstacle_msgs/share/obstacle_msgs/cmake/rosidl_cmake_export_typesupport_targets-extras.cmake
[3.815s] -- Symlinking: /home/nuc-bt/ros2_ws/src/drive/obstacle_detection/install/obstacle_msgs/share/obstacle_msgs/cmake/rosidl_cmake_export_typesupport_libraries-extras.cmake
[3.822s] -- Symlinking: /home/nuc-bt/ros2_ws/src/drive/obstacle_detection/install/obstacle_msgs/share/obstacle_msgs/cmake/obstacle_msgsConfig.cmake
[3.830s] -- Symlinking: /home/nuc-bt/ros2_ws/src/drive/obstacle_detection/install/obstacle_msgs/share/obstacle_msgs/cmake/obstacle_msgsConfig-version.cmake
[3.838s] -- Symlinking: /home/nuc-bt/ros2_ws/src/drive/obstacle_detection/install/obstacle_msgs/share/obstacle_msgs/package.xml
[3.845s] -- Installing: /home/nuc-bt/ros2_ws/src/drive/obstacle_detection/install/obstacle_msgs/lib/libobstacle_msgs__rosidl_generator_c.so
[3.845s] -- Set runtime path of "/home/nuc-bt/ros2_ws/src/drive/obstacle_detection/install/obstacle_msgs/lib/libobstacle_msgs__rosidl_generator_c.so" to ""
[3.845s] -- Installing: /home/nuc-bt/ros2_ws/src/drive/obstacle_detection/install/obstacle_msgs/lib/libobstacle_msgs__rosidl_typesupport_fastrtps_c.so
[3.845s] -- Set runtime path of "/home/nuc-bt/ros2_ws/src/drive/obstacle_detection/install/obstacle_msgs/lib/libobstacle_msgs__rosidl_typesupport_fastrtps_c.so" to ""
[3.845s] -- Installing: /home/nuc-bt/ros2_ws/src/drive/obstacle_detection/install/obstacle_msgs/lib/libobstacle_msgs__rosidl_typesupport_fastrtps_cpp.so
[3.845s] -- Set runtime path of "/home/nuc-bt/ros2_ws/src/drive/obstacle_detection/install/obstacle_msgs/lib/libobstacle_msgs__rosidl_typesupport_fastrtps_cpp.so" to ""
[3.846s] -- Installing: /home/nuc-bt/ros2_ws/src/drive/obstacle_detection/install/obstacle_msgs/lib/libobstacle_msgs__rosidl_typesupport_introspection_c.so
[3.846s] -- Set runtime path of "/home/nuc-bt/ros2_ws/src/drive/obstacle_detection/install/obstacle_msgs/lib/libobstacle_msgs__rosidl_typesupport_introspection_c.so" to ""
[3.846s] -- Installing: /home/nuc-bt/ros2_ws/src/drive/obstacle_detection/install/obstacle_msgs/lib/libobstacle_msgs__rosidl_typesupport_c.so
[3.846s] -- Set runtime path of "/home/nuc-bt/ros2_ws/src/drive/obstacle_detection/install/obstacle_msgs/lib/libobstacle_msgs__rosidl_typesupport_c.so" to ""
[3.846s] -- Installing: /home/nuc-bt/ros2_ws/src/drive/obstacle_detection/install/obstacle_msgs/lib/libobstacle_msgs__rosidl_typesupport_introspection_cpp.so
[3.846s] -- Set runtime path of "/home/nuc-bt/ros2_ws/src/drive/obstacle_detection/install/obstacle_msgs/lib/libobstacle_msgs__rosidl_typesupport_introspection_cpp.so" to ""
[3.846s] -- Installing: /home/nuc-bt/ros2_ws/src/drive/obstacle_detection/install/obstacle_msgs/lib/libobstacle_msgs__rosidl_typesupport_cpp.so
[3.846s] -- Set runtime path of "/home/nuc-bt/ros2_ws/src/drive/obstacle_detection/install/obstacle_msgs/lib/libobstacle_msgs__rosidl_typesupport_cpp.so" to ""
[3.877s] Listing '/home/nuc-bt/ros2_ws/src/drive/obstacle_detection/install/obstacle_msgs/local/lib/python3.10/dist-packages/obstacle_msgs'...
[3.877s] Compiling '/home/nuc-bt/ros2_ws/src/drive/obstacle_detection/install/obstacle_msgs/local/lib/python3.10/dist-packages/obstacle_msgs/__init__.py'...
[3.878s] Listing '/home/nuc-bt/ros2_ws/src/drive/obstacle_detection/install/obstacle_msgs/local/lib/python3.10/dist-packages/obstacle_msgs/msg'...
[3.878s] Compiling '/home/nuc-bt/ros2_ws/src/drive/obstacle_detection/install/obstacle_msgs/local/lib/python3.10/dist-packages/obstacle_msgs/msg/__init__.py'...
[3.878s] Compiling '/home/nuc-bt/ros2_ws/src/drive/obstacle_detection/install/obstacle_msgs/local/lib/python3.10/dist-packages/obstacle_msgs/msg/_area.py'...
[3.878s] Compiling '/home/nuc-bt/ros2_ws/src/drive/obstacle_detection/install/obstacle_msgs/local/lib/python3.10/dist-packages/obstacle_msgs/msg/_status.py'...
[3.880s] -- Installing: /home/nuc-bt/ros2_ws/src/drive/obstacle_detection/install/obstacle_msgs/lib/libobstacle_msgs__rosidl_generator_py.so
[3.881s] -- Set runtime path of "/home/nuc-bt/ros2_ws/src/drive/obstacle_detection/install/obstacle_msgs/lib/libobstacle_msgs__rosidl_generator_py.so" to ""
[3.881s] -- Installing: /home/nuc-bt/ros2_ws/src/drive/obstacle_detection/install/obstacle_msgs/share/obstacle_msgs/cmake/export_obstacle_msgs__rosidl_generator_cExport.cmake
[3.881s] -- Installing: /home/nuc-bt/ros2_ws/src/drive/obstacle_detection/install/obstacle_msgs/share/obstacle_msgs/cmake/export_obstacle_msgs__rosidl_generator_cExport-noconfig.cmake
[3.881s] -- Installing: /home/nuc-bt/ros2_ws/src/drive/obstacle_detection/install/obstacle_msgs/share/obstacle_msgs/cmake/export_obstacle_msgs__rosidl_typesupport_fastrtps_cExport.cmake
[3.881s] -- Installing: /home/nuc-bt/ros2_ws/src/drive/obstacle_detection/install/obstacle_msgs/share/obstacle_msgs/cmake/export_obstacle_msgs__rosidl_typesupport_fastrtps_cExport-noconfig.cmake
[3.881s] -- Installing: /home/nuc-bt/ros2_ws/src/drive/obstacle_detection/install/obstacle_msgs/share/obstacle_msgs/cmake/export_obstacle_msgs__rosidl_generator_cppExport.cmake
[3.881s] -- Installing: /home/nuc-bt/ros2_ws/src/drive/obstacle_detection/install/obstacle_msgs/share/obstacle_msgs/cmake/export_obstacle_msgs__rosidl_typesupport_fastrtps_cppExport.cmake
[3.881s] -- Installing: /home/nuc-bt/ros2_ws/src/drive/obstacle_detection/install/obstacle_msgs/share/obstacle_msgs/cmake/export_obstacle_msgs__rosidl_typesupport_fastrtps_cppExport-noconfig.cmake
[3.881s] -- Installing: /home/nuc-bt/ros2_ws/src/drive/obstacle_detection/install/obstacle_msgs/share/obstacle_msgs/cmake/obstacle_msgs__rosidl_typesupport_introspection_cExport.cmake
[3.882s] -- Installing: /home/nuc-bt/ros2_ws/src/drive/obstacle_detection/install/obstacle_msgs/share/obstacle_msgs/cmake/obstacle_msgs__rosidl_typesupport_introspection_cExport-noconfig.cmake
[3.882s] -- Installing: /home/nuc-bt/ros2_ws/src/drive/obstacle_detection/install/obstacle_msgs/share/obstacle_msgs/cmake/obstacle_msgs__rosidl_typesupport_cExport.cmake
[3.882s] -- Installing: /home/nuc-bt/ros2_ws/src/drive/obstacle_detection/install/obstacle_msgs/share/obstacle_msgs/cmake/obstacle_msgs__rosidl_typesupport_cExport-noconfig.cmake
[3.882s] -- Installing: /home/nuc-bt/ros2_ws/src/drive/obstacle_detection/install/obstacle_msgs/share/obstacle_msgs/cmake/obstacle_msgs__rosidl_typesupport_introspection_cppExport.cmake
[3.882s] -- Installing: /home/nuc-bt/ros2_ws/src/drive/obstacle_detection/install/obstacle_msgs/share/obstacle_msgs/cmake/obstacle_msgs__rosidl_typesupport_introspection_cppExport-noconfig.cmake
[3.882s] -- Installing: /home/nuc-bt/ros2_ws/src/drive/obstacle_detection/install/obstacle_msgs/share/obstacle_msgs/cmake/obstacle_msgs__rosidl_typesupport_cppExport.cmake
[3.882s] -- Installing: /home/nuc-bt/ros2_ws/src/drive/obstacle_detection/install/obstacle_msgs/share/obstacle_msgs/cmake/obstacle_msgs__rosidl_typesupport_cppExport-noconfig.cmake
[3.882s] -- Installing: /home/nuc-bt/ros2_ws/src/drive/obstacle_detection/install/obstacle_msgs/share/obstacle_msgs/cmake/export_obstacle_msgs__rosidl_generator_pyExport.cmake
[3.882s] -- Installing: /home/nuc-bt/ros2_ws/src/drive/obstacle_detection/install/obstacle_msgs/share/obstacle_msgs/cmake/export_obstacle_msgs__rosidl_generator_pyExport-noconfig.cmake
[3.884s] Invoked command in '/home/nuc-bt/ros2_ws/src/drive/obstacle_detection/build/obstacle_msgs' returned '0': CMAKE_PREFIX_PATH=${CMAKE_PREFIX_PATH}:/opt/ros/humble /usr/bin/cmake --install /home/nuc-bt/ros2_ws/src/drive/obstacle_detection/build/obstacle_msgs
