[1.084s] DEBUG:colcon:Command line arguments: ['/usr/bin/colcon', 'build', '--symlink-install']
[1.085s] DEBUG:colcon:Parsed command line arguments: Namespace(log_base=None, log_level=None, verb_name='build', build_base='build', install_base='install', merge_install=False, symlink_install=True, test_result_base=None, continue_on_error=False, executor='parallel', parallel_workers=8, event_handlers=None, ignore_user_meta=False, metas=['./colcon.meta'], base_paths=['.'], packages_ignore=None, packages_ignore_regex=None, paths=None, packages_up_to=None, packages_up_to_regex=None, packages_above=None, packages_above_and_dependencies=None, packages_above_depth=None, packages_select_by_dep=None, packages_skip_by_dep=None, packages_skip_up_to=None, packages_select_build_failed=False, packages_skip_build_finished=False, packages_select_test_failures=False, packages_skip_test_passed=False, packages_select=None, packages_skip=None, packages_select_regex=None, packages_skip_regex=None, packages_start=None, packages_end=None, allow_overriding=[], cmake_args=None, cmake_target=None, cmake_target_skip_unavailable=False, cmake_clean_cache=False, cmake_clean_first=False, cmake_force_configure=False, ament_cmake_args=None, catkin_cmake_args=None, catkin_skip_building_tests=False, verb_parser=<colcon_defaults.argument_parser.defaults.DefaultArgumentsDecorator object at 0x7f276e86e710>, verb_extension=<colcon_core.verb.build.BuildVerb object at 0x7f276f9d7f40>, main=<bound method BuildVerb.main of <colcon_core.verb.build.BuildVerb object at 0x7f276f9d7f40>>)
[1.153s] Level 1:colcon.colcon_core.package_discovery:discover_packages(colcon_meta) check parameters
[1.153s] Level 1:colcon.colcon_core.package_discovery:discover_packages(recursive) check parameters
[1.153s] Level 1:colcon.colcon_core.package_discovery:discover_packages(ignore) check parameters
[1.153s] Level 1:colcon.colcon_core.package_discovery:discover_packages(path) check parameters
[1.153s] Level 1:colcon.colcon_core.package_discovery:discover_packages(colcon_meta) discover
[1.153s] Level 1:colcon.colcon_core.package_discovery:discover_packages(recursive) discover
[1.153s] INFO:colcon.colcon_core.package_discovery:Crawling recursively for packages in '/home/nuc-bt/ros2_ws/src/drive/obstacle_detection'
[1.155s] Level 1:colcon.colcon_core.package_identification:_identify(.) by extensions ['ignore', 'ignore_ament_install']
[1.155s] Level 1:colcon.colcon_core.package_identification:_identify(.) by extension 'ignore'
[1.155s] Level 1:colcon.colcon_core.package_identification:_identify(.) by extension 'ignore_ament_install'
[1.155s] Level 1:colcon.colcon_core.package_identification:_identify(.) by extensions ['colcon_pkg']
[1.155s] Level 1:colcon.colcon_core.package_identification:_identify(.) by extension 'colcon_pkg'
[1.155s] Level 1:colcon.colcon_core.package_identification:_identify(.) by extensions ['colcon_meta']
[1.155s] Level 1:colcon.colcon_core.package_identification:_identify(.) by extension 'colcon_meta'
[1.155s] Level 1:colcon.colcon_core.package_identification:_identify(.) by extensions ['ros']
[1.155s] Level 1:colcon.colcon_core.package_identification:_identify(.) by extension 'ros'
[1.173s] Level 1:colcon.colcon_core.package_identification:_identify(.) by extensions ['cmake', 'python']
[1.173s] Level 1:colcon.colcon_core.package_identification:_identify(.) by extension 'cmake'
[1.173s] Level 1:colcon.colcon_core.package_identification:_identify(.) by extension 'python'
[1.173s] Level 1:colcon.colcon_core.package_identification:_identify(.) by extensions ['python_setup_py']
[1.173s] Level 1:colcon.colcon_core.package_identification:_identify(.) by extension 'python_setup_py'
[1.175s] Level 1:colcon.colcon_core.package_identification:_identify(build) by extensions ['ignore', 'ignore_ament_install']
[1.175s] Level 1:colcon.colcon_core.package_identification:_identify(build) by extension 'ignore'
[1.175s] Level 1:colcon.colcon_core.package_identification:_identify(build) ignored
[1.175s] Level 1:colcon.colcon_core.package_identification:_identify(install) by extensions ['ignore', 'ignore_ament_install']
[1.175s] Level 1:colcon.colcon_core.package_identification:_identify(install) by extension 'ignore'
[1.175s] Level 1:colcon.colcon_core.package_identification:_identify(install) ignored
[1.175s] Level 1:colcon.colcon_core.package_identification:_identify(log) by extensions ['ignore', 'ignore_ament_install']
[1.175s] Level 1:colcon.colcon_core.package_identification:_identify(log) by extension 'ignore'
[1.175s] Level 1:colcon.colcon_core.package_identification:_identify(log) ignored
[1.176s] Level 1:colcon.colcon_core.package_identification:_identify(obstacle_detection) by extensions ['ignore', 'ignore_ament_install']
[1.176s] Level 1:colcon.colcon_core.package_identification:_identify(obstacle_detection) by extension 'ignore'
[1.176s] Level 1:colcon.colcon_core.package_identification:_identify(obstacle_detection) by extension 'ignore_ament_install'
[1.176s] Level 1:colcon.colcon_core.package_identification:_identify(obstacle_detection) by extensions ['colcon_pkg']
[1.176s] Level 1:colcon.colcon_core.package_identification:_identify(obstacle_detection) by extension 'colcon_pkg'
[1.176s] Level 1:colcon.colcon_core.package_identification:_identify(obstacle_detection) by extensions ['colcon_meta']
[1.176s] Level 1:colcon.colcon_core.package_identification:_identify(obstacle_detection) by extension 'colcon_meta'
[1.176s] Level 1:colcon.colcon_core.package_identification:_identify(obstacle_detection) by extensions ['ros']
[1.176s] Level 1:colcon.colcon_core.package_identification:_identify(obstacle_detection) by extension 'ros'
[1.182s] DEBUG:colcon.colcon_core.package_identification:Package 'obstacle_detection' with type 'ros.ament_cmake' and name 'obstacle_detection'
[1.182s] Level 1:colcon.colcon_core.package_identification:_identify(obstacle_msgs) by extensions ['ignore', 'ignore_ament_install']
[1.182s] Level 1:colcon.colcon_core.package_identification:_identify(obstacle_msgs) by extension 'ignore'
[1.182s] Level 1:colcon.colcon_core.package_identification:_identify(obstacle_msgs) by extension 'ignore_ament_install'
[1.182s] Level 1:colcon.colcon_core.package_identification:_identify(obstacle_msgs) by extensions ['colcon_pkg']
[1.182s] Level 1:colcon.colcon_core.package_identification:_identify(obstacle_msgs) by extension 'colcon_pkg'
[1.182s] Level 1:colcon.colcon_core.package_identification:_identify(obstacle_msgs) by extensions ['colcon_meta']
[1.182s] Level 1:colcon.colcon_core.package_identification:_identify(obstacle_msgs) by extension 'colcon_meta'
[1.182s] Level 1:colcon.colcon_core.package_identification:_identify(obstacle_msgs) by extensions ['ros']
[1.182s] Level 1:colcon.colcon_core.package_identification:_identify(obstacle_msgs) by extension 'ros'
[1.183s] DEBUG:colcon.colcon_core.package_identification:Package 'obstacle_msgs' with type 'ros.ament_cmake' and name 'obstacle_msgs'
[1.184s] Level 1:colcon.colcon_core.package_discovery:discover_packages(recursive) using defaults
[1.184s] Level 1:colcon.colcon_core.package_discovery:discover_packages(ignore) discover
[1.184s] Level 1:colcon.colcon_core.package_discovery:discover_packages(ignore) using defaults
[1.184s] Level 1:colcon.colcon_core.package_discovery:discover_packages(path) discover
[1.184s] Level 1:colcon.colcon_core.package_discovery:discover_packages(path) using defaults
[1.280s] Level 1:colcon.colcon_core.package_discovery:discover_packages(prefix_path) check parameters
[1.280s] Level 1:colcon.colcon_core.package_discovery:discover_packages(prefix_path) discover
[1.328s] DEBUG:colcon.colcon_installed_package_information.package_discovery:Found 314 installed packages in /opt/ros/humble
[1.330s] Level 1:colcon.colcon_core.package_discovery:discover_packages(prefix_path) using defaults
[1.465s] Level 5:colcon.colcon_core.verb:set package 'obstacle_msgs' build argument 'cmake_args' from command line to 'None'
[1.465s] Level 5:colcon.colcon_core.verb:set package 'obstacle_msgs' build argument 'cmake_target' from command line to 'None'
[1.465s] Level 5:colcon.colcon_core.verb:set package 'obstacle_msgs' build argument 'cmake_target_skip_unavailable' from command line to 'False'
[1.465s] Level 5:colcon.colcon_core.verb:set package 'obstacle_msgs' build argument 'cmake_clean_cache' from command line to 'False'
[1.465s] Level 5:colcon.colcon_core.verb:set package 'obstacle_msgs' build argument 'cmake_clean_first' from command line to 'False'
[1.465s] Level 5:colcon.colcon_core.verb:set package 'obstacle_msgs' build argument 'cmake_force_configure' from command line to 'False'
[1.465s] Level 5:colcon.colcon_core.verb:set package 'obstacle_msgs' build argument 'ament_cmake_args' from command line to 'None'
[1.465s] Level 5:colcon.colcon_core.verb:set package 'obstacle_msgs' build argument 'catkin_cmake_args' from command line to 'None'
[1.465s] Level 5:colcon.colcon_core.verb:set package 'obstacle_msgs' build argument 'catkin_skip_building_tests' from command line to 'False'
[1.465s] DEBUG:colcon.colcon_core.verb:Building package 'obstacle_msgs' with the following arguments: {'ament_cmake_args': None, 'build_base': '/home/nuc-bt/ros2_ws/src/drive/obstacle_detection/build/obstacle_msgs', 'catkin_cmake_args': None, 'catkin_skip_building_tests': False, 'cmake_args': None, 'cmake_clean_cache': False, 'cmake_clean_first': False, 'cmake_force_configure': False, 'cmake_target': None, 'cmake_target_skip_unavailable': False, 'install_base': '/home/nuc-bt/ros2_ws/src/drive/obstacle_detection/install/obstacle_msgs', 'merge_install': False, 'path': '/home/nuc-bt/ros2_ws/src/drive/obstacle_detection/obstacle_msgs', 'symlink_install': True, 'test_result_base': None}
[1.478s] Level 5:colcon.colcon_core.verb:set package 'obstacle_detection' build argument 'cmake_args' from command line to 'None'
[1.478s] Level 5:colcon.colcon_core.verb:set package 'obstacle_detection' build argument 'cmake_target' from command line to 'None'
[1.478s] Level 5:colcon.colcon_core.verb:set package 'obstacle_detection' build argument 'cmake_target_skip_unavailable' from command line to 'False'
[1.478s] Level 5:colcon.colcon_core.verb:set package 'obstacle_detection' build argument 'cmake_clean_cache' from command line to 'False'
[1.478s] Level 5:colcon.colcon_core.verb:set package 'obstacle_detection' build argument 'cmake_clean_first' from command line to 'False'
[1.478s] Level 5:colcon.colcon_core.verb:set package 'obstacle_detection' build argument 'cmake_force_configure' from command line to 'False'
[1.478s] Level 5:colcon.colcon_core.verb:set package 'obstacle_detection' build argument 'ament_cmake_args' from command line to 'None'
[1.478s] Level 5:colcon.colcon_core.verb:set package 'obstacle_detection' build argument 'catkin_cmake_args' from command line to 'None'
[1.479s] Level 5:colcon.colcon_core.verb:set package 'obstacle_detection' build argument 'catkin_skip_building_tests' from command line to 'False'
[1.479s] DEBUG:colcon.colcon_core.verb:Building package 'obstacle_detection' with the following arguments: {'ament_cmake_args': None, 'build_base': '/home/nuc-bt/ros2_ws/src/drive/obstacle_detection/build/obstacle_detection', 'catkin_cmake_args': None, 'catkin_skip_building_tests': False, 'cmake_args': None, 'cmake_clean_cache': False, 'cmake_clean_first': False, 'cmake_force_configure': False, 'cmake_target': None, 'cmake_target_skip_unavailable': False, 'install_base': '/home/nuc-bt/ros2_ws/src/drive/obstacle_detection/install/obstacle_detection', 'merge_install': False, 'path': '/home/nuc-bt/ros2_ws/src/drive/obstacle_detection/obstacle_detection', 'symlink_install': True, 'test_result_base': None}
[1.492s] INFO:colcon.colcon_core.executor:Executing jobs using 'parallel' executor
[1.507s] DEBUG:colcon.colcon_parallel_executor.executor.parallel:run_until_complete
[1.508s] INFO:colcon.colcon_ros.task.ament_cmake.build:Building ROS package in '/home/nuc-bt/ros2_ws/src/drive/obstacle_detection/obstacle_msgs' with build type 'ament_cmake'
[1.508s] INFO:colcon.colcon_cmake.task.cmake.build:Building CMake package in '/home/nuc-bt/ros2_ws/src/drive/obstacle_detection/obstacle_msgs'
[1.532s] INFO:colcon.colcon_core.plugin_system:Skipping extension 'colcon_core.shell.bat': Not used on non-Windows systems
[1.532s] INFO:colcon.colcon_core.shell:Skip shell extension 'powershell' for command environment: Not usable outside of PowerShell
[1.532s] DEBUG:colcon.colcon_core.shell:Skip shell extension 'dsv' for command environment
[1.578s] DEBUG:colcon.colcon_core.event_handler.log_command:Invoking command in '/home/nuc-bt/ros2_ws/src/drive/obstacle_detection/build/obstacle_msgs': CMAKE_PREFIX_PATH=/opt/ros/humble /usr/bin/cmake --build /home/nuc-bt/ros2_ws/src/drive/obstacle_detection/build/obstacle_msgs -- -j8 -l8
[2.421s] DEBUG:colcon.colcon_core.event_handler.log_command:Invoked command in '/home/nuc-bt/ros2_ws/src/drive/obstacle_detection/build/obstacle_msgs' returned '0': CMAKE_PREFIX_PATH=/opt/ros/humble /usr/bin/cmake --build /home/nuc-bt/ros2_ws/src/drive/obstacle_detection/build/obstacle_msgs -- -j8 -l8
[2.544s] DEBUG:colcon.colcon_core.event_handler.log_command:Invoking command in '/home/nuc-bt/ros2_ws/src/drive/obstacle_detection/build/obstacle_msgs': CMAKE_PREFIX_PATH=/opt/ros/humble /usr/bin/cmake --install /home/nuc-bt/ros2_ws/src/drive/obstacle_detection/build/obstacle_msgs
[2.654s] Level 1:colcon.colcon_core.environment:create_environment_scripts_only(obstacle_msgs)
[2.672s] DEBUG:colcon.colcon_core.event_handler.log_command:Invoked command in '/home/nuc-bt/ros2_ws/src/drive/obstacle_detection/build/obstacle_msgs' returned '0': CMAKE_PREFIX_PATH=/opt/ros/humble /usr/bin/cmake --install /home/nuc-bt/ros2_ws/src/drive/obstacle_detection/build/obstacle_msgs
[2.678s] Level 1:colcon.colcon_core.environment:checking '/home/nuc-bt/ros2_ws/src/drive/obstacle_detection/install/obstacle_msgs' for CMake module files
[2.678s] Level 1:colcon.colcon_core.environment:checking '/home/nuc-bt/ros2_ws/src/drive/obstacle_detection/install/obstacle_msgs' for CMake config files
[2.680s] Level 1:colcon.colcon_core.shell:create_environment_hook('obstacle_msgs', 'cmake_prefix_path')
[2.693s] INFO:colcon.colcon_core.shell:Creating environment hook '/home/nuc-bt/ros2_ws/src/drive/obstacle_detection/install/obstacle_msgs/share/obstacle_msgs/hook/cmake_prefix_path.ps1'
[2.694s] INFO:colcon.colcon_core.shell:Creating environment descriptor '/home/nuc-bt/ros2_ws/src/drive/obstacle_detection/install/obstacle_msgs/share/obstacle_msgs/hook/cmake_prefix_path.dsv'
[2.695s] INFO:colcon.colcon_core.shell:Creating environment hook '/home/nuc-bt/ros2_ws/src/drive/obstacle_detection/install/obstacle_msgs/share/obstacle_msgs/hook/cmake_prefix_path.sh'
[2.696s] Level 1:colcon.colcon_core.environment:checking '/home/nuc-bt/ros2_ws/src/drive/obstacle_detection/install/obstacle_msgs/lib'
[2.696s] Level 1:colcon.colcon_core.shell:create_environment_hook('obstacle_msgs', 'ld_library_path_lib')
[2.711s] INFO:colcon.colcon_core.shell:Creating environment hook '/home/nuc-bt/ros2_ws/src/drive/obstacle_detection/install/obstacle_msgs/share/obstacle_msgs/hook/ld_library_path_lib.ps1'
[2.711s] INFO:colcon.colcon_core.shell:Creating environment descriptor '/home/nuc-bt/ros2_ws/src/drive/obstacle_detection/install/obstacle_msgs/share/obstacle_msgs/hook/ld_library_path_lib.dsv'
[2.712s] INFO:colcon.colcon_core.shell:Creating environment hook '/home/nuc-bt/ros2_ws/src/drive/obstacle_detection/install/obstacle_msgs/share/obstacle_msgs/hook/ld_library_path_lib.sh'
[2.713s] Level 1:colcon.colcon_core.environment:checking '/home/nuc-bt/ros2_ws/src/drive/obstacle_detection/install/obstacle_msgs/bin'
[2.713s] Level 1:colcon.colcon_core.environment:checking '/home/nuc-bt/ros2_ws/src/drive/obstacle_detection/install/obstacle_msgs/lib/pkgconfig/obstacle_msgs.pc'
[2.713s] Level 1:colcon.colcon_core.environment:checking '/home/nuc-bt/ros2_ws/src/drive/obstacle_detection/install/obstacle_msgs/lib/python3.10/site-packages'
[2.713s] Level 1:colcon.colcon_core.environment:checking '/home/nuc-bt/ros2_ws/src/drive/obstacle_detection/install/obstacle_msgs/bin'
[2.728s] INFO:colcon.colcon_core.shell:Creating package script '/home/nuc-bt/ros2_ws/src/drive/obstacle_detection/install/obstacle_msgs/share/obstacle_msgs/package.ps1'
[2.729s] INFO:colcon.colcon_core.shell:Creating package descriptor '/home/nuc-bt/ros2_ws/src/drive/obstacle_detection/install/obstacle_msgs/share/obstacle_msgs/package.dsv'
[2.730s] INFO:colcon.colcon_core.shell:Creating package script '/home/nuc-bt/ros2_ws/src/drive/obstacle_detection/install/obstacle_msgs/share/obstacle_msgs/package.sh'
[2.730s] INFO:colcon.colcon_core.shell:Creating package script '/home/nuc-bt/ros2_ws/src/drive/obstacle_detection/install/obstacle_msgs/share/obstacle_msgs/package.bash'
[2.731s] INFO:colcon.colcon_core.shell:Creating package script '/home/nuc-bt/ros2_ws/src/drive/obstacle_detection/install/obstacle_msgs/share/obstacle_msgs/package.zsh'
[2.732s] Level 1:colcon.colcon_core.environment:create_file_with_runtime_dependencies(/home/nuc-bt/ros2_ws/src/drive/obstacle_detection/install/obstacle_msgs/share/colcon-core/packages/obstacle_msgs)
[2.868s] Level 1:colcon.colcon_core.environment:create_environment_scripts_only(obstacle_msgs)
[2.882s] Level 1:colcon.colcon_core.environment:checking '/home/nuc-bt/ros2_ws/src/drive/obstacle_detection/install/obstacle_msgs' for CMake module files
[2.882s] Level 1:colcon.colcon_core.environment:checking '/home/nuc-bt/ros2_ws/src/drive/obstacle_detection/install/obstacle_msgs' for CMake config files
[2.883s] Level 1:colcon.colcon_core.shell:create_environment_hook('obstacle_msgs', 'cmake_prefix_path')
[2.901s] INFO:colcon.colcon_core.shell:Creating environment hook '/home/nuc-bt/ros2_ws/src/drive/obstacle_detection/install/obstacle_msgs/share/obstacle_msgs/hook/cmake_prefix_path.ps1'
[2.902s] INFO:colcon.colcon_core.shell:Creating environment descriptor '/home/nuc-bt/ros2_ws/src/drive/obstacle_detection/install/obstacle_msgs/share/obstacle_msgs/hook/cmake_prefix_path.dsv'
[2.902s] INFO:colcon.colcon_core.shell:Creating environment hook '/home/nuc-bt/ros2_ws/src/drive/obstacle_detection/install/obstacle_msgs/share/obstacle_msgs/hook/cmake_prefix_path.sh'
[2.903s] Level 1:colcon.colcon_core.environment:checking '/home/nuc-bt/ros2_ws/src/drive/obstacle_detection/install/obstacle_msgs/lib'
[2.903s] Level 1:colcon.colcon_core.shell:create_environment_hook('obstacle_msgs', 'ld_library_path_lib')
[2.917s] INFO:colcon.colcon_core.shell:Creating environment hook '/home/nuc-bt/ros2_ws/src/drive/obstacle_detection/install/obstacle_msgs/share/obstacle_msgs/hook/ld_library_path_lib.ps1'
[2.917s] INFO:colcon.colcon_core.shell:Creating environment descriptor '/home/nuc-bt/ros2_ws/src/drive/obstacle_detection/install/obstacle_msgs/share/obstacle_msgs/hook/ld_library_path_lib.dsv'
[2.918s] INFO:colcon.colcon_core.shell:Creating environment hook '/home/nuc-bt/ros2_ws/src/drive/obstacle_detection/install/obstacle_msgs/share/obstacle_msgs/hook/ld_library_path_lib.sh'
[2.918s] Level 1:colcon.colcon_core.environment:checking '/home/nuc-bt/ros2_ws/src/drive/obstacle_detection/install/obstacle_msgs/bin'
[2.918s] Level 1:colcon.colcon_core.environment:checking '/home/nuc-bt/ros2_ws/src/drive/obstacle_detection/install/obstacle_msgs/lib/pkgconfig/obstacle_msgs.pc'
[2.918s] Level 1:colcon.colcon_core.environment:checking '/home/nuc-bt/ros2_ws/src/drive/obstacle_detection/install/obstacle_msgs/lib/python3.10/site-packages'
[2.919s] Level 1:colcon.colcon_core.environment:checking '/home/nuc-bt/ros2_ws/src/drive/obstacle_detection/install/obstacle_msgs/bin'
[2.932s] INFO:colcon.colcon_core.shell:Creating package script '/home/nuc-bt/ros2_ws/src/drive/obstacle_detection/install/obstacle_msgs/share/obstacle_msgs/package.ps1'
[2.933s] INFO:colcon.colcon_core.shell:Creating package descriptor '/home/nuc-bt/ros2_ws/src/drive/obstacle_detection/install/obstacle_msgs/share/obstacle_msgs/package.dsv'
[2.933s] INFO:colcon.colcon_core.shell:Creating package script '/home/nuc-bt/ros2_ws/src/drive/obstacle_detection/install/obstacle_msgs/share/obstacle_msgs/package.sh'
[2.934s] INFO:colcon.colcon_core.shell:Creating package script '/home/nuc-bt/ros2_ws/src/drive/obstacle_detection/install/obstacle_msgs/share/obstacle_msgs/package.bash'
[2.934s] INFO:colcon.colcon_core.shell:Creating package script '/home/nuc-bt/ros2_ws/src/drive/obstacle_detection/install/obstacle_msgs/share/obstacle_msgs/package.zsh'
[2.935s] Level 1:colcon.colcon_core.environment:create_file_with_runtime_dependencies(/home/nuc-bt/ros2_ws/src/drive/obstacle_detection/install/obstacle_msgs/share/colcon-core/packages/obstacle_msgs)
[2.935s] INFO:colcon.colcon_ros.task.ament_cmake.build:Building ROS package in '/home/nuc-bt/ros2_ws/src/drive/obstacle_detection/obstacle_detection' with build type 'ament_cmake'
[2.935s] INFO:colcon.colcon_cmake.task.cmake.build:Building CMake package in '/home/nuc-bt/ros2_ws/src/drive/obstacle_detection/obstacle_detection'
[2.949s] INFO:colcon.colcon_core.shell:Skip shell extension 'powershell' for command environment: Not usable outside of PowerShell
[2.950s] DEBUG:colcon.colcon_core.shell:Skip shell extension 'dsv' for command environment
[3.003s] DEBUG:colcon.colcon_core.event_handler.log_command:Invoking command in '/home/nuc-bt/ros2_ws/src/drive/obstacle_detection/build/obstacle_detection': AMENT_PREFIX_PATH=/home/nuc-bt/ros2_ws/src/drive/obstacle_detection/install/obstacle_msgs:${AMENT_PREFIX_PATH} CMAKE_PREFIX_PATH=/home/nuc-bt/ros2_ws/src/drive/obstacle_detection/install/obstacle_msgs:/opt/ros/humble LD_LIBRARY_PATH=/home/nuc-bt/ros2_ws/src/drive/obstacle_detection/install/obstacle_msgs/lib:${LD_LIBRARY_PATH} PYTHONPATH=/home/nuc-bt/ros2_ws/src/drive/obstacle_detection/install/obstacle_msgs/local/lib/python3.10/dist-packages:${PYTHONPATH} /usr/bin/cmake --build /home/nuc-bt/ros2_ws/src/drive/obstacle_detection/build/obstacle_detection -- -j8 -l8
[20.204s] DEBUG:colcon.colcon_core.event_handler.log_command:Invoked command in '/home/nuc-bt/ros2_ws/src/drive/obstacle_detection/build/obstacle_detection' returned '0': AMENT_PREFIX_PATH=/home/nuc-bt/ros2_ws/src/drive/obstacle_detection/install/obstacle_msgs:${AMENT_PREFIX_PATH} CMAKE_PREFIX_PATH=/home/nuc-bt/ros2_ws/src/drive/obstacle_detection/install/obstacle_msgs:/opt/ros/humble LD_LIBRARY_PATH=/home/nuc-bt/ros2_ws/src/drive/obstacle_detection/install/obstacle_msgs/lib:${LD_LIBRARY_PATH} PYTHONPATH=/home/nuc-bt/ros2_ws/src/drive/obstacle_detection/install/obstacle_msgs/local/lib/python3.10/dist-packages:${PYTHONPATH} /usr/bin/cmake --build /home/nuc-bt/ros2_ws/src/drive/obstacle_detection/build/obstacle_detection -- -j8 -l8
[20.227s] DEBUG:colcon.colcon_core.event_handler.log_command:Invoking command in '/home/nuc-bt/ros2_ws/src/drive/obstacle_detection/build/obstacle_detection': AMENT_PREFIX_PATH=/home/nuc-bt/ros2_ws/src/drive/obstacle_detection/install/obstacle_msgs:${AMENT_PREFIX_PATH} CMAKE_PREFIX_PATH=/home/nuc-bt/ros2_ws/src/drive/obstacle_detection/install/obstacle_msgs:/opt/ros/humble LD_LIBRARY_PATH=/home/nuc-bt/ros2_ws/src/drive/obstacle_detection/install/obstacle_msgs/lib:${LD_LIBRARY_PATH} PYTHONPATH=/home/nuc-bt/ros2_ws/src/drive/obstacle_detection/install/obstacle_msgs/local/lib/python3.10/dist-packages:${PYTHONPATH} /usr/bin/cmake --install /home/nuc-bt/ros2_ws/src/drive/obstacle_detection/build/obstacle_detection
[20.243s] Level 1:colcon.colcon_core.environment:create_environment_scripts_only(obstacle_detection)
[20.244s] DEBUG:colcon.colcon_core.event_handler.log_command:Invoked command in '/home/nuc-bt/ros2_ws/src/drive/obstacle_detection/build/obstacle_detection' returned '0': AMENT_PREFIX_PATH=/home/nuc-bt/ros2_ws/src/drive/obstacle_detection/install/obstacle_msgs:${AMENT_PREFIX_PATH} CMAKE_PREFIX_PATH=/home/nuc-bt/ros2_ws/src/drive/obstacle_detection/install/obstacle_msgs:/opt/ros/humble LD_LIBRARY_PATH=/home/nuc-bt/ros2_ws/src/drive/obstacle_detection/install/obstacle_msgs/lib:${LD_LIBRARY_PATH} PYTHONPATH=/home/nuc-bt/ros2_ws/src/drive/obstacle_detection/install/obstacle_msgs/local/lib/python3.10/dist-packages:${PYTHONPATH} /usr/bin/cmake --install /home/nuc-bt/ros2_ws/src/drive/obstacle_detection/build/obstacle_detection
[20.254s] Level 1:colcon.colcon_core.environment:checking '/home/nuc-bt/ros2_ws/src/drive/obstacle_detection/install/obstacle_detection' for CMake module files
[20.255s] Level 1:colcon.colcon_core.environment:checking '/home/nuc-bt/ros2_ws/src/drive/obstacle_detection/install/obstacle_detection' for CMake config files
[20.255s] Level 1:colcon.colcon_core.shell:create_environment_hook('obstacle_detection', 'cmake_prefix_path')
[20.266s] INFO:colcon.colcon_core.shell:Creating environment hook '/home/nuc-bt/ros2_ws/src/drive/obstacle_detection/install/obstacle_detection/share/obstacle_detection/hook/cmake_prefix_path.ps1'
[20.266s] INFO:colcon.colcon_core.shell:Creating environment descriptor '/home/nuc-bt/ros2_ws/src/drive/obstacle_detection/install/obstacle_detection/share/obstacle_detection/hook/cmake_prefix_path.dsv'
[20.266s] INFO:colcon.colcon_core.shell:Creating environment hook '/home/nuc-bt/ros2_ws/src/drive/obstacle_detection/install/obstacle_detection/share/obstacle_detection/hook/cmake_prefix_path.sh'
[20.267s] Level 1:colcon.colcon_core.environment:checking '/home/nuc-bt/ros2_ws/src/drive/obstacle_detection/install/obstacle_detection/lib'
[20.267s] Level 1:colcon.colcon_core.environment:checking '/home/nuc-bt/ros2_ws/src/drive/obstacle_detection/install/obstacle_detection/bin'
[20.267s] Level 1:colcon.colcon_core.environment:checking '/home/nuc-bt/ros2_ws/src/drive/obstacle_detection/install/obstacle_detection/lib/pkgconfig/obstacle_detection.pc'
[20.267s] Level 1:colcon.colcon_core.environment:checking '/home/nuc-bt/ros2_ws/src/drive/obstacle_detection/install/obstacle_detection/lib/python3.10/site-packages'
[20.267s] Level 1:colcon.colcon_core.environment:checking '/home/nuc-bt/ros2_ws/src/drive/obstacle_detection/install/obstacle_detection/bin'
[20.276s] INFO:colcon.colcon_core.shell:Creating package script '/home/nuc-bt/ros2_ws/src/drive/obstacle_detection/install/obstacle_detection/share/obstacle_detection/package.ps1'
[20.276s] INFO:colcon.colcon_core.shell:Creating package descriptor '/home/nuc-bt/ros2_ws/src/drive/obstacle_detection/install/obstacle_detection/share/obstacle_detection/package.dsv'
[20.276s] INFO:colcon.colcon_core.shell:Creating package script '/home/nuc-bt/ros2_ws/src/drive/obstacle_detection/install/obstacle_detection/share/obstacle_detection/package.sh'
[20.277s] INFO:colcon.colcon_core.shell:Creating package script '/home/nuc-bt/ros2_ws/src/drive/obstacle_detection/install/obstacle_detection/share/obstacle_detection/package.bash'
[20.277s] INFO:colcon.colcon_core.shell:Creating package script '/home/nuc-bt/ros2_ws/src/drive/obstacle_detection/install/obstacle_detection/share/obstacle_detection/package.zsh'
[20.277s] Level 1:colcon.colcon_core.environment:create_file_with_runtime_dependencies(/home/nuc-bt/ros2_ws/src/drive/obstacle_detection/install/obstacle_detection/share/colcon-core/packages/obstacle_detection)
[20.308s] Level 1:colcon.colcon_core.environment:create_environment_scripts_only(obstacle_detection)
[20.318s] Level 1:colcon.colcon_core.environment:checking '/home/nuc-bt/ros2_ws/src/drive/obstacle_detection/install/obstacle_detection' for CMake module files
[20.319s] Level 1:colcon.colcon_core.environment:checking '/home/nuc-bt/ros2_ws/src/drive/obstacle_detection/install/obstacle_detection' for CMake config files
[20.319s] Level 1:colcon.colcon_core.shell:create_environment_hook('obstacle_detection', 'cmake_prefix_path')
[20.328s] INFO:colcon.colcon_core.shell:Creating environment hook '/home/nuc-bt/ros2_ws/src/drive/obstacle_detection/install/obstacle_detection/share/obstacle_detection/hook/cmake_prefix_path.ps1'
[20.329s] INFO:colcon.colcon_core.shell:Creating environment descriptor '/home/nuc-bt/ros2_ws/src/drive/obstacle_detection/install/obstacle_detection/share/obstacle_detection/hook/cmake_prefix_path.dsv'
[20.329s] INFO:colcon.colcon_core.shell:Creating environment hook '/home/nuc-bt/ros2_ws/src/drive/obstacle_detection/install/obstacle_detection/share/obstacle_detection/hook/cmake_prefix_path.sh'
[20.330s] Level 1:colcon.colcon_core.environment:checking '/home/nuc-bt/ros2_ws/src/drive/obstacle_detection/install/obstacle_detection/lib'
[20.330s] Level 1:colcon.colcon_core.environment:checking '/home/nuc-bt/ros2_ws/src/drive/obstacle_detection/install/obstacle_detection/bin'
[20.330s] Level 1:colcon.colcon_core.environment:checking '/home/nuc-bt/ros2_ws/src/drive/obstacle_detection/install/obstacle_detection/lib/pkgconfig/obstacle_detection.pc'
[20.330s] Level 1:colcon.colcon_core.environment:checking '/home/nuc-bt/ros2_ws/src/drive/obstacle_detection/install/obstacle_detection/lib/python3.10/site-packages'
[20.330s] Level 1:colcon.colcon_core.environment:checking '/home/nuc-bt/ros2_ws/src/drive/obstacle_detection/install/obstacle_detection/bin'
[20.339s] INFO:colcon.colcon_core.shell:Creating package script '/home/nuc-bt/ros2_ws/src/drive/obstacle_detection/install/obstacle_detection/share/obstacle_detection/package.ps1'
[20.339s] INFO:colcon.colcon_core.shell:Creating package descriptor '/home/nuc-bt/ros2_ws/src/drive/obstacle_detection/install/obstacle_detection/share/obstacle_detection/package.dsv'
[20.339s] INFO:colcon.colcon_core.shell:Creating package script '/home/nuc-bt/ros2_ws/src/drive/obstacle_detection/install/obstacle_detection/share/obstacle_detection/package.sh'
[20.339s] INFO:colcon.colcon_core.shell:Creating package script '/home/nuc-bt/ros2_ws/src/drive/obstacle_detection/install/obstacle_detection/share/obstacle_detection/package.bash'
[20.340s] INFO:colcon.colcon_core.shell:Creating package script '/home/nuc-bt/ros2_ws/src/drive/obstacle_detection/install/obstacle_detection/share/obstacle_detection/package.zsh'
[20.340s] Level 1:colcon.colcon_core.environment:create_file_with_runtime_dependencies(/home/nuc-bt/ros2_ws/src/drive/obstacle_detection/install/obstacle_detection/share/colcon-core/packages/obstacle_detection)
[20.340s] DEBUG:colcon.colcon_parallel_executor.executor.parallel:closing loop
[20.340s] DEBUG:colcon.colcon_parallel_executor.executor.parallel:loop closed
[20.341s] DEBUG:colcon.colcon_parallel_executor.executor.parallel:run_until_complete finished with '0'
[20.341s] DEBUG:colcon.colcon_core.event_reactor:joining thread
[20.355s] INFO:colcon.colcon_core.plugin_system:Skipping extension 'colcon_notification.desktop_notification.terminal_notifier': Not used on non-Darwin systems
[20.355s] INFO:colcon.colcon_core.plugin_system:Skipping extension 'colcon_notification.desktop_notification.win32': Not used on non-Windows systems
[20.355s] INFO:colcon.colcon_notification.desktop_notification:Sending desktop notification using 'notify2'
[23.344s] DEBUG:colcon.colcon_notification.desktop_notification.notify2:Failed to initialize notify2: org.freedesktop.DBus.Error.TimedOut: Failed to activate service 'org.freedesktop.Notifications': timed out (service_start_timeout=120000ms)
[23.344s] DEBUG:colcon.colcon_core.event_reactor:joined thread
[23.370s] INFO:colcon.colcon_core.shell:Creating prefix script '/home/nuc-bt/ros2_ws/src/drive/obstacle_detection/install/local_setup.ps1'
[23.372s] INFO:colcon.colcon_core.shell:Creating prefix util module '/home/nuc-bt/ros2_ws/src/drive/obstacle_detection/install/_local_setup_util_ps1.py'
[23.373s] INFO:colcon.colcon_core.shell:Creating prefix chain script '/home/nuc-bt/ros2_ws/src/drive/obstacle_detection/install/setup.ps1'
[23.390s] INFO:colcon.colcon_core.shell:Creating prefix script '/home/nuc-bt/ros2_ws/src/drive/obstacle_detection/install/local_setup.sh'
[23.390s] INFO:colcon.colcon_core.shell:Creating prefix util module '/home/nuc-bt/ros2_ws/src/drive/obstacle_detection/install/_local_setup_util_sh.py'
[23.391s] INFO:colcon.colcon_core.shell:Creating prefix chain script '/home/nuc-bt/ros2_ws/src/drive/obstacle_detection/install/setup.sh'
[23.404s] INFO:colcon.colcon_core.shell:Creating prefix script '/home/nuc-bt/ros2_ws/src/drive/obstacle_detection/install/local_setup.bash'
[23.404s] INFO:colcon.colcon_core.shell:Creating prefix chain script '/home/nuc-bt/ros2_ws/src/drive/obstacle_detection/install/setup.bash'
[23.414s] INFO:colcon.colcon_core.shell:Creating prefix script '/home/nuc-bt/ros2_ws/src/drive/obstacle_detection/install/local_setup.zsh'
[23.414s] INFO:colcon.colcon_core.shell:Creating prefix chain script '/home/nuc-bt/ros2_ws/src/drive/obstacle_detection/install/setup.zsh'
